Using pre-set license
Built from '2021.3/staging' branch; Version is '2021.3.4f1 (cb45f9cae8b7) revision 13321721'; Using compiler version '192829333'; Build Type 'Release'
OS: 'Windows 11  (10.0.22621) 64bit Professional' Language: 'ru' Physical Memory: 16236 MB
BatchMode: 1, IsHumanControllingUs: 0, StartBugReporterOnCrash: 0, Is64bit: 1, IsPro: 1

COMMAND LINE ARGUMENTS:
C:\Program Files\Unity\Hub\Editor\2021.3.4f1\Editor\Unity.exe
-adb2
-batchMode
-noUpm
-name
AssetImportWorker5
-projectPath
D:/_Games Production/Learning/Game Engines/Unity/U.city-builder
-logFile
Logs/AssetImportWorker5.log
-srvPort
58588
Successfully changed project path to: D:/_Games Production/Learning/Game Engines/Unity/U.city-builder
D:/_Games Production/Learning/Game Engines/Unity/U.city-builder
[UnityMemory] Configuration Parameters - Can be set up in boot.config
    "memorysetup-bucket-allocator-granularity=16"
    "memorysetup-bucket-allocator-bucket-count=8"
    "memorysetup-bucket-allocator-block-size=33554432"
    "memorysetup-bucket-allocator-block-count=8"
    "memorysetup-main-allocator-block-size=16777216"
    "memorysetup-thread-allocator-block-size=16777216"
    "memorysetup-gfx-main-allocator-block-size=16777216"
    "memorysetup-gfx-thread-allocator-block-size=16777216"
    "memorysetup-cache-allocator-block-size=4194304"
    "memorysetup-typetree-allocator-block-size=2097152"
    "memorysetup-profiler-bucket-allocator-granularity=16"
    "memorysetup-profiler-bucket-allocator-bucket-count=8"
    "memorysetup-profiler-bucket-allocator-block-size=33554432"
    "memorysetup-profiler-bucket-allocator-block-count=8"
    "memorysetup-profiler-allocator-block-size=16777216"
    "memorysetup-profiler-editor-allocator-block-size=1048576"
    "memorysetup-temp-allocator-size-main=16777216"
    "memorysetup-job-temp-allocator-block-size=2097152"
    "memorysetup-job-temp-allocator-block-size-background=1048576"
    "memorysetup-job-temp-allocator-reduction-small-platforms=262144"
    "memorysetup-temp-allocator-size-background-worker=32768"
    "memorysetup-temp-allocator-size-job-worker=262144"
    "memorysetup-temp-allocator-size-preload-manager=33554432"
    "memorysetup-temp-allocator-size-nav-mesh-worker=65536"
    "memorysetup-temp-allocator-size-audio-worker=65536"
    "memorysetup-temp-allocator-size-cloud-worker=32768"
    "memorysetup-temp-allocator-size-gi-baking-worker=262144"
    "memorysetup-temp-allocator-size-gfx=262144"
Refreshing native plugins compatible for Editor in 107.10 ms, found 3 plugins.
Preloading 0 native plugins for Editor in 0.00 ms.
Initialize engine version: 2021.3.4f1 (cb45f9cae8b7)
[Subsystems] Discovering subsystems at path C:/Program Files/Unity/Hub/Editor/2021.3.4f1/Editor/Data/Resources/UnitySubsystems
[Subsystems] Discovering subsystems at path D:/_Games Production/Learning/Game Engines/Unity/U.city-builder/Assets
GfxDevice: creating device client; threaded=0; jobified=0
Direct3D:
    Version:  Direct3D 11.0 [level 11.1]
    Renderer: NVIDIA GeForce RTX 3060 Laptop GPU (ID=0x2560)
    Vendor:   NVIDIA
    VRAM:     6023 MB
    Driver:   30.0.15.1277
Initialize mono
Mono path[0] = 'C:/Program Files/Unity/Hub/Editor/2021.3.4f1/Editor/Data/Managed'
Mono path[1] = 'C:/Program Files/Unity/Hub/Editor/2021.3.4f1/Editor/Data/MonoBleedingEdge/lib/mono/unityjit-win32'
Mono config path = 'C:/Program Files/Unity/Hub/Editor/2021.3.4f1/Editor/Data/MonoBleedingEdge/etc'
Using monoOptions --debugger-agent=transport=dt_socket,embedding=1,server=y,suspend=n,address=127.0.0.1:56876
Begin MonoManager ReloadAssembly
Registering precompiled unity dll's ...
Register platform support module: C:/Program Files/Unity/Hub/Editor/2021.3.4f1/Editor/Data/PlaybackEngines/WebGLSupport/UnityEditor.WebGL.Extensions.dll
Register platform support module: C:/Program Files/Unity/Hub/Editor/2021.3.4f1/Editor/Data/PlaybackEngines/WindowsStandaloneSupport/UnityEditor.WindowsStandalone.Extensions.dll
Registered in 0.007647 seconds.
Native extension for WindowsStandalone target not found
Native extension for WebGL target not found
Refreshing native plugins compatible for Editor in 85.75 ms, found 3 plugins.
Preloading 0 native plugins for Editor in 0.00 ms.
Mono: successfully reloaded assembly
- Completed reload, in  0.577 seconds
Domain Reload Profiling:
	ReloadAssembly (578ms)
		BeginReloadAssembly (66ms)
			ExecutionOrderSort (0ms)
			DisableScriptedObjects (0ms)
			BackupInstance (0ms)
			ReleaseScriptingObjects (0ms)
			CreateAndSetChildDomain (1ms)
		EndReloadAssembly (412ms)
			LoadAssemblies (64ms)
			RebuildTransferFunctionScriptingTraits (0ms)
			SetupTypeCache (82ms)
			ReleaseScriptCaches (0ms)
			RebuildScriptCaches (23ms)
			SetupLoadedEditorAssemblies (262ms)
				LogAssemblyErrors (0ms)
				InitializePlatformSupportModulesInManaged (9ms)
				SetLoadedEditorAssemblies (0ms)
				RefreshPlugins (86ms)
				BeforeProcessingInitializeOnLoad (1ms)
				ProcessInitializeOnLoadAttributes (124ms)
				ProcessInitializeOnLoadMethodAttributes (41ms)
				AfterProcessingInitializeOnLoad (0ms)
				EditorAssembliesLoaded (0ms)
			ExecutionOrderSort2 (0ms)
			AwakeInstancesAfterBackupRestoration (0ms)
Platform modules already initialized, skipping
Registering precompiled user dll's ...
Registered in 0.004168 seconds.
Begin MonoManager ReloadAssembly
Symbol file LoadedFromMemory doesn't match image D:\_Games Production\Learning\Game Engines\Unity\U.city-builder\Library\PackageCache\com.unity.visualscripting@1.7.8\Editor\VisualScripting.Core\Dependencies\YamlDotNet\Unity.VisualScripting.YamlDotNet.dll
Symbol file LoadedFromMemory doesn't match image D:\_Games Production\Learning\Game Engines\Unity\U.city-builder\Library\PackageCache\com.unity.visualscripting@1.7.8\Editor\VisualScripting.Core\Dependencies\DotNetZip\Unity.VisualScripting.IonicZip.dll
Native extension for WindowsStandalone target not found
Native extension for WebGL target not found
Refreshing native plugins compatible for Editor in 89.10 ms, found 3 plugins.
Preloading 0 native plugins for Editor in 0.00 ms.
Mono: successfully reloaded assembly
- Completed reload, in  1.138 seconds
Domain Reload Profiling:
	ReloadAssembly (1138ms)
		BeginReloadAssembly (95ms)
			ExecutionOrderSort (0ms)
			DisableScriptedObjects (5ms)
			BackupInstance (0ms)
			ReleaseScriptingObjects (0ms)
			CreateAndSetChildDomain (19ms)
		EndReloadAssembly (944ms)
			LoadAssemblies (76ms)
			RebuildTransferFunctionScriptingTraits (0ms)
			SetupTypeCache (211ms)
			ReleaseScriptCaches (1ms)
			RebuildScriptCaches (57ms)
			SetupLoadedEditorAssemblies (554ms)
				LogAssemblyErrors (0ms)
				InitializePlatformSupportModulesInManaged (6ms)
				SetLoadedEditorAssemblies (0ms)
				RefreshPlugins (89ms)
				BeforeProcessingInitializeOnLoad (100ms)
				ProcessInitializeOnLoadAttributes (280ms)
				ProcessInitializeOnLoadMethodAttributes (72ms)
				AfterProcessingInitializeOnLoad (7ms)
				EditorAssembliesLoaded (0ms)
			ExecutionOrderSort2 (0ms)
			AwakeInstancesAfterBackupRestoration (11ms)
Platform modules already initialized, skipping
========================================================================
Worker process is ready to serve import requests
Launched and connected shader compiler UnityShaderCompiler.exe after 0.12 seconds
Refreshing native plugins compatible for Editor in 1.06 ms, found 3 plugins.
Preloading 0 native plugins for Editor in 0.00 ms.
Unloading 5019 Unused Serialized files (Serialized files now loaded: 0)
Unloading 34 unused Assets / (0.7 MB). Loaded Objects now: 5472.
Memory consumption went from 196.4 MB to 195.7 MB.
Total: 4.777300 ms (FindLiveObjects: 0.411800 ms CreateObjectMapping: 0.166200 ms MarkObjects: 3.891100 ms  DeleteObjects: 0.307000 ms)

AssetImportParameters requested are different than current active one (requested -> active):
  custom:video-decoder-ogg-theora: a1e56fd34408186e4bbccfd4996cb3dc -> 
  custom:container-muxer-webm: aa71ff27fc2769a1b78a27578f13a17b -> 
  custom:container-demuxer-webm: 4f35f7cbe854078d1ac9338744f61a02 -> 
  custom:video-encoder-webm-vp8: eb34c28f22e8b96e1ab97ce403110664 -> 
  custom:audio-encoder-webm-vorbis: bf7c407c2cedff20999df2af8eb42d56 -> 
  custom:framework-win-MediaFoundation: 216162199b28c13a410421893ffa2e32 -> 
  custom:container-demuxer-ogg: 62fdf1f143b41e24485cea50d1cbac27 -> 
  custom:video-decoder-webm-vp8: 9c59270c3fd7afecdb556c50c9e8de78 -> 
  custom:audio-decoder-ogg-vorbis: bf7c407c2cedff20999df2af8eb42d56 -> 
========================================================================
Received Import Request.
  Time since last request: 359900.148513 seconds.
  path: Assets/Models/Animated Men Characters - Feb 2019/FBX/Male_Suit.fbx
  artifactKey: Guid(27178c9eaba2f8f488645dd1e107273d) Importer(815301076,1909f56bfc062723c751e8b465ee728b)
Start importing Assets/Models/Animated Men Characters - Feb 2019/FBX/Male_Suit.fbx using Guid(27178c9eaba2f8f488645dd1e107273d) Importer(815301076,1909f56bfc062723c751e8b465ee728b)  -> (artifact id: '5838e2f040f05e3d1434916da3a1b2d8') in 1.429069 seconds 
========================================================================
Received Import Request.
  Time since last request: 1.502412 seconds.
  path: Assets/Models/Animated Women Characters - Feb 2019/FBX/Female_TankTop.fbx
  artifactKey: Guid(0e504862f77be72449856b9aeeb9b903) Importer(815301076,1909f56bfc062723c751e8b465ee728b)
Start importing Assets/Models/Animated Women Characters - Feb 2019/FBX/Female_TankTop.fbx using Guid(0e504862f77be72449856b9aeeb9b903) Importer(815301076,1909f56bfc062723c751e8b465ee728b)  -> (artifact id: '2cf7d049c9caedd5d0cc78c13274ecd4') in 0.130138 seconds 
========================================================================
Received Import Request.
  Time since last request: 0.000042 seconds.
  path: Assets/Models/Animated Women Characters - Feb 2019/FBX/Smooth_Female_Dress.fbx
  artifactKey: Guid(c8ead1aa6da6d764396268b2c423d785) Importer(815301076,1909f56bfc062723c751e8b465ee728b)
Start importing Assets/Models/Animated Women Characters - Feb 2019/FBX/Smooth_Female_Dress.fbx using Guid(c8ead1aa6da6d764396268b2c423d785) Importer(815301076,1909f56bfc062723c751e8b465ee728b)  -> (artifact id: '74481589772345198012bb55802295a3') in 0.082459 seconds 
========================================================================
Received Import Request.
  Time since last request: 5.071462 seconds.
  path: Assets/Models/Buildings pack by @Quaternius/FBX/Hospital.fbx
  artifactKey: Guid(9a50b1bb3b2f8c44f9aa9925b541ea41) Importer(815301076,1909f56bfc062723c751e8b465ee728b)
Start importing Assets/Models/Buildings pack by @Quaternius/FBX/Hospital.fbx using Guid(9a50b1bb3b2f8c44f9aa9925b541ea41) Importer(815301076,1909f56bfc062723c751e8b465ee728b)  -> (artifact id: '125e8fc7b74f46ce542e19fc3b5e17f3') in 0.048209 seconds 
========================================================================
Received Import Request.
  Time since last request: 0.000038 seconds.
  path: Assets/Models/Buildings pack by @Quaternius/FBX/House2.fbx
  artifactKey: Guid(1aa4db07f3574ea439da2705bef8f410) Importer(815301076,1909f56bfc062723c751e8b465ee728b)
Start importing Assets/Models/Buildings pack by @Quaternius/FBX/House2.fbx using Guid(1aa4db07f3574ea439da2705bef8f410) Importer(815301076,1909f56bfc062723c751e8b465ee728b)  -> (artifact id: '00ef54c5c48655b87511ba17e08a138f') in 0.100366 seconds 
========================================================================
Received Import Request.
  Time since last request: 0.000033 seconds.
  path: Assets/Models/Buildings pack by @Quaternius/FBX/House.fbx
  artifactKey: Guid(1a1ab1db59f20c04785a9552d5eb1fb6) Importer(815301076,1909f56bfc062723c751e8b465ee728b)
Start importing Assets/Models/Buildings pack by @Quaternius/FBX/House.fbx using Guid(1a1ab1db59f20c04785a9552d5eb1fb6) Importer(815301076,1909f56bfc062723c751e8b465ee728b)  -> (artifact id: '0bdc71a1b021268fb603e6857e0cc3db') in 0.046172 seconds 
========================================================================
Received Import Request.
  Time since last request: 11.323074 seconds.
  path: Assets/Models/Buildings pack by @Quaternius/Textures/HouseMaterial 4.mat
  artifactKey: Guid(6412bc034c734624cac56ef02a581215) Importer(815301076,1909f56bfc062723c751e8b465ee728b)
Start importing Assets/Models/Buildings pack by @Quaternius/Textures/HouseMaterial 4.mat using Guid(6412bc034c734624cac56ef02a581215) Importer(815301076,1909f56bfc062723c751e8b465ee728b)  -> (artifact id: 'f3573ea073b66450ba5cd06e640b8b6e') in 0.036400 seconds 
========================================================================
Received Import Request.
  Time since last request: 0.000025 seconds.
  path: Assets/Models/Buildings pack by @Quaternius/Textures/Shop.png
  artifactKey: Guid(1b5222cef6eabb946b75df8c0a30e322) Importer(815301076,1909f56bfc062723c751e8b465ee728b)
Start importing Assets/Models/Buildings pack by @Quaternius/Textures/Shop.png using Guid(1b5222cef6eabb946b75df8c0a30e322) Importer(815301076,1909f56bfc062723c751e8b465ee728b)  -> (artifact id: '9ae532d29bdc30f537a264e64d51bd15') in 0.032546 seconds 
========================================================================
Received Import Request.
  Time since last request: 13.414594 seconds.
  path: Assets/Models/Buildings packs 3/FBX/Fence.fbx
  artifactKey: Guid(44c8d510ad5a3a142acf6e261e41c899) Importer(815301076,1909f56bfc062723c751e8b465ee728b)
Start importing Assets/Models/Buildings packs 3/FBX/Fence.fbx using Guid(44c8d510ad5a3a142acf6e261e41c899) Importer(815301076,1909f56bfc062723c751e8b465ee728b)  -> (artifact id: '7320cdbad51c522602fc6c08247c5615') in 0.028464 seconds 
========================================================================
Received Import Request.
  Time since last request: 0.000036 seconds.
  path: Assets/Models/Buildings packs 3/FBX/Silo.fbx
  artifactKey: Guid(fb346f4d10fb42d4d92a7fe89602ee0f) Importer(815301076,1909f56bfc062723c751e8b465ee728b)
Start importing Assets/Models/Buildings packs 3/FBX/Silo.fbx using Guid(fb346f4d10fb42d4d92a7fe89602ee0f) Importer(815301076,1909f56bfc062723c751e8b465ee728b)  -> (artifact id: '407b6b6badb3d193cec9d59db67ac201') in 0.064946 seconds 
========================================================================
Received Import Request.
  Time since last request: 0.000036 seconds.
  path: Assets/Models/Buildings packs 3/FBX/WaterTower.fbx
  artifactKey: Guid(97e1332091365d94288b130d8ef25400) Importer(815301076,1909f56bfc062723c751e8b465ee728b)
Start importing Assets/Models/Buildings packs 3/FBX/WaterTower.fbx using Guid(97e1332091365d94288b130d8ef25400) Importer(815301076,1909f56bfc062723c751e8b465ee728b)  -> (artifact id: '66cfcde873c165035278b3cdf486123c') in 0.047762 seconds 
========================================================================
Received Import Request.
  Time since last request: 0.000063 seconds.
  path: Assets/Models/Buildings packs 3/FBX/TowerWindmill.fbx
  artifactKey: Guid(a28eca12abcc1a94781bbbf74255e732) Importer(815301076,1909f56bfc062723c751e8b465ee728b)
Start importing Assets/Models/Buildings packs 3/FBX/TowerWindmill.fbx using Guid(a28eca12abcc1a94781bbbf74255e732) Importer(815301076,1909f56bfc062723c751e8b465ee728b)  -> (artifact id: '1a224b4146236606f63f2c9ea6626f32') in 0.092130 seconds 
========================================================================
Received Import Request.
  Time since last request: 2.384406 seconds.
  path: Assets/Models/Cloud Pack - Jun 2016/Blends/Cloud3.blend
  artifactKey: Guid(15d808f4e578eb6488a9078fe5e4385b) Importer(815301076,1909f56bfc062723c751e8b465ee728b)
Start importing Assets/Models/Cloud Pack - Jun 2016/Blends/Cloud3.blend using Guid(15d808f4e578eb6488a9078fe5e4385b) Importer(815301076,1909f56bfc062723c751e8b465ee728b)  -> (artifact id: 'b1b3452751f9053af2db6edb58e4f2ac') in 0.082282 seconds 
========================================================================
Received Import Request.
  Time since last request: 0.000025 seconds.
  path: Assets/Models/Cloud Pack - Jun 2016/Blends/Cloud4.blend
  artifactKey: Guid(57cd6f97e8ed7b847880df5cc6abd593) Importer(815301076,1909f56bfc062723c751e8b465ee728b)
Start importing Assets/Models/Cloud Pack - Jun 2016/Blends/Cloud4.blend using Guid(57cd6f97e8ed7b847880df5cc6abd593) Importer(815301076,1909f56bfc062723c751e8b465ee728b)  -> (artifact id: '7381dea5b6591d5aff71a8625cd3fe91') in 0.054714 seconds 
========================================================================
Received Import Request.
  Time since last request: 0.000041 seconds.
  path: Assets/Models/Cloud Pack - Jun 2016/Blends/Cloud8.blend
  artifactKey: Guid(ef338525bce86cd44ab42767551d5c9c) Importer(815301076,1909f56bfc062723c751e8b465ee728b)
Start importing Assets/Models/Cloud Pack - Jun 2016/Blends/Cloud8.blend using Guid(ef338525bce86cd44ab42767551d5c9c) Importer(815301076,1909f56bfc062723c751e8b465ee728b)  -> (artifact id: '9bfe13fbd55735310067f1f038083b09') in 0.027082 seconds 
========================================================================
Received Import Request.
  Time since last request: 3.709026 seconds.
  path: Assets/Models/Farm Animals Animated  - Jun 2018/FBX/Pig.fbx
  artifactKey: Guid(1dd7f0980b9b0934dafdb066c80c1816) Importer(815301076,1909f56bfc062723c751e8b465ee728b)
Start importing Assets/Models/Farm Animals Animated  - Jun 2018/FBX/Pig.fbx using Guid(1dd7f0980b9b0934dafdb066c80c1816) Importer(815301076,1909f56bfc062723c751e8b465ee728b)  -> (artifact id: '9db4d6956351b5a4b6f3574b78a16a2c') in 0.047605 seconds 
========================================================================
Received Import Request.
  Time since last request: 0.000040 seconds.
  path: Assets/Models/Farm Animals Animated  - Jun 2018/FBX/Pug.fbx
  artifactKey: Guid(a91fcb2d6da15c84280a3db00edec87c) Importer(815301076,1909f56bfc062723c751e8b465ee728b)
Start importing Assets/Models/Farm Animals Animated  - Jun 2018/FBX/Pug.fbx using Guid(a91fcb2d6da15c84280a3db00edec87c) Importer(815301076,1909f56bfc062723c751e8b465ee728b)  -> (artifact id: '42764e4f729aadf36e7e9630209ca51a') in 0.047492 seconds 
========================================================================
Received Import Request.
  Time since last request: 1.799963 seconds.
  path: Assets/Models/PowerUps - May 2016/Blends/Heart.blend
  artifactKey: Guid(e720df1611149614194c276e6328e610) Importer(815301076,1909f56bfc062723c751e8b465ee728b)
Start importing Assets/Models/PowerUps - May 2016/Blends/Heart.blend using Guid(e720df1611149614194c276e6328e610) Importer(815301076,1909f56bfc062723c751e8b465ee728b)  -> (artifact id: '49fe06b2ae0ff8a80b2b3581d1b90d4a') in 0.047679 seconds 
========================================================================
Received Import Request.
  Time since last request: 0.000026 seconds.
  path: Assets/Models/PowerUps - May 2016/Blends/SmallDiamond.blend
  artifactKey: Guid(f7fb4693e48d8264cba08fbbf41aa64e) Importer(815301076,1909f56bfc062723c751e8b465ee728b)
Start importing Assets/Models/PowerUps - May 2016/Blends/SmallDiamond.blend using Guid(f7fb4693e48d8264cba08fbbf41aa64e) Importer(815301076,1909f56bfc062723c751e8b465ee728b)  -> (artifact id: 'f6365efa50d429797dc54e14a66c5a3d') in 0.063642 seconds 
========================================================================
Received Import Request.
  Time since last request: 1.449235 seconds.
  path: Assets/Models/Roads/FBX/Street_3Way.fbx
  artifactKey: Guid(7dd22000e9c94604cba48949107a4f8f) Importer(815301076,1909f56bfc062723c751e8b465ee728b)
Start importing Assets/Models/Roads/FBX/Street_3Way.fbx using Guid(7dd22000e9c94604cba48949107a4f8f) Importer(815301076,1909f56bfc062723c751e8b465ee728b)  -> (artifact id: '980ab9242fd94121c3872bfa7bf430fb') in 0.105989 seconds 
========================================================================
Received Import Request.
  Time since last request: 0.000028 seconds.
  path: Assets/Models/Roads/FBX/TrafficLight_2.fbx
  artifactKey: Guid(cc7d67d913290e2498b3bc760475b521) Importer(815301076,1909f56bfc062723c751e8b465ee728b)
Start importing Assets/Models/Roads/FBX/TrafficLight_2.fbx using Guid(cc7d67d913290e2498b3bc760475b521) Importer(815301076,1909f56bfc062723c751e8b465ee728b)  -> (artifact id: '8146a22c6c8c5ee9d629f2ba7afba37d') in 0.194629 seconds 
========================================================================
Received Import Request.
  Time since last request: 0.000033 seconds.
  path: Assets/Models/Roads/FBX/Streets_all.fbx
  artifactKey: Guid(af67140de6a9e7346bf2e490bca26b6e) Importer(815301076,1909f56bfc062723c751e8b465ee728b)
Start importing Assets/Models/Roads/FBX/Streets_all.fbx using Guid(af67140de6a9e7346bf2e490bca26b6e) Importer(815301076,1909f56bfc062723c751e8b465ee728b)  -> (artifact id: '33977c1069de51543f08dd91f7256928') in 0.340160 seconds 
========================================================================
Received Import Request.
  Time since last request: 2.214052 seconds.
  path: Assets/Models/Ultimate Nature Pack/FBX/BirchTree_4.fbx
  artifactKey: Guid(85bdc04b3d7df6a4b8004cf1419a33b2) Importer(815301076,1909f56bfc062723c751e8b465ee728b)
Start importing Assets/Models/Ultimate Nature Pack/FBX/BirchTree_4.fbx using Guid(85bdc04b3d7df6a4b8004cf1419a33b2) Importer(815301076,1909f56bfc062723c751e8b465ee728b)  -> (artifact id: '1d582e4cc3beb492f9edf74933f029cd') in 0.096315 seconds 
========================================================================
Received Import Request.
  Time since last request: 0.000027 seconds.
  path: Assets/Models/Ultimate Nature Pack/FBX/CommonTree_4.fbx
  artifactKey: Guid(cb9bb1097c949a2479937b03ee277f1f) Importer(815301076,1909f56bfc062723c751e8b465ee728b)
Start importing Assets/Models/Ultimate Nature Pack/FBX/CommonTree_4.fbx using Guid(cb9bb1097c949a2479937b03ee277f1f) Importer(815301076,1909f56bfc062723c751e8b465ee728b)  -> (artifact id: 'd2ca14c1fd22d83eb5441c85bd92837c') in 0.063948 seconds 
========================================================================
Received Import Request.
  Time since last request: 0.000042 seconds.
  path: Assets/Models/Ultimate Nature Pack/FBX/CommonTree_Autumn_5.fbx
  artifactKey: Guid(0f15fd371db658e4284634837ff0a4c6) Importer(815301076,1909f56bfc062723c751e8b465ee728b)
Start importing Assets/Models/Ultimate Nature Pack/FBX/CommonTree_Autumn_5.fbx using Guid(0f15fd371db658e4284634837ff0a4c6) Importer(815301076,1909f56bfc062723c751e8b465ee728b)  -> (artifact id: '749c6ed321106773af4142f916a3a80a') in 0.053147 seconds 
========================================================================
Received Import Request.
  Time since last request: 0.000027 seconds.
  path: Assets/Models/Ultimate Nature Pack/FBX/BirchTree_Snow_4.fbx
  artifactKey: Guid(e83a78000b8bd8e47b4c29abf07548b5) Importer(815301076,1909f56bfc062723c751e8b465ee728b)
Start importing Assets/Models/Ultimate Nature Pack/FBX/BirchTree_Snow_4.fbx using Guid(e83a78000b8bd8e47b4c29abf07548b5) Importer(815301076,1909f56bfc062723c751e8b465ee728b)  -> (artifact id: '6a5239e2d3957d529b6db46eeac63e42') in 0.063856 seconds 
========================================================================
Received Import Request.
  Time since last request: 0.000037 seconds.
  path: Assets/Models/Ultimate Nature Pack/FBX/CactusFlowers_2.fbx
  artifactKey: Guid(d9b0e1d16391880449b0aa962fcb32c9) Importer(815301076,1909f56bfc062723c751e8b465ee728b)
Start importing Assets/Models/Ultimate Nature Pack/FBX/CactusFlowers_2.fbx using Guid(d9b0e1d16391880449b0aa962fcb32c9) Importer(815301076,1909f56bfc062723c751e8b465ee728b)  -> (artifact id: '43a205da2d2f85b92df2e1d4623108c5') in 0.040809 seconds 
========================================================================
Received Import Request.
  Time since last request: 0.000031 seconds.
  path: Assets/Models/Ultimate Nature Pack/FBX/BirchTree_Dead_4.fbx
  artifactKey: Guid(f501168a39aa21e4e814a876d03eef32) Importer(815301076,1909f56bfc062723c751e8b465ee728b)
Start importing Assets/Models/Ultimate Nature Pack/FBX/BirchTree_Dead_4.fbx using Guid(f501168a39aa21e4e814a876d03eef32) Importer(815301076,1909f56bfc062723c751e8b465ee728b)  -> (artifact id: '4e891f261f29b817b3ccc6f7da1afdd0') in 0.038857 seconds 
========================================================================
Received Import Request.
  Time since last request: 0.000034 seconds.
  path: Assets/Models/Ultimate Nature Pack/FBX/BushBerries_2.fbx
  artifactKey: Guid(457b497de674ca44794409e2c1a42e69) Importer(815301076,1909f56bfc062723c751e8b465ee728b)
Start importing Assets/Models/Ultimate Nature Pack/FBX/BushBerries_2.fbx using Guid(457b497de674ca44794409e2c1a42e69) Importer(815301076,1909f56bfc062723c751e8b465ee728b)  -> (artifact id: 'c31a9caf821db9a8448092dacdad3e87') in 0.045021 seconds 
========================================================================
Received Import Request.
  Time since last request: 0.000053 seconds.
  path: Assets/Models/Ultimate Nature Pack/FBX/CommonTree_2.fbx
  artifactKey: Guid(f3bf79697137c2a4ab9885a148b82771) Importer(815301076,1909f56bfc062723c751e8b465ee728b)
Start importing Assets/Models/Ultimate Nature Pack/FBX/CommonTree_2.fbx using Guid(f3bf79697137c2a4ab9885a148b82771) Importer(815301076,1909f56bfc062723c751e8b465ee728b)  -> (artifact id: '2bcf26ead40ffcd5e1a3f64621841b09') in 0.039825 seconds 
========================================================================
Received Import Request.
  Time since last request: 0.000031 seconds.
  path: Assets/Models/Ultimate Nature Pack/FBX/CommonTree_Snow_4.fbx
  artifactKey: Guid(e494c68390ef67b41b4f6bca841c02f4) Importer(815301076,1909f56bfc062723c751e8b465ee728b)
Start importing Assets/Models/Ultimate Nature Pack/FBX/CommonTree_Snow_4.fbx using Guid(e494c68390ef67b41b4f6bca841c02f4) Importer(815301076,1909f56bfc062723c751e8b465ee728b)  -> (artifact id: 'd236190974a79a7fd6027a38a7a49d20') in 0.060569 seconds 
========================================================================
Received Import Request.
  Time since last request: 0.000031 seconds.
  path: Assets/Models/Ultimate Nature Pack/FBX/BirchTree_Snow_1.fbx
  artifactKey: Guid(0f667f63ade29e44f80e9bcaf2e898ae) Importer(815301076,1909f56bfc062723c751e8b465ee728b)
Start importing Assets/Models/Ultimate Nature Pack/FBX/BirchTree_Snow_1.fbx using Guid(0f667f63ade29e44f80e9bcaf2e898ae) Importer(815301076,1909f56bfc062723c751e8b465ee728b)  -> (artifact id: '8e9d871360166164ec1b0b7ff8ddac78') in 0.068798 seconds 
========================================================================
Received Import Request.
  Time since last request: 0.000045 seconds.
  path: Assets/Models/Ultimate Nature Pack/FBX/CommonTree_Dead_Snow_4.fbx
  artifactKey: Guid(23cbad0480db54e43ac1e5fafb6a2c45) Importer(815301076,1909f56bfc062723c751e8b465ee728b)
Start importing Assets/Models/Ultimate Nature Pack/FBX/CommonTree_Dead_Snow_4.fbx using Guid(23cbad0480db54e43ac1e5fafb6a2c45) Importer(815301076,1909f56bfc062723c751e8b465ee728b)  -> (artifact id: '49fd6deffc29f88217c50120d9599889') in 0.041973 seconds 
========================================================================
Received Import Request.
  Time since last request: 0.000034 seconds.
  path: Assets/Models/Ultimate Nature Pack/FBX/BirchTree_Autumn_3.fbx
  artifactKey: Guid(34c6c31e49ae11c4ab9f237d4e788281) Importer(815301076,1909f56bfc062723c751e8b465ee728b)
Start importing Assets/Models/Ultimate Nature Pack/FBX/BirchTree_Autumn_3.fbx using Guid(34c6c31e49ae11c4ab9f237d4e788281) Importer(815301076,1909f56bfc062723c751e8b465ee728b)  -> (artifact id: 'c4569655d5e4815586e688bd094f0a4b') in 0.066932 seconds 
========================================================================
Received Import Request.
  Time since last request: 0.000041 seconds.
  path: Assets/Models/Ultimate Nature Pack/FBX/Cactus_1.fbx
  artifactKey: Guid(66dad971bff041543bd599098a68a1f0) Importer(815301076,1909f56bfc062723c751e8b465ee728b)
Start importing Assets/Models/Ultimate Nature Pack/FBX/Cactus_1.fbx using Guid(66dad971bff041543bd599098a68a1f0) Importer(815301076,1909f56bfc062723c751e8b465ee728b)  -> (artifact id: '42ab2f6203be542b2a5fcfa8a44cbd4e') in 0.039047 seconds 
========================================================================
Received Import Request.
  Time since last request: 0.000036 seconds.
  path: Assets/Models/Ultimate Nature Pack/FBX/CommonTree_Snow_5.fbx
  artifactKey: Guid(b07f0a9d71ca40b4f92dc72d987e4366) Importer(815301076,1909f56bfc062723c751e8b465ee728b)
Start importing Assets/Models/Ultimate Nature Pack/FBX/CommonTree_Snow_5.fbx using Guid(b07f0a9d71ca40b4f92dc72d987e4366) Importer(815301076,1909f56bfc062723c751e8b465ee728b)  -> (artifact id: '94d4149e578d4daf9fced599753a6c7b') in 0.048947 seconds 
========================================================================
Received Import Request.
  Time since last request: 0.000025 seconds.
  path: Assets/Models/Ultimate Nature Pack/FBX/BushBerries_1.fbx
  artifactKey: Guid(1a114557d3728464db8ca4e70ec12cde) Importer(815301076,1909f56bfc062723c751e8b465ee728b)
Start importing Assets/Models/Ultimate Nature Pack/FBX/BushBerries_1.fbx using Guid(1a114557d3728464db8ca4e70ec12cde) Importer(815301076,1909f56bfc062723c751e8b465ee728b)  -> (artifact id: 'bf2bfc87f81222c77db036aec877e4a5') in 0.042040 seconds 
========================================================================
Received Import Request.
  Time since last request: 0.000033 seconds.
  path: Assets/Models/Ultimate Nature Pack/FBX/PineTree_Snow_2.fbx
  artifactKey: Guid(375759ef12b2f6e41837d45cda020b4a) Importer(815301076,1909f56bfc062723c751e8b465ee728b)
Start importing Assets/Models/Ultimate Nature Pack/FBX/PineTree_Snow_2.fbx using Guid(375759ef12b2f6e41837d45cda020b4a) Importer(815301076,1909f56bfc062723c751e8b465ee728b)  -> (artifact id: 'c1b4f53b5b88dbc60977694840fb5d92') in 0.046628 seconds 
========================================================================
Received Import Request.
  Time since last request: 0.000034 seconds.
  path: Assets/Models/Ultimate Nature Pack/FBX/Plant_1.fbx
  artifactKey: Guid(36f900b4b2cf0474eac8bd3a5caaeab9) Importer(815301076,1909f56bfc062723c751e8b465ee728b)
Start importing Assets/Models/Ultimate Nature Pack/FBX/Plant_1.fbx using Guid(36f900b4b2cf0474eac8bd3a5caaeab9) Importer(815301076,1909f56bfc062723c751e8b465ee728b)  -> (artifact id: 'f5e9d975e73935a397bf146f6190a3c7') in 0.031272 seconds 
========================================================================
Received Import Request.
  Time since last request: 0.000044 seconds.
  path: Assets/Models/Ultimate Nature Pack/FBX/Corn_1.fbx
  artifactKey: Guid(4f0702b1f28814447a051da136b70d1d) Importer(815301076,1909f56bfc062723c751e8b465ee728b)
Start importing Assets/Models/Ultimate Nature Pack/FBX/Corn_1.fbx using Guid(4f0702b1f28814447a051da136b70d1d) Importer(815301076,1909f56bfc062723c751e8b465ee728b)  -> (artifact id: '343026a340a44384b77358fc791e0e64') in 0.032213 seconds 
========================================================================
Received Import Request.
  Time since last request: 0.000031 seconds.
  path: Assets/Models/Ultimate Nature Pack/FBX/PineTree_5.fbx
  artifactKey: Guid(42d25922c4533664ca6292942a7b4fc2) Importer(815301076,1909f56bfc062723c751e8b465ee728b)
Start importing Assets/Models/Ultimate Nature Pack/FBX/PineTree_5.fbx using Guid(42d25922c4533664ca6292942a7b4fc2) Importer(815301076,1909f56bfc062723c751e8b465ee728b)  -> (artifact id: '6d40d528431b54817f3ac033ce202327') in 0.041961 seconds 
========================================================================
Received Import Request.
  Time since last request: 0.000024 seconds.
  path: Assets/Models/Ultimate Nature Pack/FBX/Plant_5.fbx
  artifactKey: Guid(7d643b1a5b82f6a49885a2cc350ea105) Importer(815301076,1909f56bfc062723c751e8b465ee728b)
Start importing Assets/Models/Ultimate Nature Pack/FBX/Plant_5.fbx using Guid(7d643b1a5b82f6a49885a2cc350ea105) Importer(815301076,1909f56bfc062723c751e8b465ee728b)  -> (artifact id: 'ed401e5a5c0983542f31139efec48dc9') in 0.039986 seconds 
========================================================================
Received Import Request.
  Time since last request: 0.000031 seconds.
  path: Assets/Models/Ultimate Nature Pack/FBX/Rock_7.fbx
  artifactKey: Guid(2cb90bb0a4a365141819ef9f000dcf68) Importer(815301076,1909f56bfc062723c751e8b465ee728b)
Start importing Assets/Models/Ultimate Nature Pack/FBX/Rock_7.fbx using Guid(2cb90bb0a4a365141819ef9f000dcf68) Importer(815301076,1909f56bfc062723c751e8b465ee728b)  -> (artifact id: 'eba2db2199c1f604e5b7588846924656') in 0.035455 seconds 
========================================================================
Received Import Request.
  Time since last request: 0.000030 seconds.
  path: Assets/Models/Ultimate Nature Pack/FBX/Corn_2.fbx
  artifactKey: Guid(24b0bee7ef3766745a5155c5d5a979f9) Importer(815301076,1909f56bfc062723c751e8b465ee728b)
Start importing Assets/Models/Ultimate Nature Pack/FBX/Corn_2.fbx using Guid(24b0bee7ef3766745a5155c5d5a979f9) Importer(815301076,1909f56bfc062723c751e8b465ee728b)  -> (artifact id: 'c070e8f0449575567bbfd22c16d772a6') in 0.038938 seconds 
========================================================================
Received Import Request.
  Time since last request: 0.000033 seconds.
  path: Assets/Models/Ultimate Nature Pack/FBX/PineTree_Snow_5.fbx
  artifactKey: Guid(465477e827c3f00468084e3030a1b614) Importer(815301076,1909f56bfc062723c751e8b465ee728b)
Start importing Assets/Models/Ultimate Nature Pack/FBX/PineTree_Snow_5.fbx using Guid(465477e827c3f00468084e3030a1b614) Importer(815301076,1909f56bfc062723c751e8b465ee728b)  -> (artifact id: '463c4e18b0bef7b869724f6465cc4184') in 0.052337 seconds 
========================================================================
Received Import Request.
  Time since last request: 0.000050 seconds.
  path: Assets/Models/Ultimate Nature Pack/FBX/PalmTree_4.fbx
  artifactKey: Guid(40ca1b28a94a9df42a64c8ec1e63154c) Importer(815301076,1909f56bfc062723c751e8b465ee728b)
Start importing Assets/Models/Ultimate Nature Pack/FBX/PalmTree_4.fbx using Guid(40ca1b28a94a9df42a64c8ec1e63154c) Importer(815301076,1909f56bfc062723c751e8b465ee728b)  -> (artifact id: '60923c1a864084c5af29209d0b1abcc6') in 0.058665 seconds 
========================================================================
Received Import Request.
  Time since last request: 0.000034 seconds.
  path: Assets/Models/Ultimate Nature Pack/FBX/CactusFlowers_5.fbx
  artifactKey: Guid(b4d20d5a94571ac4498a75a34232bc4c) Importer(815301076,1909f56bfc062723c751e8b465ee728b)
Start importing Assets/Models/Ultimate Nature Pack/FBX/CactusFlowers_5.fbx using Guid(b4d20d5a94571ac4498a75a34232bc4c) Importer(815301076,1909f56bfc062723c751e8b465ee728b)  -> (artifact id: 'eb0c367a0584a16d62d28fe6a4cb9e7d') in 0.037960 seconds 
========================================================================
Received Import Request.
  Time since last request: 0.000033 seconds.
  path: Assets/Models/Ultimate Nature Pack/FBX/Rock_Snow_1.fbx
  artifactKey: Guid(9a0682fcc6f47364daf573be14458999) Importer(815301076,1909f56bfc062723c751e8b465ee728b)
Start importing Assets/Models/Ultimate Nature Pack/FBX/Rock_Snow_1.fbx using Guid(9a0682fcc6f47364daf573be14458999) Importer(815301076,1909f56bfc062723c751e8b465ee728b)  -> (artifact id: 'ff82ebea1e940c0250311c135dcadc03') in 0.044631 seconds 
========================================================================
Received Import Request.
  Time since last request: 0.000041 seconds.
  path: Assets/Models/Ultimate Nature Pack/FBX/Rock_Snow_3.fbx
  artifactKey: Guid(cd7c21b5e4d785e4e8a9ce754d3aa194) Importer(815301076,1909f56bfc062723c751e8b465ee728b)
Start importing Assets/Models/Ultimate Nature Pack/FBX/Rock_Snow_3.fbx using Guid(cd7c21b5e4d785e4e8a9ce754d3aa194) Importer(815301076,1909f56bfc062723c751e8b465ee728b)  -> (artifact id: 'a4e8b68b1a7bf4b0c44da34b363cbfaa') in 0.039830 seconds 
========================================================================
Received Import Request.
  Time since last request: 0.000035 seconds.
  path: Assets/Models/Ultimate Nature Pack/FBX/Wheat.fbx
  artifactKey: Guid(ed38c2ca35fee344a823bf29104977a6) Importer(815301076,1909f56bfc062723c751e8b465ee728b)
Start importing Assets/Models/Ultimate Nature Pack/FBX/Wheat.fbx using Guid(ed38c2ca35fee344a823bf29104977a6) Importer(815301076,1909f56bfc062723c751e8b465ee728b)  -> (artifact id: '49f6673e801d63b1616f16c8f598d993') in 0.030607 seconds 
========================================================================
Received Import Request.
  Time since last request: 0.000046 seconds.
  path: Assets/Models/Ultimate Nature Pack/FBX/Willow_Snow_2.fbx
  artifactKey: Guid(79c1b417919543b4199adf38638b29bd) Importer(815301076,1909f56bfc062723c751e8b465ee728b)
Start importing Assets/Models/Ultimate Nature Pack/FBX/Willow_Snow_2.fbx using Guid(79c1b417919543b4199adf38638b29bd) Importer(815301076,1909f56bfc062723c751e8b465ee728b)  -> (artifact id: '8b219a8b9c1ec9ed0569399740fb6622') in 0.048425 seconds 
========================================================================
Received Import Request.
  Time since last request: 0.000033 seconds.
  path: Assets/Models/Ultimate Nature Pack/FBX/TreeStump_Snow.fbx
  artifactKey: Guid(f4a96f9b1de2bde44afcd41e5e7aae83) Importer(815301076,1909f56bfc062723c751e8b465ee728b)
Start importing Assets/Models/Ultimate Nature Pack/FBX/TreeStump_Snow.fbx using Guid(f4a96f9b1de2bde44afcd41e5e7aae83) Importer(815301076,1909f56bfc062723c751e8b465ee728b)  -> (artifact id: 'e92c7296f2ba5d75057699726f621aa5') in 0.040966 seconds 
========================================================================
Received Import Request.
  Time since last request: 0.000031 seconds.
  path: Assets/Models/Ultimate Nature Pack/FBX/Willow_Dead_2.fbx
  artifactKey: Guid(3711f7939af00144f8d2c72aed924d34) Importer(815301076,1909f56bfc062723c751e8b465ee728b)
Start importing Assets/Models/Ultimate Nature Pack/FBX/Willow_Dead_2.fbx using Guid(3711f7939af00144f8d2c72aed924d34) Importer(815301076,1909f56bfc062723c751e8b465ee728b)  -> (artifact id: '51697949eda65b4cff69fba3d4bc0efd') in 0.034567 seconds 
========================================================================
Received Import Request.
  Time since last request: 0.000026 seconds.
  path: Assets/Models/Ultimate Nature Pack/FBX/Willow_Autumn_5.fbx
  artifactKey: Guid(25dcf913bff644c4aa09b9708956a7d1) Importer(815301076,1909f56bfc062723c751e8b465ee728b)
Start importing Assets/Models/Ultimate Nature Pack/FBX/Willow_Autumn_5.fbx using Guid(25dcf913bff644c4aa09b9708956a7d1) Importer(815301076,1909f56bfc062723c751e8b465ee728b)  -> (artifact id: '50ef93f9742b7435f05377c6390f786b') in 0.040957 seconds 
========================================================================
Received Import Request.
  Time since last request: 0.000032 seconds.
  path: Assets/Models/Ultimate Nature Pack/FBX/Rock_Moss_4.fbx
  artifactKey: Guid(c305f27d1f61af84e87031278a45dc51) Importer(815301076,1909f56bfc062723c751e8b465ee728b)
Start importing Assets/Models/Ultimate Nature Pack/FBX/Rock_Moss_4.fbx using Guid(c305f27d1f61af84e87031278a45dc51) Importer(815301076,1909f56bfc062723c751e8b465ee728b)  -> (artifact id: '31bba1e858b4cc2fcf9c86964d667ba6') in 0.039858 seconds 
========================================================================
Received Import Request.
  Time since last request: 0.000034 seconds.
  path: Assets/Models/Ultimate Nature Pack/FBX/Willow_Dead_Snow_5.fbx
  artifactKey: Guid(c499980f3f2d26a43ba2c8256fcbc24e) Importer(815301076,1909f56bfc062723c751e8b465ee728b)
Start importing Assets/Models/Ultimate Nature Pack/FBX/Willow_Dead_Snow_5.fbx using Guid(c499980f3f2d26a43ba2c8256fcbc24e) Importer(815301076,1909f56bfc062723c751e8b465ee728b)  -> (artifact id: 'f513183f1ec62976063c8b6e8aadf3c2') in 0.038797 seconds 
========================================================================
Received Import Request.
  Time since last request: 0.000039 seconds.
  path: Assets/Models/Ultimate Nature Pack/FBX/Willow_Dead_4.fbx
  artifactKey: Guid(431f2c2649fa71b4a9315d4cea285f82) Importer(815301076,1909f56bfc062723c751e8b465ee728b)
Start importing Assets/Models/Ultimate Nature Pack/FBX/Willow_Dead_4.fbx using Guid(431f2c2649fa71b4a9315d4cea285f82) Importer(815301076,1909f56bfc062723c751e8b465ee728b)  -> (artifact id: '045fe27bb07562047636eec018481cf3') in 0.030536 seconds 
========================================================================
Received Import Request.
  Time since last request: 0.000027 seconds.
  path: Assets/Models/Ultimate Nature Pack/FBX/Rock_Moss_7.fbx
  artifactKey: Guid(9ba4dc1c9f345db46be7b67de923f7ca) Importer(815301076,1909f56bfc062723c751e8b465ee728b)
Start importing Assets/Models/Ultimate Nature Pack/FBX/Rock_Moss_7.fbx using Guid(9ba4dc1c9f345db46be7b67de923f7ca) Importer(815301076,1909f56bfc062723c751e8b465ee728b)  -> (artifact id: 'c7cc69b6df7b0601ef3d32313be231c9') in 0.040426 seconds 
========================================================================
Received Import Request.
  Time since last request: 0.000028 seconds.
  path: Assets/Models/Ultimate Nature Pack/FBX/Rock_Snow_5.fbx
  artifactKey: Guid(21678968ccc39b64db8df8e8b78aee14) Importer(815301076,1909f56bfc062723c751e8b465ee728b)
Start importing Assets/Models/Ultimate Nature Pack/FBX/Rock_Snow_5.fbx using Guid(21678968ccc39b64db8df8e8b78aee14) Importer(815301076,1909f56bfc062723c751e8b465ee728b)  -> (artifact id: '4b4c0bce4f63c9900a59b2e1102fdcb3') in 0.044643 seconds 
Editor requested this worker to shutdown with reason: Scaling down because of idle timeout
AssetImportWorker is now disconnected from the server
Process exiting
Exiting without the bug reporter. Application will terminate with return code 0