Using pre-set license
Built from '2021.3/staging' branch; Version is '2021.3.4f1 (cb45f9cae8b7) revision 13321721'; Using compiler version '192829333'; Build Type 'Release'
OS: 'Windows 11  (10.0.22621) 64bit Professional' Language: 'ru' Physical Memory: 16236 MB
BatchMode: 1, IsHumanControllingUs: 0, StartBugReporterOnCrash: 0, Is64bit: 1, IsPro: 1

COMMAND LINE ARGUMENTS:
C:\Program Files\Unity\Hub\Editor\2021.3.4f1\Editor\Unity.exe
-adb2
-batchMode
-noUpm
-name
AssetImportWorker2
-projectPath
D:/_Games Production/Learning/Game Engines/Unity/U.city-builder
-logFile
Logs/AssetImportWorker2.log
-srvPort
65386
Successfully changed project path to: D:/_Games Production/Learning/Game Engines/Unity/U.city-builder
D:/_Games Production/Learning/Game Engines/Unity/U.city-builder
[UnityMemory] Configuration Parameters - Can be set up in boot.config
    "memorysetup-bucket-allocator-granularity=16"
    "memorysetup-bucket-allocator-bucket-count=8"
    "memorysetup-bucket-allocator-block-size=33554432"
    "memorysetup-bucket-allocator-block-count=8"
    "memorysetup-main-allocator-block-size=16777216"
    "memorysetup-thread-allocator-block-size=16777216"
    "memorysetup-gfx-main-allocator-block-size=16777216"
    "memorysetup-gfx-thread-allocator-block-size=16777216"
    "memorysetup-cache-allocator-block-size=4194304"
    "memorysetup-typetree-allocator-block-size=2097152"
    "memorysetup-profiler-bucket-allocator-granularity=16"
    "memorysetup-profiler-bucket-allocator-bucket-count=8"
    "memorysetup-profiler-bucket-allocator-block-size=33554432"
    "memorysetup-profiler-bucket-allocator-block-count=8"
    "memorysetup-profiler-allocator-block-size=16777216"
    "memorysetup-profiler-editor-allocator-block-size=1048576"
    "memorysetup-temp-allocator-size-main=16777216"
    "memorysetup-job-temp-allocator-block-size=2097152"
    "memorysetup-job-temp-allocator-block-size-background=1048576"
    "memorysetup-job-temp-allocator-reduction-small-platforms=262144"
    "memorysetup-temp-allocator-size-background-worker=32768"
    "memorysetup-temp-allocator-size-job-worker=262144"
    "memorysetup-temp-allocator-size-preload-manager=33554432"
    "memorysetup-temp-allocator-size-nav-mesh-worker=65536"
    "memorysetup-temp-allocator-size-audio-worker=65536"
    "memorysetup-temp-allocator-size-cloud-worker=32768"
    "memorysetup-temp-allocator-size-gi-baking-worker=262144"
    "memorysetup-temp-allocator-size-gfx=262144"
Refreshing native plugins compatible for Editor in 136.89 ms, found 3 plugins.
Preloading 0 native plugins for Editor in 0.00 ms.
Initialize engine version: 2021.3.4f1 (cb45f9cae8b7)
[Subsystems] Discovering subsystems at path C:/Program Files/Unity/Hub/Editor/2021.3.4f1/Editor/Data/Resources/UnitySubsystems
[Subsystems] Discovering subsystems at path D:/_Games Production/Learning/Game Engines/Unity/U.city-builder/Assets
GfxDevice: creating device client; threaded=0; jobified=0
Direct3D:
    Version:  Direct3D 11.0 [level 11.1]
    Renderer: NVIDIA GeForce RTX 3060 Laptop GPU (ID=0x2560)
    Vendor:   NVIDIA
    VRAM:     6023 MB
    Driver:   30.0.15.1277
Initialize mono
Mono path[0] = 'C:/Program Files/Unity/Hub/Editor/2021.3.4f1/Editor/Data/Managed'
Mono path[1] = 'C:/Program Files/Unity/Hub/Editor/2021.3.4f1/Editor/Data/MonoBleedingEdge/lib/mono/unityjit-win32'
Mono config path = 'C:/Program Files/Unity/Hub/Editor/2021.3.4f1/Editor/Data/MonoBleedingEdge/etc'
Using monoOptions --debugger-agent=transport=dt_socket,embedding=1,server=y,suspend=n,address=127.0.0.1:56464
Begin MonoManager ReloadAssembly
Registering precompiled unity dll's ...
Register platform support module: C:/Program Files/Unity/Hub/Editor/2021.3.4f1/Editor/Data/PlaybackEngines/WebGLSupport/UnityEditor.WebGL.Extensions.dll
Register platform support module: C:/Program Files/Unity/Hub/Editor/2021.3.4f1/Editor/Data/PlaybackEngines/WindowsStandaloneSupport/UnityEditor.WindowsStandalone.Extensions.dll
Registered in 0.004397 seconds.
Native extension for WindowsStandalone target not found
Native extension for WebGL target not found
Refreshing native plugins compatible for Editor in 98.09 ms, found 3 plugins.
Preloading 0 native plugins for Editor in 0.00 ms.
Mono: successfully reloaded assembly
- Completed reload, in  0.616 seconds
Domain Reload Profiling:
	ReloadAssembly (616ms)
		BeginReloadAssembly (70ms)
			ExecutionOrderSort (0ms)
			DisableScriptedObjects (0ms)
			BackupInstance (0ms)
			ReleaseScriptingObjects (0ms)
			CreateAndSetChildDomain (1ms)
		EndReloadAssembly (449ms)
			LoadAssemblies (68ms)
			RebuildTransferFunctionScriptingTraits (0ms)
			SetupTypeCache (98ms)
			ReleaseScriptCaches (0ms)
			RebuildScriptCaches (26ms)
			SetupLoadedEditorAssemblies (273ms)
				LogAssemblyErrors (0ms)
				InitializePlatformSupportModulesInManaged (8ms)
				SetLoadedEditorAssemblies (0ms)
				RefreshPlugins (98ms)
				BeforeProcessingInitializeOnLoad (1ms)
				ProcessInitializeOnLoadAttributes (128ms)
				ProcessInitializeOnLoadMethodAttributes (38ms)
				AfterProcessingInitializeOnLoad (0ms)
				EditorAssembliesLoaded (0ms)
			ExecutionOrderSort2 (0ms)
			AwakeInstancesAfterBackupRestoration (0ms)
Platform modules already initialized, skipping
Registering precompiled user dll's ...
Registered in 0.003784 seconds.
Begin MonoManager ReloadAssembly
Symbol file LoadedFromMemory doesn't match image D:\_Games Production\Learning\Game Engines\Unity\U.city-builder\Library\PackageCache\com.unity.visualscripting@1.7.8\Editor\VisualScripting.Core\Dependencies\YamlDotNet\Unity.VisualScripting.YamlDotNet.dll
Symbol file LoadedFromMemory doesn't match image D:\_Games Production\Learning\Game Engines\Unity\U.city-builder\Library\PackageCache\com.unity.visualscripting@1.7.8\Editor\VisualScripting.Core\Dependencies\DotNetZip\Unity.VisualScripting.IonicZip.dll
Native extension for WindowsStandalone target not found
Native extension for WebGL target not found
Refreshing native plugins compatible for Editor in 100.89 ms, found 3 plugins.
Preloading 0 native plugins for Editor in 0.00 ms.
Mono: successfully reloaded assembly
- Completed reload, in  1.198 seconds
Domain Reload Profiling:
	ReloadAssembly (1199ms)
		BeginReloadAssembly (97ms)
			ExecutionOrderSort (0ms)
			DisableScriptedObjects (5ms)
			BackupInstance (0ms)
			ReleaseScriptingObjects (0ms)
			CreateAndSetChildDomain (18ms)
		EndReloadAssembly (1011ms)
			LoadAssemblies (85ms)
			RebuildTransferFunctionScriptingTraits (0ms)
			SetupTypeCache (268ms)
			ReleaseScriptCaches (1ms)
			RebuildScriptCaches (58ms)
			SetupLoadedEditorAssemblies (560ms)
				LogAssemblyErrors (0ms)
				InitializePlatformSupportModulesInManaged (5ms)
				SetLoadedEditorAssemblies (0ms)
				RefreshPlugins (101ms)
				BeforeProcessingInitializeOnLoad (106ms)
				ProcessInitializeOnLoadAttributes (266ms)
				ProcessInitializeOnLoadMethodAttributes (76ms)
				AfterProcessingInitializeOnLoad (6ms)
				EditorAssembliesLoaded (0ms)
			ExecutionOrderSort2 (0ms)
			AwakeInstancesAfterBackupRestoration (5ms)
Platform modules already initialized, skipping
========================================================================
Worker process is ready to serve import requests
Launched and connected shader compiler UnityShaderCompiler.exe after 0.08 seconds
Refreshing native plugins compatible for Editor in 2.31 ms, found 3 plugins.
Preloading 0 native plugins for Editor in 0.00 ms.
Unloading 5553 Unused Serialized files (Serialized files now loaded: 0)
Unloading 47 unused Assets / (2.0 MB). Loaded Objects now: 5996.
Memory consumption went from 227.3 MB to 225.3 MB.
Total: 4.722600 ms (FindLiveObjects: 0.507000 ms CreateObjectMapping: 0.432000 ms MarkObjects: 3.138900 ms  DeleteObjects: 0.643700 ms)

AssetImportParameters requested are different than current active one (requested -> active):
  custom:video-decoder-ogg-theora: a1e56fd34408186e4bbccfd4996cb3dc -> 
  custom:container-muxer-webm: aa71ff27fc2769a1b78a27578f13a17b -> 
  custom:container-demuxer-webm: 4f35f7cbe854078d1ac9338744f61a02 -> 
  custom:video-encoder-webm-vp8: eb34c28f22e8b96e1ab97ce403110664 -> 
  custom:audio-encoder-webm-vorbis: bf7c407c2cedff20999df2af8eb42d56 -> 
  custom:framework-win-MediaFoundation: 216162199b28c13a410421893ffa2e32 -> 
  custom:container-demuxer-ogg: 62fdf1f143b41e24485cea50d1cbac27 -> 
  custom:video-decoder-webm-vp8: 9c59270c3fd7afecdb556c50c9e8de78 -> 
  custom:audio-decoder-ogg-vorbis: bf7c407c2cedff20999df2af8eb42d56 -> 
========================================================================
Received Import Request.
  Time since last request: 500818.064774 seconds.
  path: Assets/Icons UI/Icons grayscale/1.png
  artifactKey: Guid(293dd5c3c18641a49a0e32095defa292) Importer(815301076,1909f56bfc062723c751e8b465ee728b)
Start importing Assets/Icons UI/Icons grayscale/1.png using Guid(293dd5c3c18641a49a0e32095defa292) Importer(815301076,1909f56bfc062723c751e8b465ee728b)  -> (artifact id: '5a1beecc01d3698bcca03ce16ca23799') in 0.151740 seconds 
========================================================================
Received Import Request.
  Time since last request: 0.000029 seconds.
  path: Assets/Icons UI/Icons grayscale/32.png
  artifactKey: Guid(fa24a6b84e827dc429855638eee86307) Importer(815301076,1909f56bfc062723c751e8b465ee728b)
Start importing Assets/Icons UI/Icons grayscale/32.png using Guid(fa24a6b84e827dc429855638eee86307) Importer(815301076,1909f56bfc062723c751e8b465ee728b)  -> (artifact id: '560a234833980ee35c04b0a130f4bc47') in 0.033619 seconds 
========================================================================
Received Import Request.
  Time since last request: 0.000041 seconds.
  path: Assets/Icons UI/Icons color/16.png
  artifactKey: Guid(273c5baa1aa02aa4a9e0b619883ed20b) Importer(815301076,1909f56bfc062723c751e8b465ee728b)
Start importing Assets/Icons UI/Icons color/16.png using Guid(273c5baa1aa02aa4a9e0b619883ed20b) Importer(815301076,1909f56bfc062723c751e8b465ee728b)  -> (artifact id: 'bb5ee076f03b019164778ee87919230e') in 0.037624 seconds 
========================================================================
Received Import Request.
  Time since last request: 0.000026 seconds.
  path: Assets/Icons UI/Icons color/29.png
  artifactKey: Guid(f3cc2c3aff7b92a41adacadfa11845dd) Importer(815301076,1909f56bfc062723c751e8b465ee728b)
Start importing Assets/Icons UI/Icons color/29.png using Guid(f3cc2c3aff7b92a41adacadfa11845dd) Importer(815301076,1909f56bfc062723c751e8b465ee728b)  -> (artifact id: 'd47a71fa3aa0b56d65618e2788b2e584') in 0.036846 seconds 
========================================================================
Received Import Request.
  Time since last request: 0.000029 seconds.
  path: Assets/Icons UI/Icons color/27.png
  artifactKey: Guid(6e5158b37b621814f882613f2f6a7bd4) Importer(815301076,1909f56bfc062723c751e8b465ee728b)
Start importing Assets/Icons UI/Icons color/27.png using Guid(6e5158b37b621814f882613f2f6a7bd4) Importer(815301076,1909f56bfc062723c751e8b465ee728b)  -> (artifact id: '274a34e2bc6d81c82e11534701171d08') in 0.033868 seconds 
========================================================================
Received Import Request.
  Time since last request: 0.000031 seconds.
  path: Assets/Icons UI/Icons color/18.png
  artifactKey: Guid(8852d6f05e5ac2140b7f39434f99e161) Importer(815301076,1909f56bfc062723c751e8b465ee728b)
Start importing Assets/Icons UI/Icons color/18.png using Guid(8852d6f05e5ac2140b7f39434f99e161) Importer(815301076,1909f56bfc062723c751e8b465ee728b)  -> (artifact id: '48e37b4059b23aa3b0ae427f388ce3fa') in 0.032695 seconds 
========================================================================
Received Import Request.
  Time since last request: 0.000038 seconds.
  path: Assets/Icons UI/Icons color/23.png
  artifactKey: Guid(34622909dda712e4abebb2c5379397d9) Importer(815301076,1909f56bfc062723c751e8b465ee728b)
Start importing Assets/Icons UI/Icons color/23.png using Guid(34622909dda712e4abebb2c5379397d9) Importer(815301076,1909f56bfc062723c751e8b465ee728b)  -> (artifact id: 'bd223dc8a3af368ec32474470d7e4cc6') in 0.033009 seconds 
========================================================================
Received Import Request.
  Time since last request: 0.000032 seconds.
  path: Assets/Icons UI/Icons grayscale/4.png
  artifactKey: Guid(e2212ecc4e5b19b4792174aa3ad2e8df) Importer(815301076,1909f56bfc062723c751e8b465ee728b)
Start importing Assets/Icons UI/Icons grayscale/4.png using Guid(e2212ecc4e5b19b4792174aa3ad2e8df) Importer(815301076,1909f56bfc062723c751e8b465ee728b)  -> (artifact id: '32801e4b201a9b3bb2cba0ebc2320217') in 0.031819 seconds 
========================================================================
Received Import Request.
  Time since last request: 0.000044 seconds.
  path: Assets/Icons UI/Icons grayscale/17.png
  artifactKey: Guid(c6a9e7e4c66f10640b74f7a0b57b4480) Importer(815301076,1909f56bfc062723c751e8b465ee728b)
Start importing Assets/Icons UI/Icons grayscale/17.png using Guid(c6a9e7e4c66f10640b74f7a0b57b4480) Importer(815301076,1909f56bfc062723c751e8b465ee728b)  -> (artifact id: '3e51a9f78f9c061fea247695f339996b') in 0.032012 seconds 
========================================================================
Received Import Request.
  Time since last request: 0.000028 seconds.
  path: Assets/Icons UI/Icons grayscale/23.png
  artifactKey: Guid(3d3cf82ba2cbd264c937824ad271dea8) Importer(815301076,1909f56bfc062723c751e8b465ee728b)
Start importing Assets/Icons UI/Icons grayscale/23.png using Guid(3d3cf82ba2cbd264c937824ad271dea8) Importer(815301076,1909f56bfc062723c751e8b465ee728b)  -> (artifact id: 'b45253a7384c8e31b9b83ef6bdb775e0') in 0.032334 seconds 
========================================================================
Received Import Request.
  Time since last request: 0.000029 seconds.
  path: Assets/Icons UI/Icons grayscale/11.png
  artifactKey: Guid(6ec368cd08275214bb202762c543d5b3) Importer(815301076,1909f56bfc062723c751e8b465ee728b)
Start importing Assets/Icons UI/Icons grayscale/11.png using Guid(6ec368cd08275214bb202762c543d5b3) Importer(815301076,1909f56bfc062723c751e8b465ee728b)  -> (artifact id: '6a728bbad3923af947fbade06736cfea') in 0.031573 seconds 
========================================================================
Received Import Request.
  Time since last request: 0.000036 seconds.
  path: Assets/Icons UI/Icons color/3.png
  artifactKey: Guid(a5b4189af3bc18f49bf108392ac887d6) Importer(815301076,1909f56bfc062723c751e8b465ee728b)
Start importing Assets/Icons UI/Icons color/3.png using Guid(a5b4189af3bc18f49bf108392ac887d6) Importer(815301076,1909f56bfc062723c751e8b465ee728b)  -> (artifact id: 'b580a81cb21703c5466a2fbcf6d05763') in 0.033454 seconds 
========================================================================
Received Import Request.
  Time since last request: 0.000027 seconds.
  path: Assets/Icons UI/Icons grayscale/26.png
  artifactKey: Guid(775847904704a6749ba8e9dd62748b4a) Importer(815301076,1909f56bfc062723c751e8b465ee728b)
Start importing Assets/Icons UI/Icons grayscale/26.png using Guid(775847904704a6749ba8e9dd62748b4a) Importer(815301076,1909f56bfc062723c751e8b465ee728b)  -> (artifact id: '7a39470bfef592557b71f5f54abef678') in 0.033283 seconds 
========================================================================
Received Import Request.
  Time since last request: 0.000029 seconds.
  path: Assets/Icons UI/Icons color/13.png
  artifactKey: Guid(5624528cde99a824a946362839e556e8) Importer(815301076,1909f56bfc062723c751e8b465ee728b)
Start importing Assets/Icons UI/Icons color/13.png using Guid(5624528cde99a824a946362839e556e8) Importer(815301076,1909f56bfc062723c751e8b465ee728b)  -> (artifact id: 'bdcb38359f9fd83fcad325a19f007dec') in 0.031779 seconds 
========================================================================
Received Import Request.
  Time since last request: 0.000039 seconds.
  path: Assets/Icons UI/Icons grayscale/6.png
  artifactKey: Guid(e21b78d427e8380489bccaeb488c32bc) Importer(815301076,1909f56bfc062723c751e8b465ee728b)
Start importing Assets/Icons UI/Icons grayscale/6.png using Guid(e21b78d427e8380489bccaeb488c32bc) Importer(815301076,1909f56bfc062723c751e8b465ee728b)  -> (artifact id: 'bc10bea1a1941c47be17a802bb07d4f3') in 0.032562 seconds 
========================================================================
Received Import Request.
  Time since last request: 0.000038 seconds.
  path: Assets/Icons UI/Icons color/38.png
  artifactKey: Guid(3483bae94350ccf439794fe014c19697) Importer(815301076,1909f56bfc062723c751e8b465ee728b)
Start importing Assets/Icons UI/Icons color/38.png using Guid(3483bae94350ccf439794fe014c19697) Importer(815301076,1909f56bfc062723c751e8b465ee728b)  -> (artifact id: '788e80b6b73ba2688e17713af32863dc') in 0.032017 seconds 
========================================================================
Received Import Request.
  Time since last request: 0.000034 seconds.
  path: Assets/Icons UI/Icons color/49.png
  artifactKey: Guid(a971857a5bd5c5c47ab56f4319b61e13) Importer(815301076,1909f56bfc062723c751e8b465ee728b)
Start importing Assets/Icons UI/Icons color/49.png using Guid(a971857a5bd5c5c47ab56f4319b61e13) Importer(815301076,1909f56bfc062723c751e8b465ee728b)  -> (artifact id: 'f0533892ae73581a46dfa43ed475bc17') in 0.035425 seconds 
========================================================================
Received Import Request.
  Time since last request: 0.000023 seconds.
  path: Assets/Icons UI/Icons color/53.png
  artifactKey: Guid(e8538d70a6a8bb640afcf63239090800) Importer(815301076,1909f56bfc062723c751e8b465ee728b)
Start importing Assets/Icons UI/Icons color/53.png using Guid(e8538d70a6a8bb640afcf63239090800) Importer(815301076,1909f56bfc062723c751e8b465ee728b)  -> (artifact id: 'a12a325e4323976a566cf5565ac19f69') in 0.035352 seconds 
========================================================================
Received Import Request.
  Time since last request: 0.000028 seconds.
  path: Assets/Icons UI/Icons color/36.png
  artifactKey: Guid(c575f84924d291c4eba5e134abd51940) Importer(815301076,1909f56bfc062723c751e8b465ee728b)
Start importing Assets/Icons UI/Icons color/36.png using Guid(c575f84924d291c4eba5e134abd51940) Importer(815301076,1909f56bfc062723c751e8b465ee728b)  -> (artifact id: '32ef0050350ed50eda9b9e90ba03b956') in 0.034637 seconds 
========================================================================
Received Import Request.
  Time since last request: 0.000042 seconds.
  path: Assets/Icons UI/Icons color/44.png
  artifactKey: Guid(61b2ed504664888488353f466acddaf7) Importer(815301076,1909f56bfc062723c751e8b465ee728b)
Start importing Assets/Icons UI/Icons color/44.png using Guid(61b2ed504664888488353f466acddaf7) Importer(815301076,1909f56bfc062723c751e8b465ee728b)  -> (artifact id: 'a3faece09170ef178245c8c3288942e7') in 0.033554 seconds 
========================================================================
Received Import Request.
  Time since last request: 0.000037 seconds.
  path: Assets/Icons UI/Icons color/46.png
  artifactKey: Guid(904c00b911ba6be44a7773d73b21bbe3) Importer(815301076,1909f56bfc062723c751e8b465ee728b)
Start importing Assets/Icons UI/Icons color/46.png using Guid(904c00b911ba6be44a7773d73b21bbe3) Importer(815301076,1909f56bfc062723c751e8b465ee728b)  -> (artifact id: '6df9cc32e26a809b68ba3beadfd786fd') in 0.033918 seconds 
========================================================================
Received Import Request.
  Time since last request: 0.000028 seconds.
  path: Assets/Icons UI/Icons grayscale/49.png
  artifactKey: Guid(e379ed592f3b51f4293387547b4d7366) Importer(815301076,1909f56bfc062723c751e8b465ee728b)
Start importing Assets/Icons UI/Icons grayscale/49.png using Guid(e379ed592f3b51f4293387547b4d7366) Importer(815301076,1909f56bfc062723c751e8b465ee728b)  -> (artifact id: 'a06667221e31addab9410e0b2a796ea0') in 0.036745 seconds 
========================================================================
Received Import Request.
  Time since last request: 0.000028 seconds.
  path: Assets/Icons UI/Icons color/63.png
  artifactKey: Guid(a5cfb3091f47fad449deb362635ecfcc) Importer(815301076,1909f56bfc062723c751e8b465ee728b)
Start importing Assets/Icons UI/Icons color/63.png using Guid(a5cfb3091f47fad449deb362635ecfcc) Importer(815301076,1909f56bfc062723c751e8b465ee728b)  -> (artifact id: '3dedc852c9ce1e3bdeeac82ec6cce024') in 0.035155 seconds 
========================================================================
Received Import Request.
  Time since last request: 0.000023 seconds.
  path: Assets/Icons UI/Icons grayscale/79.png
  artifactKey: Guid(ff4072f62a2ce784e9e5a2f15562ae62) Importer(815301076,1909f56bfc062723c751e8b465ee728b)
Start importing Assets/Icons UI/Icons grayscale/79.png using Guid(ff4072f62a2ce784e9e5a2f15562ae62) Importer(815301076,1909f56bfc062723c751e8b465ee728b)  -> (artifact id: '6bc53d74021b813d3c8e3b4934b16da2') in 0.033781 seconds 
========================================================================
Received Import Request.
  Time since last request: 0.000023 seconds.
  path: Assets/Icons UI/Icons grayscale/95.png
  artifactKey: Guid(88deb8c624d5d38459b5109deb42a53e) Importer(815301076,1909f56bfc062723c751e8b465ee728b)
Start importing Assets/Icons UI/Icons grayscale/95.png using Guid(88deb8c624d5d38459b5109deb42a53e) Importer(815301076,1909f56bfc062723c751e8b465ee728b)  -> (artifact id: '6e8e9bed6b7bf3ee778fec703f3fa505') in 0.041077 seconds 
========================================================================
Received Import Request.
  Time since last request: 0.000027 seconds.
  path: Assets/Icons UI/Icons color/84.png
  artifactKey: Guid(ea85352a7f9f06a42abe8a7cf1041ea6) Importer(815301076,1909f56bfc062723c751e8b465ee728b)
Start importing Assets/Icons UI/Icons color/84.png using Guid(ea85352a7f9f06a42abe8a7cf1041ea6) Importer(815301076,1909f56bfc062723c751e8b465ee728b)  -> (artifact id: '04a48f37ea2bd6fa48f40f063d96eb36') in 0.032667 seconds 
========================================================================
Received Import Request.
  Time since last request: 0.000035 seconds.
  path: Assets/Icons UI/Icons color/66.png
  artifactKey: Guid(3997ece3c081c9b45a47480c95f6163b) Importer(815301076,1909f56bfc062723c751e8b465ee728b)
Start importing Assets/Icons UI/Icons color/66.png using Guid(3997ece3c081c9b45a47480c95f6163b) Importer(815301076,1909f56bfc062723c751e8b465ee728b)  -> (artifact id: 'a00c6891e88c7a1030643cb87ec2c44c') in 0.033843 seconds 
========================================================================
Received Import Request.
  Time since last request: 0.000030 seconds.
  path: Assets/Icons UI/Icons color/75.png
  artifactKey: Guid(742067ce11dc88c42b3fe3c2466d2e51) Importer(815301076,1909f56bfc062723c751e8b465ee728b)
Start importing Assets/Icons UI/Icons color/75.png using Guid(742067ce11dc88c42b3fe3c2466d2e51) Importer(815301076,1909f56bfc062723c751e8b465ee728b)  -> (artifact id: '1a27bc3d0c471a107f95eb7c96c75631') in 0.037336 seconds 
========================================================================
Received Import Request.
  Time since last request: 0.000030 seconds.
  path: Assets/Icons UI/Icons color/97.png
  artifactKey: Guid(50ae2374701e74043a0002d1913a98f0) Importer(815301076,1909f56bfc062723c751e8b465ee728b)
Start importing Assets/Icons UI/Icons color/97.png using Guid(50ae2374701e74043a0002d1913a98f0) Importer(815301076,1909f56bfc062723c751e8b465ee728b)  -> (artifact id: '12fca654e4c9f85e9e4a39790007ebee') in 0.035519 seconds 
========================================================================
Received Import Request.
  Time since last request: 0.000025 seconds.
  path: Assets/Icons UI/Icons grayscale/72.png
  artifactKey: Guid(4a909dfcdd1bbe54e8fc31610f0120c1) Importer(815301076,1909f56bfc062723c751e8b465ee728b)
Start importing Assets/Icons UI/Icons grayscale/72.png using Guid(4a909dfcdd1bbe54e8fc31610f0120c1) Importer(815301076,1909f56bfc062723c751e8b465ee728b)  -> (artifact id: '3a8a87fed52e861a64c7599aa9c3f505') in 0.033044 seconds 
========================================================================
Received Import Request.
  Time since last request: 0.000045 seconds.
  path: Assets/Icons UI/Icons color/67.png
  artifactKey: Guid(1d42943e5036e8543af8d6247c3c3037) Importer(815301076,1909f56bfc062723c751e8b465ee728b)
Start importing Assets/Icons UI/Icons color/67.png using Guid(1d42943e5036e8543af8d6247c3c3037) Importer(815301076,1909f56bfc062723c751e8b465ee728b)  -> (artifact id: '34c77ede42a8a0a03d6483b001baa5cd') in 0.038785 seconds 
========================================================================
Received Import Request.
  Time since last request: 0.000031 seconds.
  path: Assets/Icons UI/Icons color/61.png
  artifactKey: Guid(567d556bebb199b4cabd35f4f3bea9f5) Importer(815301076,1909f56bfc062723c751e8b465ee728b)
Start importing Assets/Icons UI/Icons color/61.png using Guid(567d556bebb199b4cabd35f4f3bea9f5) Importer(815301076,1909f56bfc062723c751e8b465ee728b)  -> (artifact id: '8ffd9fa6784a322564aa6a9ef5649571') in 0.034942 seconds 
========================================================================
Received Import Request.
  Time since last request: 0.000101 seconds.
  path: Assets/Icons UI/Icons color/96.png
  artifactKey: Guid(34db34b9a02b2f0499b98e78ebec7f1e) Importer(815301076,1909f56bfc062723c751e8b465ee728b)
Start importing Assets/Icons UI/Icons color/96.png using Guid(34db34b9a02b2f0499b98e78ebec7f1e) Importer(815301076,1909f56bfc062723c751e8b465ee728b)  -> (artifact id: '307dfe783a3a59ab6d0deef3120481ef') in 0.056896 seconds 
========================================================================
Received Import Request.
  Time since last request: 0.000023 seconds.
  path: Assets/Icons UI/Icons grayscale/59.png
  artifactKey: Guid(5dff9ddb99a9f4043ab5ffa4b31abe41) Importer(815301076,1909f56bfc062723c751e8b465ee728b)
Start importing Assets/Icons UI/Icons grayscale/59.png using Guid(5dff9ddb99a9f4043ab5ffa4b31abe41) Importer(815301076,1909f56bfc062723c751e8b465ee728b)  -> (artifact id: 'dc63e5d8daa600e1b403dd059954310e') in 0.038326 seconds 
========================================================================
Received Import Request.
  Time since last request: 0.000027 seconds.
  path: Assets/Icons UI/Icons grayscale/68.png
  artifactKey: Guid(11e303e9210288b4ab226607b4a7bd32) Importer(815301076,1909f56bfc062723c751e8b465ee728b)
Start importing Assets/Icons UI/Icons grayscale/68.png using Guid(11e303e9210288b4ab226607b4a7bd32) Importer(815301076,1909f56bfc062723c751e8b465ee728b)  -> (artifact id: '68d1a1643d4988531111632822d77274') in 0.031609 seconds 
========================================================================
Received Import Request.
  Time since last request: 0.000026 seconds.
  path: Assets/resource_default/box_a_03.png
  artifactKey: Guid(7cd59d7fb38a77f4ca92099e8d101b73) Importer(815301076,1909f56bfc062723c751e8b465ee728b)
Start importing Assets/resource_default/box_a_03.png using Guid(7cd59d7fb38a77f4ca92099e8d101b73) Importer(815301076,1909f56bfc062723c751e8b465ee728b)  -> (artifact id: '16a243f467cf59a23b3f32854d1a66d2') in 0.024688 seconds 
========================================================================
Received Import Request.
  Time since last request: 0.000023 seconds.
  path: Assets/resource_default/point_beige.png
  artifactKey: Guid(e73dd9c018a08e74e9e3b6b52eba48b4) Importer(815301076,1909f56bfc062723c751e8b465ee728b)
Start importing Assets/resource_default/point_beige.png using Guid(e73dd9c018a08e74e9e3b6b52eba48b4) Importer(815301076,1909f56bfc062723c751e8b465ee728b)  -> (artifact id: '4c78a16f13f32781a61fa945bf057a29') in 0.025272 seconds 
========================================================================
Received Import Request.
  Time since last request: 0.000027 seconds.
  path: Assets/resource_default/gage_b_fill04.png
  artifactKey: Guid(74eea1e5ac116724fad3c1971b35589c) Importer(815301076,1909f56bfc062723c751e8b465ee728b)
Start importing Assets/resource_default/gage_b_fill04.png using Guid(74eea1e5ac116724fad3c1971b35589c) Importer(815301076,1909f56bfc062723c751e8b465ee728b)  -> (artifact id: '5e8332e3d20d421bd9f6786ff8f2a9b6') in 0.024155 seconds 
========================================================================
Received Import Request.
  Time since last request: 0.000044 seconds.
  path: Assets/Models/Farm Animals Animated  - Jun 2018/Preview.gif
  artifactKey: Guid(a4fffc94bfb4ba343977aa3b81ec7d8e) Importer(815301076,1909f56bfc062723c751e8b465ee728b)
Start importing Assets/Models/Farm Animals Animated  - Jun 2018/Preview.gif using Guid(a4fffc94bfb4ba343977aa3b81ec7d8e) Importer(815301076,1909f56bfc062723c751e8b465ee728b)  -> (artifact id: 'c352dcd24aa89321d9e688ab8fefbe8e') in 0.023141 seconds 
========================================================================
Received Import Request.
  Time since last request: 0.000032 seconds.
  path: Assets/resource_default/radio_blank.png
  artifactKey: Guid(cd34ff269b1774d4a914fd2ad1a6f428) Importer(815301076,1909f56bfc062723c751e8b465ee728b)
Start importing Assets/resource_default/radio_blank.png using Guid(cd34ff269b1774d4a914fd2ad1a6f428) Importer(815301076,1909f56bfc062723c751e8b465ee728b)  -> (artifact id: '74003dca0269babf616cd90b94106288') in 0.022558 seconds 
========================================================================
Received Import Request.
  Time since last request: 0.000030 seconds.
  path: Assets/resource_default/btn_c_red.png
  artifactKey: Guid(dfe0f8b3b8f11c54d94569c6e1326583) Importer(815301076,1909f56bfc062723c751e8b465ee728b)
Start importing Assets/resource_default/btn_c_red.png using Guid(dfe0f8b3b8f11c54d94569c6e1326583) Importer(815301076,1909f56bfc062723c751e8b465ee728b)  -> (artifact id: '64c767252c8ded651202d96d89f17c03') in 0.038786 seconds 
========================================================================
Received Import Request.
  Time since last request: 0.000032 seconds.
  path: Assets/resource_default/box_a_04.png
  artifactKey: Guid(0b216ed8876b73945ad75ea6feaba010) Importer(815301076,1909f56bfc062723c751e8b465ee728b)
Start importing Assets/resource_default/box_a_04.png using Guid(0b216ed8876b73945ad75ea6feaba010) Importer(815301076,1909f56bfc062723c751e8b465ee728b)  -> (artifact id: '9e2d3f93e51d02c0401132243bb96b90') in 0.023000 seconds 
========================================================================
Received Import Request.
  Time since last request: 0.000025 seconds.
  path: Assets/resource_default/btn_b_beige.png
  artifactKey: Guid(57910dcde21e44c48b55d6eb96005e38) Importer(815301076,1909f56bfc062723c751e8b465ee728b)
Start importing Assets/resource_default/btn_b_beige.png using Guid(57910dcde21e44c48b55d6eb96005e38) Importer(815301076,1909f56bfc062723c751e8b465ee728b)  -> (artifact id: '9e43a2c1c4276c3385b5febe44144a86') in 0.028379 seconds 
========================================================================
Received Import Request.
  Time since last request: 0.000034 seconds.
  path: Assets/resource_default/checkbox_blank.png
  artifactKey: Guid(32f25fd44c295474483ad5f89d5863fb) Importer(815301076,1909f56bfc062723c751e8b465ee728b)
Start importing Assets/resource_default/checkbox_blank.png using Guid(32f25fd44c295474483ad5f89d5863fb) Importer(815301076,1909f56bfc062723c751e8b465ee728b)  -> (artifact id: '1c3c88f7f3e5195a978013ca338ec7f0') in 0.021910 seconds 
========================================================================
Received Import Request.
  Time since last request: 0.000032 seconds.
  path: Assets/resource_default/box_b_04.png
  artifactKey: Guid(47b0b6ed20592d74ba2a6d517e877ad2) Importer(815301076,1909f56bfc062723c751e8b465ee728b)
Start importing Assets/resource_default/box_b_04.png using Guid(47b0b6ed20592d74ba2a6d517e877ad2) Importer(815301076,1909f56bfc062723c751e8b465ee728b)  -> (artifact id: '0ebd1a5bd810b1686c18a3f5657d37ce') in 0.020848 seconds 
========================================================================
Received Import Request.
  Time since last request: 0.000038 seconds.
  path: Assets/Models/Ultimate Nature Pack/Preview.jpg
  artifactKey: Guid(0921047e0a53bd547b6b48dcd2904a6d) Importer(815301076,1909f56bfc062723c751e8b465ee728b)
Start importing Assets/Models/Ultimate Nature Pack/Preview.jpg using Guid(0921047e0a53bd547b6b48dcd2904a6d) Importer(815301076,1909f56bfc062723c751e8b465ee728b)  -> (artifact id: '87efec52e2314f25af279d2c35070a4b') in 0.020744 seconds 
========================================================================
Received Import Request.
  Time since last request: 0.000029 seconds.
  path: Assets/resource_default/btn_b_emerald.png
  artifactKey: Guid(e6d0e297e4512fe4b8e8fe357714a52f) Importer(815301076,1909f56bfc062723c751e8b465ee728b)
Start importing Assets/resource_default/btn_b_emerald.png using Guid(e6d0e297e4512fe4b8e8fe357714a52f) Importer(815301076,1909f56bfc062723c751e8b465ee728b)  -> (artifact id: '158dab7a8ae8f83bc2c675946f22e606') in 0.023110 seconds 
========================================================================
Received Import Request.
  Time since last request: 0.000031 seconds.
  path: Assets/Icons UI/Icons grayscale/54.png
  artifactKey: Guid(4118197a532d518469c715830bd48049) Importer(815301076,1909f56bfc062723c751e8b465ee728b)
Start importing Assets/Icons UI/Icons grayscale/54.png using Guid(4118197a532d518469c715830bd48049) Importer(815301076,1909f56bfc062723c751e8b465ee728b)  -> (artifact id: '7bea0cddfa544017fe591444f1e6954b') in 0.031892 seconds 
========================================================================
Received Import Request.
  Time since last request: 0.000033 seconds.
  path: Assets/Icons UI/Icons color/70.png
  artifactKey: Guid(fbaec254db660d645bd98da84899888d) Importer(815301076,1909f56bfc062723c751e8b465ee728b)
Start importing Assets/Icons UI/Icons color/70.png using Guid(fbaec254db660d645bd98da84899888d) Importer(815301076,1909f56bfc062723c751e8b465ee728b)  -> (artifact id: 'fca4c8af66af3ae964ec4f2b0db16f12') in 0.033676 seconds 
========================================================================
Received Import Request.
  Time since last request: 0.000032 seconds.
  path: Assets/resource_default/btn_a_emerald.png
  artifactKey: Guid(e87e973aa97e2cf41885259822725eb5) Importer(815301076,1909f56bfc062723c751e8b465ee728b)
Start importing Assets/resource_default/btn_a_emerald.png using Guid(e87e973aa97e2cf41885259822725eb5) Importer(815301076,1909f56bfc062723c751e8b465ee728b)  -> (artifact id: '4257b44b5efda9bcde9e9c864bbf21d7') in 0.025498 seconds 
========================================================================
Received Import Request.
  Time since last request: 0.000032 seconds.
  path: Assets/resource_default/btn_a_beige.png
  artifactKey: Guid(8e8051156b4decf4693f0648a48b3fc9) Importer(815301076,1909f56bfc062723c751e8b465ee728b)
Start importing Assets/resource_default/btn_a_beige.png using Guid(8e8051156b4decf4693f0648a48b3fc9) Importer(815301076,1909f56bfc062723c751e8b465ee728b)  -> (artifact id: '00b139ef9b5fd2a1eecd8f12ce38d2a8') in 0.024018 seconds 
========================================================================
Received Import Request.
  Time since last request: 0.000027 seconds.
  path: Assets/Icons UI/Icons color/69.png
  artifactKey: Guid(87ada7b2ea52e9841bd5bb9fed840073) Importer(815301076,1909f56bfc062723c751e8b465ee728b)
Start importing Assets/Icons UI/Icons color/69.png using Guid(87ada7b2ea52e9841bd5bb9fed840073) Importer(815301076,1909f56bfc062723c751e8b465ee728b)  -> (artifact id: 'b01cf8051dcde53b724b216c73b71d7b') in 0.032211 seconds 
========================================================================
Received Import Request.
  Time since last request: 0.000057 seconds.
  path: Assets/Icons UI/Icons grayscale/62.png
  artifactKey: Guid(d16cfd6f826820749aebb5f331512d02) Importer(815301076,1909f56bfc062723c751e8b465ee728b)
Start importing Assets/Icons UI/Icons grayscale/62.png using Guid(d16cfd6f826820749aebb5f331512d02) Importer(815301076,1909f56bfc062723c751e8b465ee728b)  -> (artifact id: '94c3f3eeba840a2f75b68e87a4bafe71') in 0.032927 seconds 
========================================================================
Received Import Request.
  Time since last request: 0.000021 seconds.
  path: Assets/Icons UI/Icons grayscale/60.png
  artifactKey: Guid(ecd376e5f44556045826738ee1108fad) Importer(815301076,1909f56bfc062723c751e8b465ee728b)
Start importing Assets/Icons UI/Icons grayscale/60.png using Guid(ecd376e5f44556045826738ee1108fad) Importer(815301076,1909f56bfc062723c751e8b465ee728b)  -> (artifact id: '4ae3bd6230527477b14e515c3f8c59ac') in 0.028251 seconds 
========================================================================
Received Import Request.
  Time since last request: 0.000034 seconds.
  path: Assets/Icons UI/Icons color/79.png
  artifactKey: Guid(9ea0bad3ece5d354d96f29b80df36787) Importer(815301076,1909f56bfc062723c751e8b465ee728b)
Start importing Assets/Icons UI/Icons color/79.png using Guid(9ea0bad3ece5d354d96f29b80df36787) Importer(815301076,1909f56bfc062723c751e8b465ee728b)  -> (artifact id: 'e777dcb921b292d02202071036fa32f7') in 0.030892 seconds 
========================================================================
Received Import Request.
  Time since last request: 0.000024 seconds.
  path: Assets/Icons UI/Icons grayscale/52.png
  artifactKey: Guid(76be4fb91e79d8b44be96b4c5cc4df36) Importer(815301076,1909f56bfc062723c751e8b465ee728b)
Start importing Assets/Icons UI/Icons grayscale/52.png using Guid(76be4fb91e79d8b44be96b4c5cc4df36) Importer(815301076,1909f56bfc062723c751e8b465ee728b)  -> (artifact id: 'e24aea0e2e9e205367d0cc0ba0c1308f') in 0.029788 seconds 
========================================================================
Received Import Request.
  Time since last request: 0.000028 seconds.
  path: Assets/Models/Buildings pack by @Quaternius/Preview.png
  artifactKey: Guid(606337a7b3e3f7f4f9e9d7125b6f85af) Importer(815301076,1909f56bfc062723c751e8b465ee728b)
Start importing Assets/Models/Buildings pack by @Quaternius/Preview.png using Guid(606337a7b3e3f7f4f9e9d7125b6f85af) Importer(815301076,1909f56bfc062723c751e8b465ee728b)  -> (artifact id: 'be0ce12ba1f8227303385e30c11893a1') in 0.018171 seconds 
========================================================================
Received Import Request.
  Time since last request: 0.000035 seconds.
  path: Assets/resource_default/box_c_01.png
  artifactKey: Guid(2416bf88655c40c40adc903253fb2ba1) Importer(815301076,1909f56bfc062723c751e8b465ee728b)
Start importing Assets/resource_default/box_c_01.png using Guid(2416bf88655c40c40adc903253fb2ba1) Importer(815301076,1909f56bfc062723c751e8b465ee728b)  -> (artifact id: 'f9b130ec6b3143a66f73c19054bed974') in 0.018786 seconds 
========================================================================
Received Import Request.
  Time since last request: 0.000030 seconds.
  path: Assets/Icons UI/Icons grayscale/39.png
  artifactKey: Guid(7430d840ca5282a4da62e7734e55e33f) Importer(815301076,1909f56bfc062723c751e8b465ee728b)
Start importing Assets/Icons UI/Icons grayscale/39.png using Guid(7430d840ca5282a4da62e7734e55e33f) Importer(815301076,1909f56bfc062723c751e8b465ee728b)  -> (artifact id: '862746e6a4a5a82467b927d3195342c4') in 0.031463 seconds 
========================================================================
Received Import Request.
  Time since last request: 0.000035 seconds.
  path: Assets/Icons UI/Icons color/39.png
  artifactKey: Guid(a0581bf9a7adc7f43b8bc18ca051a19e) Importer(815301076,1909f56bfc062723c751e8b465ee728b)
Start importing Assets/Icons UI/Icons color/39.png using Guid(a0581bf9a7adc7f43b8bc18ca051a19e) Importer(815301076,1909f56bfc062723c751e8b465ee728b)  -> (artifact id: 'e0acd903d3f483a6fd607c376b889059') in 0.034368 seconds 
========================================================================
Received Import Request.
  Time since last request: 0.000033 seconds.
  path: Assets/Icons UI/Icons color/64.png
  artifactKey: Guid(236f0d589d73f0c41a36050c10fedd93) Importer(815301076,1909f56bfc062723c751e8b465ee728b)
Start importing Assets/Icons UI/Icons color/64.png using Guid(236f0d589d73f0c41a36050c10fedd93) Importer(815301076,1909f56bfc062723c751e8b465ee728b)  -> (artifact id: '9e2497377a1f88d86c10883813aeb339') in 0.033698 seconds 
========================================================================
Received Import Request.
  Time since last request: 0.000032 seconds.
  path: Assets/Icons UI/Icons color/87.png
  artifactKey: Guid(518352c08b3e7eb419c2a04b56da1e61) Importer(815301076,1909f56bfc062723c751e8b465ee728b)
Start importing Assets/Icons UI/Icons color/87.png using Guid(518352c08b3e7eb419c2a04b56da1e61) Importer(815301076,1909f56bfc062723c751e8b465ee728b)  -> (artifact id: 'af20e0d3286b985e06fcb776ab1b7ffd') in 0.035778 seconds 
========================================================================
Received Import Request.
  Time since last request: 0.000028 seconds.
  path: Assets/Icons UI/Icons color/93.png
  artifactKey: Guid(39f32d4d899bec84c93ccfb832d7af49) Importer(815301076,1909f56bfc062723c751e8b465ee728b)
Start importing Assets/Icons UI/Icons color/93.png using Guid(39f32d4d899bec84c93ccfb832d7af49) Importer(815301076,1909f56bfc062723c751e8b465ee728b)  -> (artifact id: '9d21eb2695f590b96c218c16af087411') in 0.030534 seconds 
========================================================================
Received Import Request.
  Time since last request: 0.000024 seconds.
  path: Assets/Models/Animated Men Characters - Feb 2019/Preview.jpg
  artifactKey: Guid(d83aa75fc37e4374c8b0fe3f36fab488) Importer(815301076,1909f56bfc062723c751e8b465ee728b)
Start importing Assets/Models/Animated Men Characters - Feb 2019/Preview.jpg using Guid(d83aa75fc37e4374c8b0fe3f36fab488) Importer(815301076,1909f56bfc062723c751e8b465ee728b)  -> (artifact id: 'f0e31e6a8f27c3846d487f686338af33') in 0.018737 seconds 
========================================================================
Received Import Request.
  Time since last request: 0.000023 seconds.
  path: Assets/Icons UI/Icons grayscale/31.png
  artifactKey: Guid(630086ab688bde8438f31fd672be24db) Importer(815301076,1909f56bfc062723c751e8b465ee728b)
Start importing Assets/Icons UI/Icons grayscale/31.png using Guid(630086ab688bde8438f31fd672be24db) Importer(815301076,1909f56bfc062723c751e8b465ee728b)  -> (artifact id: '5dcfc6062771a9800bc358e05db2d155') in 0.028685 seconds 
========================================================================
Received Import Request.
  Time since last request: 21.796644 seconds.
  path: Packages/com.unity.nuget.newtonsoft-json/package.json
  artifactKey: Guid(f8d4e5c2f2df25449ae8c391afbe5114) Importer(815301076,1909f56bfc062723c751e8b465ee728b)
Start importing Packages/com.unity.nuget.newtonsoft-json/package.json using Guid(f8d4e5c2f2df25449ae8c391afbe5114) Importer(815301076,1909f56bfc062723c751e8b465ee728b)  -> (artifact id: 'c75f9babfb9e4f3586d5e2bfe897741c') in 0.047513 seconds 
========================================================================
Received Import Request.
  Time since last request: 3.884001 seconds.
  path: Packages/com.unity.probuilder/Content/Material/Checker.mat
  artifactKey: Guid(4717b199010ca4cb3a8a7a465ec457d2) Importer(815301076,1909f56bfc062723c751e8b465ee728b)
Start importing Packages/com.unity.probuilder/Content/Material/Checker.mat using Guid(4717b199010ca4cb3a8a7a465ec457d2) Importer(815301076,1909f56bfc062723c751e8b465ee728b)  -> (artifact id: '4df320a49634a73f72e8e43a9184fa6f') in 0.166278 seconds 
========================================================================
Received Import Request.
  Time since last request: 9.497678 seconds.
  path: Packages/com.unity.probuilder/Content/Shader/ProBuilderCG.cginc
  artifactKey: Guid(6aba455f32e574b6e86ede4acd901efa) Importer(815301076,1909f56bfc062723c751e8b465ee728b)
Start importing Packages/com.unity.probuilder/Content/Shader/ProBuilderCG.cginc using Guid(6aba455f32e574b6e86ede4acd901efa) Importer(815301076,1909f56bfc062723c751e8b465ee728b)  -> (artifact id: '67f27eba891610b7b84ae61d036dbbfe') in 0.011795 seconds 
========================================================================
Received Import Request.
  Time since last request: 1.762015 seconds.
  path: Packages/com.unity.probuilder/Content/Resources/Materials
  artifactKey: Guid(86a33916cf3294ac7ab58f89c2aa40b9) Importer(815301076,1909f56bfc062723c751e8b465ee728b)
Start importing Packages/com.unity.probuilder/Content/Resources/Materials using Guid(86a33916cf3294ac7ab58f89c2aa40b9) Importer(815301076,1909f56bfc062723c751e8b465ee728b)  -> (artifact id: '14951a3eddd9baf72b98b0d8964f3119') in 0.004663 seconds 
========================================================================
Received Import Request.
  Time since last request: 0.055400 seconds.
  path: Packages/com.unity.probuilder/Content/Resources/Materials/Collider.mat
  artifactKey: Guid(bbb235fff4f48426b863b36058ab66d2) Importer(815301076,1909f56bfc062723c751e8b465ee728b)
Start importing Packages/com.unity.probuilder/Content/Resources/Materials/Collider.mat using Guid(bbb235fff4f48426b863b36058ab66d2) Importer(815301076,1909f56bfc062723c751e8b465ee728b)  -> (artifact id: 'eab1ed079103ca5db062307fbd783717') in 0.096731 seconds 
========================================================================
Received Import Request.
  Time since last request: 0.000030 seconds.
  path: Packages/com.unity.probuilder/Content/Resources/Materials/FacePickerHDRP.mat
  artifactKey: Guid(a53ef0dd76f2fe74eb5f43267d7c0195) Importer(815301076,1909f56bfc062723c751e8b465ee728b)
Start importing Packages/com.unity.probuilder/Content/Resources/Materials/FacePickerHDRP.mat using Guid(a53ef0dd76f2fe74eb5f43267d7c0195) Importer(815301076,1909f56bfc062723c751e8b465ee728b)  -> (artifact id: 'b24813671659cb10a60108819b82366e') in 0.060701 seconds 
========================================================================
Received Import Request.
  Time since last request: 0.000037 seconds.
  path: Packages/com.unity.probuilder/Content/Resources/Materials/StandardVertexColorLWRP.mat
  artifactKey: Guid(077a003b1de1e4c35923be7a21b5d948) Importer(815301076,1909f56bfc062723c751e8b465ee728b)
Start importing Packages/com.unity.probuilder/Content/Resources/Materials/StandardVertexColorLWRP.mat using Guid(077a003b1de1e4c35923be7a21b5d948) Importer(815301076,1909f56bfc062723c751e8b465ee728b)  -> (artifact id: 'acf7b86e2ba8841d63c0ba1a06158cee') in 0.052237 seconds 
========================================================================
Received Import Request.
  Time since last request: 0.000059 seconds.
  path: Packages/com.unity.probuilder/Content/Resources/Materials/StandardVertexColorHDRP.mat
  artifactKey: Guid(c35693c079f3840f7938a4a323096e84) Importer(815301076,1909f56bfc062723c751e8b465ee728b)
Start importing Packages/com.unity.probuilder/Content/Resources/Materials/StandardVertexColorHDRP.mat using Guid(c35693c079f3840f7938a4a323096e84) Importer(815301076,1909f56bfc062723c751e8b465ee728b)  -> (artifact id: '4354c9560d2567c434772cfb0ec7b0e2') in 0.016230 seconds 
========================================================================
Received Import Request.
  Time since last request: 27.644848 seconds.
  path: Packages/com.unity.probuilder/Content/Material/Textures/GridBox_Collider.png
  artifactKey: Guid(7e4b97337334f42d2a700647fd938234) Importer(815301076,1909f56bfc062723c751e8b465ee728b)
Start importing Packages/com.unity.probuilder/Content/Material/Textures/GridBox_Collider.png using Guid(7e4b97337334f42d2a700647fd938234) Importer(815301076,1909f56bfc062723c751e8b465ee728b)  -> (artifact id: 'af7209206cc6dccd635f100b1256b22a') in 0.011685 seconds 
========================================================================
Received Import Request.
  Time since last request: 2.083589 seconds.
  path: Packages/com.unity.probuilder/Content/Material/Textures/GridBox_Trigger.png
  artifactKey: Guid(b3fd87e2e956e41b0b43f76bb50a4934) Importer(815301076,1909f56bfc062723c751e8b465ee728b)
Start importing Packages/com.unity.probuilder/Content/Material/Textures/GridBox_Trigger.png using Guid(b3fd87e2e956e41b0b43f76bb50a4934) Importer(815301076,1909f56bfc062723c751e8b465ee728b)  -> (artifact id: 'd81e7c4fce230c0d13c941b338c0bb43') in 0.032998 seconds 
========================================================================
Received Import Request.
  Time since last request: 1.812424 seconds.
  path: Packages/com.unity.probuilder/Content/Resources/Cursors/cutCursor-add.png
  artifactKey: Guid(1b6d4baf0e317ea49b9fa6520067f80a) Importer(815301076,1909f56bfc062723c751e8b465ee728b)
Start importing Packages/com.unity.probuilder/Content/Resources/Cursors/cutCursor-add.png using Guid(1b6d4baf0e317ea49b9fa6520067f80a) Importer(815301076,1909f56bfc062723c751e8b465ee728b)  -> (artifact id: '56a497445c2e1fa18cecca532e13c92c') in 0.081018 seconds 
========================================================================
Received Import Request.
  Time since last request: 63.777544 seconds.
  path: Packages/com.unity.render-pipelines.core/Runtime/Debugging/Prefabs/Widgets/DebugUIBitField.prefab
  artifactKey: Guid(7c78b588b2e1f7c4a86ca4a985cf6e4a) Importer(815301076,1909f56bfc062723c751e8b465ee728b)
Start importing Packages/com.unity.render-pipelines.core/Runtime/Debugging/Prefabs/Widgets/DebugUIBitField.prefab using Guid(7c78b588b2e1f7c4a86ca4a985cf6e4a) Importer(815301076,1909f56bfc062723c751e8b465ee728b)  -> (artifact id: 'fe9666f1724e28a941cfb4b51a1d23af') in 0.054556 seconds 
========================================================================
Received Import Request.
  Time since last request: 0.000034 seconds.
  path: Packages/com.unity.render-pipelines.core/Runtime/Debugging/Prefabs/Widgets/DebugUIGroup.prefab
  artifactKey: Guid(38a07789c9e87004dad98c2909f58369) Importer(815301076,1909f56bfc062723c751e8b465ee728b)
Start importing Packages/com.unity.render-pipelines.core/Runtime/Debugging/Prefabs/Widgets/DebugUIGroup.prefab using Guid(38a07789c9e87004dad98c2909f58369) Importer(815301076,1909f56bfc062723c751e8b465ee728b)  -> (artifact id: '7913ec697489a272924cd1ef907ecd28') in 0.012141 seconds 
========================================================================
Received Import Request.
  Time since last request: 0.000038 seconds.
  path: Packages/com.unity.render-pipelines.core/Runtime/Debugging/Prefabs/Widgets/DebugUIRow.prefab
  artifactKey: Guid(2d019437ff89b8d44949727731cd9357) Importer(815301076,1909f56bfc062723c751e8b465ee728b)
Start importing Packages/com.unity.render-pipelines.core/Runtime/Debugging/Prefabs/Widgets/DebugUIRow.prefab using Guid(2d019437ff89b8d44949727731cd9357) Importer(815301076,1909f56bfc062723c751e8b465ee728b)  -> (artifact id: 'bfe46af1209227aa7136dfb51a28cdc9') in 0.010077 seconds 
========================================================================
Received Import Request.
  Time since last request: 0.000024 seconds.
  path: Packages/com.unity.render-pipelines.core/Runtime/Debugging/Prefabs/Widgets/DebugUIPanel.prefab
  artifactKey: Guid(daa46a58178a6ad41ae1ddc2dc7f856d) Importer(815301076,1909f56bfc062723c751e8b465ee728b)
Start importing Packages/com.unity.render-pipelines.core/Runtime/Debugging/Prefabs/Widgets/DebugUIPanel.prefab using Guid(daa46a58178a6ad41ae1ddc2dc7f856d) Importer(815301076,1909f56bfc062723c751e8b465ee728b)  -> (artifact id: '5df77015f1e3e6e00d457eca132f54fb') in 0.026172 seconds 
========================================================================
Received Import Request.
  Time since last request: 0.000031 seconds.
  path: Packages/com.unity.render-pipelines.core/Runtime/Debugging/Prefabs/Widgets/DebugUIUIntField.prefab
  artifactKey: Guid(f22bcc84a5f4a1944b075a2c4ac71493) Importer(815301076,1909f56bfc062723c751e8b465ee728b)
Start importing Packages/com.unity.render-pipelines.core/Runtime/Debugging/Prefabs/Widgets/DebugUIUIntField.prefab using Guid(f22bcc84a5f4a1944b075a2c4ac71493) Importer(815301076,1909f56bfc062723c751e8b465ee728b)  -> (artifact id: '54a4fc68f09327d7c8a477791711ab02') in 0.012251 seconds 
========================================================================
Received Import Request.
  Time since last request: 0.000027 seconds.
  path: Packages/com.unity.render-pipelines.core/Runtime/Debugging/Prefabs/Widgets/DebugUIToggle.prefab
  artifactKey: Guid(ce347ad101f41ee4ab5c3fbc0ea447db) Importer(815301076,1909f56bfc062723c751e8b465ee728b)
Start importing Packages/com.unity.render-pipelines.core/Runtime/Debugging/Prefabs/Widgets/DebugUIToggle.prefab using Guid(ce347ad101f41ee4ab5c3fbc0ea447db) Importer(815301076,1909f56bfc062723c751e8b465ee728b)  -> (artifact id: 'c5c8142684694b2eb0e4dd23f2b87d39') in 0.010581 seconds 
========================================================================
Received Import Request.
  Time since last request: 0.000028 seconds.
  path: Packages/com.unity.render-pipelines.core/Runtime/Debugging/Prefabs/Resources/DebugUIPersistentCanvas.prefab
  artifactKey: Guid(f6b1a0fe75d5009449cf55ae76220e2b) Importer(815301076,1909f56bfc062723c751e8b465ee728b)
Start importing Packages/com.unity.render-pipelines.core/Runtime/Debugging/Prefabs/Resources/DebugUIPersistentCanvas.prefab using Guid(f6b1a0fe75d5009449cf55ae76220e2b) Importer(815301076,1909f56bfc062723c751e8b465ee728b)  -> (artifact id: '31469c96ad7a7d65892a96e198316d70') in 0.011747 seconds 
========================================================================
Received Import Request.
  Time since last request: 0.000022 seconds.
  path: Packages/com.unity.render-pipelines.core/Runtime/Debugging/Prefabs/Widgets/DebugUIHBox.prefab
  artifactKey: Guid(f7f5e36797cf0c1408561665c67b179b) Importer(815301076,1909f56bfc062723c751e8b465ee728b)
Start importing Packages/com.unity.render-pipelines.core/Runtime/Debugging/Prefabs/Widgets/DebugUIHBox.prefab using Guid(f7f5e36797cf0c1408561665c67b179b) Importer(815301076,1909f56bfc062723c751e8b465ee728b)  -> (artifact id: 'd78812fc71ccf4522bc7d20f1fb90028') in 0.012599 seconds 
========================================================================
Received Import Request.
  Time since last request: 0.000034 seconds.
  path: Packages/com.unity.render-pipelines.core/Runtime/Debugging/Prefabs/Widgets/DebugUIValue.prefab
  artifactKey: Guid(dc0f88987826e6e48b1fe9c7c2b53a53) Importer(815301076,1909f56bfc062723c751e8b465ee728b)
Start importing Packages/com.unity.render-pipelines.core/Runtime/Debugging/Prefabs/Widgets/DebugUIValue.prefab using Guid(dc0f88987826e6e48b1fe9c7c2b53a53) Importer(815301076,1909f56bfc062723c751e8b465ee728b)  -> (artifact id: '4e653b62ebe24adee9149d8c50d2af7b') in 0.010151 seconds 
========================================================================
Received Import Request.
  Time since last request: 0.000023 seconds.
  path: Packages/com.unity.render-pipelines.core/Runtime/Debugging/Prefabs/Widgets/DebugUIIntField.prefab
  artifactKey: Guid(ae00bb75e0cd5b04b8fe7fb4ab662629) Importer(815301076,1909f56bfc062723c751e8b465ee728b)
Start importing Packages/com.unity.render-pipelines.core/Runtime/Debugging/Prefabs/Widgets/DebugUIIntField.prefab using Guid(ae00bb75e0cd5b04b8fe7fb4ab662629) Importer(815301076,1909f56bfc062723c751e8b465ee728b)  -> (artifact id: 'ba26d4d9509d1d3e74fc68bd093a1e99') in 0.010772 seconds 
========================================================================
Received Import Request.
  Time since last request: 0.000024 seconds.
  path: Packages/com.unity.render-pipelines.core/Runtime/Debugging/Prefabs/Resources/DebugUICanvas.prefab
  artifactKey: Guid(cf6cbdd672089a84796e55a21fed1cbe) Importer(815301076,1909f56bfc062723c751e8b465ee728b)
Start importing Packages/com.unity.render-pipelines.core/Runtime/Debugging/Prefabs/Resources/DebugUICanvas.prefab using Guid(cf6cbdd672089a84796e55a21fed1cbe) Importer(815301076,1909f56bfc062723c751e8b465ee728b)  -> (artifact id: '32a920d844733d653825802303b79c06') in 0.029133 seconds 
========================================================================
Received Import Request.
  Time since last request: 0.141353 seconds.
  path: Assets/Materials/Grass.mat
  artifactKey: Guid(2329c2ed86933024081e3d104feab5d2) Importer(815301076,1909f56bfc062723c751e8b465ee728b)
Start importing Assets/Materials/Grass.mat using Guid(2329c2ed86933024081e3d104feab5d2) Importer(815301076,1909f56bfc062723c751e8b465ee728b)  -> (artifact id: '6fd54ce2102fdc8ee530fffe30d1f2fe') in 0.869220 seconds 
Editor requested this worker to shutdown with reason: Scaling down because of idle timeout
AssetImportWorker is now disconnected from the server
Process exiting
Exiting without the bug reporter. Application will terminate with return code 0