Using pre-set license
Built from '2021.3/staging' branch; Version is '2021.3.4f1 (cb45f9cae8b7) revision 13321721'; Using compiler version '192829333'; Build Type 'Release'
OS: 'Windows 11  (10.0.22621) 64bit Professional' Language: 'ru' Physical Memory: 16236 MB
BatchMode: 1, IsHumanControllingUs: 0, StartBugReporterOnCrash: 0, Is64bit: 1, IsPro: 1

COMMAND LINE ARGUMENTS:
C:\Program Files\Unity\Hub\Editor\2021.3.4f1\Editor\Unity.exe
-adb2
-batchMode
-noUpm
-name
AssetImportWorker4
-projectPath
D:/_Games Production/Learning/Game Engines/Unity/U.city-builder
-logFile
Logs/AssetImportWorker4.log
-srvPort
58588
Successfully changed project path to: D:/_Games Production/Learning/Game Engines/Unity/U.city-builder
D:/_Games Production/Learning/Game Engines/Unity/U.city-builder
[UnityMemory] Configuration Parameters - Can be set up in boot.config
    "memorysetup-bucket-allocator-granularity=16"
    "memorysetup-bucket-allocator-bucket-count=8"
    "memorysetup-bucket-allocator-block-size=33554432"
    "memorysetup-bucket-allocator-block-count=8"
    "memorysetup-main-allocator-block-size=16777216"
    "memorysetup-thread-allocator-block-size=16777216"
    "memorysetup-gfx-main-allocator-block-size=16777216"
    "memorysetup-gfx-thread-allocator-block-size=16777216"
    "memorysetup-cache-allocator-block-size=4194304"
    "memorysetup-typetree-allocator-block-size=2097152"
    "memorysetup-profiler-bucket-allocator-granularity=16"
    "memorysetup-profiler-bucket-allocator-bucket-count=8"
    "memorysetup-profiler-bucket-allocator-block-size=33554432"
    "memorysetup-profiler-bucket-allocator-block-count=8"
    "memorysetup-profiler-allocator-block-size=16777216"
    "memorysetup-profiler-editor-allocator-block-size=1048576"
    "memorysetup-temp-allocator-size-main=16777216"
    "memorysetup-job-temp-allocator-block-size=2097152"
    "memorysetup-job-temp-allocator-block-size-background=1048576"
    "memorysetup-job-temp-allocator-reduction-small-platforms=262144"
    "memorysetup-temp-allocator-size-background-worker=32768"
    "memorysetup-temp-allocator-size-job-worker=262144"
    "memorysetup-temp-allocator-size-preload-manager=33554432"
    "memorysetup-temp-allocator-size-nav-mesh-worker=65536"
    "memorysetup-temp-allocator-size-audio-worker=65536"
    "memorysetup-temp-allocator-size-cloud-worker=32768"
    "memorysetup-temp-allocator-size-gi-baking-worker=262144"
    "memorysetup-temp-allocator-size-gfx=262144"
Refreshing native plugins compatible for Editor in 112.75 ms, found 3 plugins.
Preloading 0 native plugins for Editor in 0.00 ms.
Initialize engine version: 2021.3.4f1 (cb45f9cae8b7)
[Subsystems] Discovering subsystems at path C:/Program Files/Unity/Hub/Editor/2021.3.4f1/Editor/Data/Resources/UnitySubsystems
[Subsystems] Discovering subsystems at path D:/_Games Production/Learning/Game Engines/Unity/U.city-builder/Assets
GfxDevice: creating device client; threaded=0; jobified=0
Direct3D:
    Version:  Direct3D 11.0 [level 11.1]
    Renderer: NVIDIA GeForce RTX 3060 Laptop GPU (ID=0x2560)
    Vendor:   NVIDIA
    VRAM:     6023 MB
    Driver:   30.0.15.1277
Initialize mono
Mono path[0] = 'C:/Program Files/Unity/Hub/Editor/2021.3.4f1/Editor/Data/Managed'
Mono path[1] = 'C:/Program Files/Unity/Hub/Editor/2021.3.4f1/Editor/Data/MonoBleedingEdge/lib/mono/unityjit-win32'
Mono config path = 'C:/Program Files/Unity/Hub/Editor/2021.3.4f1/Editor/Data/MonoBleedingEdge/etc'
Using monoOptions --debugger-agent=transport=dt_socket,embedding=1,server=y,suspend=n,address=127.0.0.1:56592
Begin MonoManager ReloadAssembly
Registering precompiled unity dll's ...
Register platform support module: C:/Program Files/Unity/Hub/Editor/2021.3.4f1/Editor/Data/PlaybackEngines/WebGLSupport/UnityEditor.WebGL.Extensions.dll
Register platform support module: C:/Program Files/Unity/Hub/Editor/2021.3.4f1/Editor/Data/PlaybackEngines/WindowsStandaloneSupport/UnityEditor.WindowsStandalone.Extensions.dll
Registered in 0.006457 seconds.
Native extension for WindowsStandalone target not found
Native extension for WebGL target not found
Refreshing native plugins compatible for Editor in 85.87 ms, found 3 plugins.
Preloading 0 native plugins for Editor in 0.00 ms.
Mono: successfully reloaded assembly
- Completed reload, in  0.572 seconds
Domain Reload Profiling:
	ReloadAssembly (573ms)
		BeginReloadAssembly (61ms)
			ExecutionOrderSort (0ms)
			DisableScriptedObjects (0ms)
			BackupInstance (0ms)
			ReleaseScriptingObjects (0ms)
			CreateAndSetChildDomain (1ms)
		EndReloadAssembly (411ms)
			LoadAssemblies (59ms)
			RebuildTransferFunctionScriptingTraits (0ms)
			SetupTypeCache (82ms)
			ReleaseScriptCaches (0ms)
			RebuildScriptCaches (23ms)
			SetupLoadedEditorAssemblies (261ms)
				LogAssemblyErrors (0ms)
				InitializePlatformSupportModulesInManaged (9ms)
				SetLoadedEditorAssemblies (0ms)
				RefreshPlugins (86ms)
				BeforeProcessingInitializeOnLoad (1ms)
				ProcessInitializeOnLoadAttributes (124ms)
				ProcessInitializeOnLoadMethodAttributes (40ms)
				AfterProcessingInitializeOnLoad (0ms)
				EditorAssembliesLoaded (0ms)
			ExecutionOrderSort2 (0ms)
			AwakeInstancesAfterBackupRestoration (0ms)
Platform modules already initialized, skipping
Registering precompiled user dll's ...
Registered in 0.004491 seconds.
Begin MonoManager ReloadAssembly
Symbol file LoadedFromMemory doesn't match image D:\_Games Production\Learning\Game Engines\Unity\U.city-builder\Library\PackageCache\com.unity.visualscripting@1.7.8\Editor\VisualScripting.Core\Dependencies\YamlDotNet\Unity.VisualScripting.YamlDotNet.dll
Symbol file LoadedFromMemory doesn't match image D:\_Games Production\Learning\Game Engines\Unity\U.city-builder\Library\PackageCache\com.unity.visualscripting@1.7.8\Editor\VisualScripting.Core\Dependencies\DotNetZip\Unity.VisualScripting.IonicZip.dll
Native extension for WindowsStandalone target not found
Native extension for WebGL target not found
Refreshing native plugins compatible for Editor in 96.08 ms, found 3 plugins.
Preloading 0 native plugins for Editor in 0.00 ms.
Mono: successfully reloaded assembly
- Completed reload, in  1.155 seconds
Domain Reload Profiling:
	ReloadAssembly (1156ms)
		BeginReloadAssembly (134ms)
			ExecutionOrderSort (0ms)
			DisableScriptedObjects (5ms)
			BackupInstance (0ms)
			ReleaseScriptingObjects (0ms)
			CreateAndSetChildDomain (58ms)
		EndReloadAssembly (925ms)
			LoadAssemblies (68ms)
			RebuildTransferFunctionScriptingTraits (0ms)
			SetupTypeCache (208ms)
			ReleaseScriptCaches (1ms)
			RebuildScriptCaches (50ms)
			SetupLoadedEditorAssemblies (522ms)
				LogAssemblyErrors (0ms)
				InitializePlatformSupportModulesInManaged (6ms)
				SetLoadedEditorAssemblies (0ms)
				RefreshPlugins (96ms)
				BeforeProcessingInitializeOnLoad (94ms)
				ProcessInitializeOnLoadAttributes (240ms)
				ProcessInitializeOnLoadMethodAttributes (78ms)
				AfterProcessingInitializeOnLoad (9ms)
				EditorAssembliesLoaded (0ms)
			ExecutionOrderSort2 (0ms)
			AwakeInstancesAfterBackupRestoration (7ms)
Platform modules already initialized, skipping
========================================================================
Worker process is ready to serve import requests
Launched and connected shader compiler UnityShaderCompiler.exe after 0.08 seconds
Refreshing native plugins compatible for Editor in 0.96 ms, found 3 plugins.
Preloading 0 native plugins for Editor in 0.00 ms.
Unloading 5019 Unused Serialized files (Serialized files now loaded: 0)
Unloading 34 unused Assets / (0.7 MB). Loaded Objects now: 5472.
Memory consumption went from 196.4 MB to 195.7 MB.
Total: 4.189400 ms (FindLiveObjects: 0.430400 ms CreateObjectMapping: 0.245200 ms MarkObjects: 3.237500 ms  DeleteObjects: 0.275600 ms)

AssetImportParameters requested are different than current active one (requested -> active):
  custom:video-decoder-ogg-theora: a1e56fd34408186e4bbccfd4996cb3dc -> 
  custom:container-muxer-webm: aa71ff27fc2769a1b78a27578f13a17b -> 
  custom:container-demuxer-webm: 4f35f7cbe854078d1ac9338744f61a02 -> 
  custom:video-encoder-webm-vp8: eb34c28f22e8b96e1ab97ce403110664 -> 
  custom:audio-encoder-webm-vorbis: bf7c407c2cedff20999df2af8eb42d56 -> 
  custom:framework-win-MediaFoundation: 216162199b28c13a410421893ffa2e32 -> 
  custom:container-demuxer-ogg: 62fdf1f143b41e24485cea50d1cbac27 -> 
  custom:video-decoder-webm-vp8: 9c59270c3fd7afecdb556c50c9e8de78 -> 
  custom:audio-decoder-ogg-vorbis: bf7c407c2cedff20999df2af8eb42d56 -> 
========================================================================
Received Import Request.
  Time since last request: 359881.046647 seconds.
  path: Assets/Prefabs/Cars
  artifactKey: Guid(13e691ca38d8ac142a60601bedfc0c46) Importer(815301076,1909f56bfc062723c751e8b465ee728b)
Start importing Assets/Prefabs/Cars using Guid(13e691ca38d8ac142a60601bedfc0c46) Importer(815301076,1909f56bfc062723c751e8b465ee728b)  -> (artifact id: '56f2641cfff9dce248a8afe020201dbf') in 0.074936 seconds 
========================================================================
Received Import Request.
  Time since last request: 6.304433 seconds.
  path: Assets/Models/Basic Car Pack - Jan 2017/Preview.jpg
  artifactKey: Guid(749f9c148ef64074db57ba6bd1a0a183) Importer(815301076,1909f56bfc062723c751e8b465ee728b)
Start importing Assets/Models/Basic Car Pack - Jan 2017/Preview.jpg using Guid(749f9c148ef64074db57ba6bd1a0a183) Importer(815301076,1909f56bfc062723c751e8b465ee728b)  -> (artifact id: '3eb42d99323e802544d118524dcb720f') in 0.064368 seconds 
========================================================================
Received Import Request.
  Time since last request: 12.641470 seconds.
  path: Assets/Models/Animated Men Characters - Feb 2019/FBX/Male_Casual.fbx
  artifactKey: Guid(1c96553af85476e4594386a9d618838a) Importer(815301076,1909f56bfc062723c751e8b465ee728b)
Start importing Assets/Models/Animated Men Characters - Feb 2019/FBX/Male_Casual.fbx using Guid(1c96553af85476e4594386a9d618838a) Importer(815301076,1909f56bfc062723c751e8b465ee728b)  -> (artifact id: '01be0a445ac2b8b1392d5b5c32513ed4') in 1.305555 seconds 
========================================================================
Received Import Request.
  Time since last request: 0.196755 seconds.
  path: Assets/Models/Animated Men Characters - Feb 2019/Preview.jpg
  artifactKey: Guid(d83aa75fc37e4374c8b0fe3f36fab488) Importer(815301076,1909f56bfc062723c751e8b465ee728b)
Start importing Assets/Models/Animated Men Characters - Feb 2019/Preview.jpg using Guid(d83aa75fc37e4374c8b0fe3f36fab488) Importer(815301076,1909f56bfc062723c751e8b465ee728b)  -> (artifact id: '18071f540849959176734e5ce80fff99') in 0.014696 seconds 
========================================================================
Received Import Request.
  Time since last request: 0.950848 seconds.
  path: Assets/Models/Animated Women Characters - Feb 2019/Preview.png
  artifactKey: Guid(dd9df50eb87122d4b9ea05c3f3053983) Importer(815301076,1909f56bfc062723c751e8b465ee728b)
Start importing Assets/Models/Animated Women Characters - Feb 2019/Preview.png using Guid(dd9df50eb87122d4b9ea05c3f3053983) Importer(815301076,1909f56bfc062723c751e8b465ee728b)  -> (artifact id: 'fc456d3a5ca3b09825b81457701a9354') in 0.010528 seconds 
========================================================================
Received Import Request.
  Time since last request: 0.439175 seconds.
  path: Assets/Models/Animated Women Characters - Feb 2019/FBX/Female_Alternative.fbx
  artifactKey: Guid(89ce2b46d88b0354c962482aaf27acbc) Importer(815301076,1909f56bfc062723c751e8b465ee728b)
Start importing Assets/Models/Animated Women Characters - Feb 2019/FBX/Female_Alternative.fbx using Guid(89ce2b46d88b0354c962482aaf27acbc) Importer(815301076,1909f56bfc062723c751e8b465ee728b)  -> (artifact id: '04d1344f2ae3603ee29ab059ed6e1baa') in 0.150798 seconds 
========================================================================
Received Import Request.
  Time since last request: 0.000028 seconds.
  path: Assets/Models/Animated Women Characters - Feb 2019/FBX/Smooth_Female_Alternative.fbx
  artifactKey: Guid(a9b59366e3f8d2b4680967756d593c23) Importer(815301076,1909f56bfc062723c751e8b465ee728b)
Start importing Assets/Models/Animated Women Characters - Feb 2019/FBX/Smooth_Female_Alternative.fbx using Guid(a9b59366e3f8d2b4680967756d593c23) Importer(815301076,1909f56bfc062723c751e8b465ee728b)  -> (artifact id: 'f56165b2ba0caaca770c6ff331ca456f') in 0.112356 seconds 
========================================================================
Received Import Request.
  Time since last request: 5.022372 seconds.
  path: Assets/Models/Buildings pack by @Quaternius/FBX/Bank.fbx
  artifactKey: Guid(2d30037fc1eeb7f4aba9d08d8204444c) Importer(815301076,1909f56bfc062723c751e8b465ee728b)
Start importing Assets/Models/Buildings pack by @Quaternius/FBX/Bank.fbx using Guid(2d30037fc1eeb7f4aba9d08d8204444c) Importer(815301076,1909f56bfc062723c751e8b465ee728b)  -> (artifact id: 'ee4f150fc575eb8132bf333ae8ddf721') in 0.041254 seconds 
========================================================================
Received Import Request.
  Time since last request: 0.000027 seconds.
  path: Assets/Models/Buildings pack by @Quaternius/FBX/House5.fbx
  artifactKey: Guid(9b42890c687afcc46a4669aebb097776) Importer(815301076,1909f56bfc062723c751e8b465ee728b)
Start importing Assets/Models/Buildings pack by @Quaternius/FBX/House5.fbx using Guid(9b42890c687afcc46a4669aebb097776) Importer(815301076,1909f56bfc062723c751e8b465ee728b)  -> (artifact id: 'c2584a815584194efb3963c49d82710a') in 0.101701 seconds 
========================================================================
Received Import Request.
  Time since last request: 0.956369 seconds.
  path: Assets/Models/Buildings pack by @Quaternius/Materials/HouseTexture2.mat
  artifactKey: Guid(5e9e5de4cae0bd64e95b4b0d3c0786a8) Importer(815301076,1909f56bfc062723c751e8b465ee728b)
Start importing Assets/Models/Buildings pack by @Quaternius/Materials/HouseTexture2.mat using Guid(5e9e5de4cae0bd64e95b4b0d3c0786a8) Importer(815301076,1909f56bfc062723c751e8b465ee728b)  -> (artifact id: 'a2814c67dd85bc1cfbf68d1dcf3d45c4') in 0.019580 seconds 
========================================================================
Received Import Request.
  Time since last request: 1.334804 seconds.
  path: Assets/Models/Buildings pack by @Quaternius/Textures/HouseTexture2.png
  artifactKey: Guid(0a92b822544217742a229c05adbc0381) Importer(815301076,1909f56bfc062723c751e8b465ee728b)
Start importing Assets/Models/Buildings pack by @Quaternius/Textures/HouseTexture2.png using Guid(0a92b822544217742a229c05adbc0381) Importer(815301076,1909f56bfc062723c751e8b465ee728b)  -> (artifact id: '00ab3cf920419a944bfeafcf19fa0304') in 0.010469 seconds 
========================================================================
Received Import Request.
  Time since last request: 0.815602 seconds.
  path: Assets/Models/Buildings pack by @Quaternius/Textures/HouseTexture4.png
  artifactKey: Guid(8c7bdfc8650e6c545bd2e81bc23a919d) Importer(815301076,1909f56bfc062723c751e8b465ee728b)
Start importing Assets/Models/Buildings pack by @Quaternius/Textures/HouseTexture4.png using Guid(8c7bdfc8650e6c545bd2e81bc23a919d) Importer(815301076,1909f56bfc062723c751e8b465ee728b)  -> (artifact id: '9d46dee232aa0d618d2a4992e6115791') in 0.011130 seconds 
========================================================================
Received Import Request.
  Time since last request: 8.202829 seconds.
  path: Assets/Models/Buildings pack by @Quaternius/Textures/Hotel.png
  artifactKey: Guid(9abfc9b19e3fa8f49808ec96745be989) Importer(815301076,1909f56bfc062723c751e8b465ee728b)
Start importing Assets/Models/Buildings pack by @Quaternius/Textures/Hotel.png using Guid(9abfc9b19e3fa8f49808ec96745be989) Importer(815301076,1909f56bfc062723c751e8b465ee728b)  -> (artifact id: 'a9fca0a67d5d4c73dee2e092fd47075d') in 0.020111 seconds 
========================================================================
Received Import Request.
  Time since last request: 0.000025 seconds.
  path: Assets/Models/Buildings pack by @Quaternius/Textures/HouseTexture1.png
  artifactKey: Guid(05d7c34f13e293f40a86e116be30ffe5) Importer(815301076,1909f56bfc062723c751e8b465ee728b)
Start importing Assets/Models/Buildings pack by @Quaternius/Textures/HouseTexture1.png using Guid(05d7c34f13e293f40a86e116be30ffe5) Importer(815301076,1909f56bfc062723c751e8b465ee728b)  -> (artifact id: '3589312e34be468b7567a510bda5a72b') in 0.031231 seconds 
========================================================================
Received Import Request.
  Time since last request: 1.087397 seconds.
  path: Assets/Models/Buildings pack by @Quaternius/Preview.png
  artifactKey: Guid(606337a7b3e3f7f4f9e9d7125b6f85af) Importer(815301076,1909f56bfc062723c751e8b465ee728b)
Start importing Assets/Models/Buildings pack by @Quaternius/Preview.png using Guid(606337a7b3e3f7f4f9e9d7125b6f85af) Importer(815301076,1909f56bfc062723c751e8b465ee728b)  -> (artifact id: '60d718112303b577c547692cff9bf781') in 0.049545 seconds 
========================================================================
Received Import Request.
  Time since last request: 11.225552 seconds.
  path: Assets/Models/Buildings packs 3/Preview.png
  artifactKey: Guid(609529924ea095c4ea325075908d7a8f) Importer(815301076,1909f56bfc062723c751e8b465ee728b)
Start importing Assets/Models/Buildings packs 3/Preview.png using Guid(609529924ea095c4ea325075908d7a8f) Importer(815301076,1909f56bfc062723c751e8b465ee728b)  -> (artifact id: '3de776cd78eb20e24673ec4d42f46ab5') in 0.028261 seconds 
========================================================================
Received Import Request.
  Time since last request: 0.974677 seconds.
  path: Assets/Models/Buildings packs 3/FBX/Barn.fbx
  artifactKey: Guid(71c8b9a34e0c59a4daa999d24e7c50e0) Importer(815301076,1909f56bfc062723c751e8b465ee728b)
Start importing Assets/Models/Buildings packs 3/FBX/Barn.fbx using Guid(71c8b9a34e0c59a4daa999d24e7c50e0) Importer(815301076,1909f56bfc062723c751e8b465ee728b)  -> (artifact id: '81f5abe9a8f84ed9f6100d2f8b525acb') in 0.111629 seconds 
========================================================================
Received Import Request.
  Time since last request: 0.000030 seconds.
  path: Assets/Models/Buildings packs 3/FBX/Fence2.fbx
  artifactKey: Guid(98d21eb0ef539c747afc69ef90a9243e) Importer(815301076,1909f56bfc062723c751e8b465ee728b)
Start importing Assets/Models/Buildings packs 3/FBX/Fence2.fbx using Guid(98d21eb0ef539c747afc69ef90a9243e) Importer(815301076,1909f56bfc062723c751e8b465ee728b)  -> (artifact id: '464ffb6226b14c57a464d8c1868c498a') in 0.030206 seconds 
========================================================================
Received Import Request.
  Time since last request: 0.000049 seconds.
  path: Assets/Models/Buildings packs 3/FBX/OpenBarn.fbx
  artifactKey: Guid(2f7521e31c49a7f43bc9c02fc752321e) Importer(815301076,1909f56bfc062723c751e8b465ee728b)
Start importing Assets/Models/Buildings packs 3/FBX/OpenBarn.fbx using Guid(2f7521e31c49a7f43bc9c02fc752321e) Importer(815301076,1909f56bfc062723c751e8b465ee728b)  -> (artifact id: 'd455d89b6b59b1a900dff57c664d0f83') in 0.063172 seconds 
========================================================================
Received Import Request.
  Time since last request: 2.106437 seconds.
  path: Assets/Models/Cloud Pack - Jun 2016/Preview.png
  artifactKey: Guid(e431c377da02cb7468a7bc638a059144) Importer(815301076,1909f56bfc062723c751e8b465ee728b)
Start importing Assets/Models/Cloud Pack - Jun 2016/Preview.png using Guid(e431c377da02cb7468a7bc638a059144) Importer(815301076,1909f56bfc062723c751e8b465ee728b)  -> (artifact id: '167a1d6f0a8d761e45d4849814954ae7') in 0.011501 seconds 
========================================================================
Received Import Request.
  Time since last request: 0.292819 seconds.
  path: Assets/Models/Cloud Pack - Jun 2016/Blends/AirBalloon.blend
  artifactKey: Guid(c5d439c6d1010a140acb12c5d9efdebf) Importer(815301076,1909f56bfc062723c751e8b465ee728b)
Start importing Assets/Models/Cloud Pack - Jun 2016/Blends/AirBalloon.blend using Guid(c5d439c6d1010a140acb12c5d9efdebf) Importer(815301076,1909f56bfc062723c751e8b465ee728b)  -> (artifact id: '47a497f86e26058f560b0dd83601cf16') in 0.082745 seconds 
========================================================================
Received Import Request.
  Time since last request: 0.000032 seconds.
  path: Assets/Models/Cloud Pack - Jun 2016/Blends/Cloud7.blend
  artifactKey: Guid(449c37bc9b4962848bcde884e3c9a6ae) Importer(815301076,1909f56bfc062723c751e8b465ee728b)
Start importing Assets/Models/Cloud Pack - Jun 2016/Blends/Cloud7.blend using Guid(449c37bc9b4962848bcde884e3c9a6ae) Importer(815301076,1909f56bfc062723c751e8b465ee728b)  -> (artifact id: 'fae08c7787cc4221fbc9f8ac6738256c') in 0.055465 seconds 
========================================================================
Received Import Request.
  Time since last request: 1.367388 seconds.
  path: Assets/Models/Cloud Pack - Jun 2016/Blends/Texture/AirBalloonTexture.png
  artifactKey: Guid(4e2c74a0208152248ae82cd9c9dfb0a8) Importer(815301076,1909f56bfc062723c751e8b465ee728b)
Start importing Assets/Models/Cloud Pack - Jun 2016/Blends/Texture/AirBalloonTexture.png using Guid(4e2c74a0208152248ae82cd9c9dfb0a8) Importer(815301076,1909f56bfc062723c751e8b465ee728b)  -> (artifact id: '7b7491d4f5d16704e1f3db0de4394876') in 0.014253 seconds 
========================================================================
Received Import Request.
  Time since last request: 2.353332 seconds.
  path: Assets/Models/Farm Animals Animated  - Jun 2018/FBX/Cow.fbx
  artifactKey: Guid(d01eeaf54c8658445ae2e3e3e4b7465f) Importer(815301076,1909f56bfc062723c751e8b465ee728b)
Start importing Assets/Models/Farm Animals Animated  - Jun 2018/FBX/Cow.fbx using Guid(d01eeaf54c8658445ae2e3e3e4b7465f) Importer(815301076,1909f56bfc062723c751e8b465ee728b)  -> (artifact id: 'e295451614eed3aaf1f3c09012fff73e') in 0.056081 seconds 
========================================================================
Received Import Request.
  Time since last request: 1.849220 seconds.
  path: Assets/Models/PowerUps - May 2016/Blends/Bolt.blend
  artifactKey: Guid(02236b19cb2f4634ca6061986df6fc60) Importer(815301076,1909f56bfc062723c751e8b465ee728b)
Start importing Assets/Models/PowerUps - May 2016/Blends/Bolt.blend using Guid(02236b19cb2f4634ca6061986df6fc60) Importer(815301076,1909f56bfc062723c751e8b465ee728b)  -> (artifact id: '36a94e59213e8c46cf796e775247eb6f') in 0.065780 seconds 
========================================================================
Received Import Request.
  Time since last request: 0.000029 seconds.
  path: Assets/Models/PowerUps - May 2016/Blends/SimpleCoin.blend
  artifactKey: Guid(1ab5bc596792e844aaa90a2089c9ebff) Importer(815301076,1909f56bfc062723c751e8b465ee728b)
Start importing Assets/Models/PowerUps - May 2016/Blends/SimpleCoin.blend using Guid(1ab5bc596792e844aaa90a2089c9ebff) Importer(815301076,1909f56bfc062723c751e8b465ee728b)  -> (artifact id: '51a5e41552218edbd4cb3e67c46ec71a') in 0.061392 seconds 
========================================================================
Received Import Request.
  Time since last request: 1.436253 seconds.
  path: Assets/Models/Roads/FBX/Sign_NoParking.fbx
  artifactKey: Guid(e29fe1f02ca7fdb48a3bc0ffbd04767d) Importer(815301076,1909f56bfc062723c751e8b465ee728b)
Start importing Assets/Models/Roads/FBX/Sign_NoParking.fbx using Guid(e29fe1f02ca7fdb48a3bc0ffbd04767d) Importer(815301076,1909f56bfc062723c751e8b465ee728b)  -> (artifact id: '5f3b02ec0bbf19a9fa3b95600eb84a74') in 0.114582 seconds 
========================================================================
Received Import Request.
  Time since last request: 0.000037 seconds.
  path: Assets/Models/Roads/FBX/Street_Bridge_Ramp.fbx
  artifactKey: Guid(0d1504f3ec539e541a985f9b78b9c04c) Importer(815301076,1909f56bfc062723c751e8b465ee728b)
Start importing Assets/Models/Roads/FBX/Street_Bridge_Ramp.fbx using Guid(0d1504f3ec539e541a985f9b78b9c04c) Importer(815301076,1909f56bfc062723c751e8b465ee728b)  -> (artifact id: '9ed830e844eafe316b514f96997ee910') in 0.185710 seconds 
========================================================================
Received Import Request.
  Time since last request: 0.000029 seconds.
  path: Assets/Models/Roads/FBX/Streetlight_Triple.fbx
  artifactKey: Guid(53b82f0c186998e4498f64ea18b4d025) Importer(815301076,1909f56bfc062723c751e8b465ee728b)
Start importing Assets/Models/Roads/FBX/Streetlight_Triple.fbx using Guid(53b82f0c186998e4498f64ea18b4d025) Importer(815301076,1909f56bfc062723c751e8b465ee728b)  -> (artifact id: '4caa7cef8147335d942c66507a8b26a1') in 0.068699 seconds 
========================================================================
Received Import Request.
  Time since last request: 0.000034 seconds.
  path: Assets/Models/Roads/FBX/Street_Empty_Water.fbx
  artifactKey: Guid(15aeb528b50a3db449d8f17688ffb58a) Importer(815301076,1909f56bfc062723c751e8b465ee728b)
Start importing Assets/Models/Roads/FBX/Street_Empty_Water.fbx using Guid(15aeb528b50a3db449d8f17688ffb58a) Importer(815301076,1909f56bfc062723c751e8b465ee728b)  -> (artifact id: '530be7d5b7025789f42392a5fd2da473') in 0.030745 seconds 
========================================================================
Received Import Request.
  Time since last request: 0.000027 seconds.
  path: Assets/Models/Roads/FBX/Street_Curve.fbx
  artifactKey: Guid(d6e97e8cc3b52c54d8b4ab6009a20ec4) Importer(815301076,1909f56bfc062723c751e8b465ee728b)
Start importing Assets/Models/Roads/FBX/Street_Curve.fbx using Guid(d6e97e8cc3b52c54d8b4ab6009a20ec4) Importer(815301076,1909f56bfc062723c751e8b465ee728b)  -> (artifact id: '044e53e9237530d82a973f29b69bf2ef') in 0.043888 seconds 
========================================================================
Received Import Request.
  Time since last request: 0.000038 seconds.
  path: Assets/Models/Roads/FBX/Street_Bridge_Underpass.fbx
  artifactKey: Guid(172ca033fe2d04c45be3b58115fb38a1) Importer(815301076,1909f56bfc062723c751e8b465ee728b)
Start importing Assets/Models/Roads/FBX/Street_Bridge_Underpass.fbx using Guid(172ca033fe2d04c45be3b58115fb38a1) Importer(815301076,1909f56bfc062723c751e8b465ee728b)  -> (artifact id: '95d02a6ecfab3b6e042d89e08df411ef') in 0.056925 seconds 
========================================================================
Received Import Request.
  Time since last request: 0.000036 seconds.
  path: Assets/Models/Roads/FBX/Street_Deadend.fbx
  artifactKey: Guid(f6e0d5ed769c03e47940f83c3876f033) Importer(815301076,1909f56bfc062723c751e8b465ee728b)
Start importing Assets/Models/Roads/FBX/Street_Deadend.fbx using Guid(f6e0d5ed769c03e47940f83c3876f033) Importer(815301076,1909f56bfc062723c751e8b465ee728b)  -> (artifact id: '0c93d758841d7a6e2cc2172015e8625f') in 0.045339 seconds 
========================================================================
Received Import Request.
  Time since last request: 0.852874 seconds.
  path: Assets/Models/PowerUps - May 2016/Preview.png
  artifactKey: Guid(4514bf8745149e4419ae0f7efd32666d) Importer(815301076,1909f56bfc062723c751e8b465ee728b)
Start importing Assets/Models/PowerUps - May 2016/Preview.png using Guid(4514bf8745149e4419ae0f7efd32666d) Importer(815301076,1909f56bfc062723c751e8b465ee728b)  -> (artifact id: 'a0ed8155f764370beee19cb99c6da35d') in 0.046442 seconds 
========================================================================
Received Import Request.
  Time since last request: 1.359531 seconds.
  path: Assets/Models/Ultimate Nature Pack/FBX/BirchTree_1.fbx
  artifactKey: Guid(1dc2d921221855644919dd504825f487) Importer(815301076,1909f56bfc062723c751e8b465ee728b)
Start importing Assets/Models/Ultimate Nature Pack/FBX/BirchTree_1.fbx using Guid(1dc2d921221855644919dd504825f487) Importer(815301076,1909f56bfc062723c751e8b465ee728b)  -> (artifact id: 'b188ec4c6dcddf7f745ce00d9bf8a56e') in 0.099085 seconds 
========================================================================
Received Import Request.
  Time since last request: 0.000023 seconds.
  path: Assets/Models/Ultimate Nature Pack/FBX/CommonTree_Dead_2.fbx
  artifactKey: Guid(95fa6085985a31640bde7d3f2eb30022) Importer(815301076,1909f56bfc062723c751e8b465ee728b)
Start importing Assets/Models/Ultimate Nature Pack/FBX/CommonTree_Dead_2.fbx using Guid(95fa6085985a31640bde7d3f2eb30022) Importer(815301076,1909f56bfc062723c751e8b465ee728b)  -> (artifact id: 'cee6385622f66eb821753f3e1b27231e') in 0.044293 seconds 
========================================================================
Received Import Request.
  Time since last request: 0.000033 seconds.
  path: Assets/Models/Ultimate Nature Pack/FBX/BirchTree_Dead_Snow_2.fbx
  artifactKey: Guid(ca6d4e9170a406f40821dc70fdd18891) Importer(815301076,1909f56bfc062723c751e8b465ee728b)
Start importing Assets/Models/Ultimate Nature Pack/FBX/BirchTree_Dead_Snow_2.fbx using Guid(ca6d4e9170a406f40821dc70fdd18891) Importer(815301076,1909f56bfc062723c751e8b465ee728b)  -> (artifact id: '13ecfc4c168d87c73acb42c48493abdc') in 0.059254 seconds 
========================================================================
Received Import Request.
  Time since last request: 0.000044 seconds.
  path: Assets/Models/Ultimate Nature Pack/FBX/BirchTree_Dead_5.fbx
  artifactKey: Guid(7ac75fe4e7285d542b7fdd7de34fed7b) Importer(815301076,1909f56bfc062723c751e8b465ee728b)
Start importing Assets/Models/Ultimate Nature Pack/FBX/BirchTree_Dead_5.fbx using Guid(7ac75fe4e7285d542b7fdd7de34fed7b) Importer(815301076,1909f56bfc062723c751e8b465ee728b)  -> (artifact id: '9a43dd6325c0f753fcb816b8dbb29e7f') in 0.049982 seconds 
========================================================================
Received Import Request.
  Time since last request: 0.000024 seconds.
  path: Assets/Models/Ultimate Nature Pack/FBX/Bush_Snow_1.fbx
  artifactKey: Guid(832ce71d668d346479d6dbf2872eea18) Importer(815301076,1909f56bfc062723c751e8b465ee728b)
Start importing Assets/Models/Ultimate Nature Pack/FBX/Bush_Snow_1.fbx using Guid(832ce71d668d346479d6dbf2872eea18) Importer(815301076,1909f56bfc062723c751e8b465ee728b)  -> (artifact id: 'cd9a669cf39274c0c7982458678cd78b') in 0.042202 seconds 
========================================================================
Received Import Request.
  Time since last request: 0.000033 seconds.
  path: Assets/Models/Ultimate Nature Pack/FBX/Cactus_3.fbx
  artifactKey: Guid(724645c769b3b8240874c84ca8108ddf) Importer(815301076,1909f56bfc062723c751e8b465ee728b)
Start importing Assets/Models/Ultimate Nature Pack/FBX/Cactus_3.fbx using Guid(724645c769b3b8240874c84ca8108ddf) Importer(815301076,1909f56bfc062723c751e8b465ee728b)  -> (artifact id: '6059cb2c8edd914e61303da2b59ab7af') in 0.033907 seconds 
========================================================================
Received Import Request.
  Time since last request: 0.000025 seconds.
  path: Assets/Models/Ultimate Nature Pack/FBX/CactusFlower_1.fbx
  artifactKey: Guid(797d6526c05daaa43b9f84d3c8b978fe) Importer(815301076,1909f56bfc062723c751e8b465ee728b)
Start importing Assets/Models/Ultimate Nature Pack/FBX/CactusFlower_1.fbx using Guid(797d6526c05daaa43b9f84d3c8b978fe) Importer(815301076,1909f56bfc062723c751e8b465ee728b)  -> (artifact id: '32e2e44bacfe7dba0332f512f176f2b3') in 0.034122 seconds 
========================================================================
Received Import Request.
  Time since last request: 0.000030 seconds.
  path: Assets/Models/Ultimate Nature Pack/FBX/Cactus_5.fbx
  artifactKey: Guid(b9e4836235f8b4f408515d39f0618a54) Importer(815301076,1909f56bfc062723c751e8b465ee728b)
Start importing Assets/Models/Ultimate Nature Pack/FBX/Cactus_5.fbx using Guid(b9e4836235f8b4f408515d39f0618a54) Importer(815301076,1909f56bfc062723c751e8b465ee728b)  -> (artifact id: '7f3addab856d523705bf41c47c24d741') in 0.032558 seconds 
========================================================================
Received Import Request.
  Time since last request: 0.000036 seconds.
  path: Assets/Models/Ultimate Nature Pack/FBX/CommonTree_Dead_Snow_2.fbx
  artifactKey: Guid(730ad1301fa718b458b870735a65b89a) Importer(815301076,1909f56bfc062723c751e8b465ee728b)
Start importing Assets/Models/Ultimate Nature Pack/FBX/CommonTree_Dead_Snow_2.fbx using Guid(730ad1301fa718b458b870735a65b89a) Importer(815301076,1909f56bfc062723c751e8b465ee728b)  -> (artifact id: '46658de18f0dd63f5457df3ecd1fb3f6') in 0.041165 seconds 
========================================================================
Received Import Request.
  Time since last request: 0.000038 seconds.
  path: Assets/Models/Ultimate Nature Pack/FBX/BirchTree_Dead_Snow_3.fbx
  artifactKey: Guid(087ef1c8394181b4b87e6c4a282f5325) Importer(815301076,1909f56bfc062723c751e8b465ee728b)
Start importing Assets/Models/Ultimate Nature Pack/FBX/BirchTree_Dead_Snow_3.fbx using Guid(087ef1c8394181b4b87e6c4a282f5325) Importer(815301076,1909f56bfc062723c751e8b465ee728b)  -> (artifact id: 'd682128ea10a32a1982d9c4746a4328d') in 0.055247 seconds 
========================================================================
Received Import Request.
  Time since last request: 0.000028 seconds.
  path: Assets/Models/Ultimate Nature Pack/FBX/BirchTree_Dead_Snow_4.fbx
  artifactKey: Guid(2d2ad0a2c91d0c74d87ca58253d974a1) Importer(815301076,1909f56bfc062723c751e8b465ee728b)
Start importing Assets/Models/Ultimate Nature Pack/FBX/BirchTree_Dead_Snow_4.fbx using Guid(2d2ad0a2c91d0c74d87ca58253d974a1) Importer(815301076,1909f56bfc062723c751e8b465ee728b)  -> (artifact id: '5f859ea05d95e5b5d815dce82a842d2d') in 0.048433 seconds 
========================================================================
Received Import Request.
  Time since last request: 0.000028 seconds.
  path: Assets/Models/Ultimate Nature Pack/FBX/CommonTree_1.fbx
  artifactKey: Guid(8f2e986ba85abf444b0e2a4250059ca1) Importer(815301076,1909f56bfc062723c751e8b465ee728b)
Start importing Assets/Models/Ultimate Nature Pack/FBX/CommonTree_1.fbx using Guid(8f2e986ba85abf444b0e2a4250059ca1) Importer(815301076,1909f56bfc062723c751e8b465ee728b)  -> (artifact id: '7f210d6e8e8e65d7ef5ac2457433d63a') in 0.040086 seconds 
========================================================================
Received Import Request.
  Time since last request: 0.000027 seconds.
  path: Assets/Models/Ultimate Nature Pack/FBX/Bush_1.fbx
  artifactKey: Guid(23d935698b2387c43ba92d10c05f0dd6) Importer(815301076,1909f56bfc062723c751e8b465ee728b)
Start importing Assets/Models/Ultimate Nature Pack/FBX/Bush_1.fbx using Guid(23d935698b2387c43ba92d10c05f0dd6) Importer(815301076,1909f56bfc062723c751e8b465ee728b)  -> (artifact id: 'bdd0828f96aee7ded3090ad6eaf94c64') in 0.034223 seconds 
========================================================================
Received Import Request.
  Time since last request: 0.000028 seconds.
  path: Assets/Models/Ultimate Nature Pack/FBX/BirchTree_Dead_Snow_1.fbx
  artifactKey: Guid(0169dafb686ba4040a6c330363081087) Importer(815301076,1909f56bfc062723c751e8b465ee728b)
Start importing Assets/Models/Ultimate Nature Pack/FBX/BirchTree_Dead_Snow_1.fbx using Guid(0169dafb686ba4040a6c330363081087) Importer(815301076,1909f56bfc062723c751e8b465ee728b)  -> (artifact id: 'a6c972d105068cc30ab54a53c4f580e9') in 0.050662 seconds 
========================================================================
Received Import Request.
  Time since last request: 0.000048 seconds.
  path: Assets/Models/Ultimate Nature Pack/FBX/Cactus_4.fbx
  artifactKey: Guid(ca3e22d1d50daa7469df4bd3898b35f0) Importer(815301076,1909f56bfc062723c751e8b465ee728b)
Start importing Assets/Models/Ultimate Nature Pack/FBX/Cactus_4.fbx using Guid(ca3e22d1d50daa7469df4bd3898b35f0) Importer(815301076,1909f56bfc062723c751e8b465ee728b)  -> (artifact id: 'a4f24d06fd8ee2d1655d106001960618') in 0.032589 seconds 
========================================================================
Received Import Request.
  Time since last request: 0.000031 seconds.
  path: Assets/Models/Ultimate Nature Pack/FBX/CommonTree_5.fbx
  artifactKey: Guid(58b7af8ff41891545b1228ac707ff3ae) Importer(815301076,1909f56bfc062723c751e8b465ee728b)
Start importing Assets/Models/Ultimate Nature Pack/FBX/CommonTree_5.fbx using Guid(58b7af8ff41891545b1228ac707ff3ae) Importer(815301076,1909f56bfc062723c751e8b465ee728b)  -> (artifact id: 'bbd1edf96896d3078760be45824e2dd8') in 0.038409 seconds 
========================================================================
Received Import Request.
  Time since last request: 0.000043 seconds.
  path: Assets/Models/Ultimate Nature Pack/FBX/CommonTree_Dead_3.fbx
  artifactKey: Guid(d1ad9b46d070a19489aca9d8447231b7) Importer(815301076,1909f56bfc062723c751e8b465ee728b)
Start importing Assets/Models/Ultimate Nature Pack/FBX/CommonTree_Dead_3.fbx using Guid(d1ad9b46d070a19489aca9d8447231b7) Importer(815301076,1909f56bfc062723c751e8b465ee728b)  -> (artifact id: '42e4442fc58f895ae86cf9ecf51987d0') in 0.030653 seconds 
========================================================================
Received Import Request.
  Time since last request: 0.000034 seconds.
  path: Assets/Models/Ultimate Nature Pack/FBX/PalmTree_2.fbx
  artifactKey: Guid(8bd2c32c137a3f341938e4c9f32c56d0) Importer(815301076,1909f56bfc062723c751e8b465ee728b)
Start importing Assets/Models/Ultimate Nature Pack/FBX/PalmTree_2.fbx using Guid(8bd2c32c137a3f341938e4c9f32c56d0) Importer(815301076,1909f56bfc062723c751e8b465ee728b)  -> (artifact id: '0052ecb7d5b5a6882a3dc56fcd76bc42') in 0.050079 seconds 
========================================================================
Received Import Request.
  Time since last request: 0.000029 seconds.
  path: Assets/Models/Ultimate Nature Pack/FBX/PineTree_Autumn_1.fbx
  artifactKey: Guid(e215b6b08bc9e544a8e5a48a0ee62afd) Importer(815301076,1909f56bfc062723c751e8b465ee728b)
Start importing Assets/Models/Ultimate Nature Pack/FBX/PineTree_Autumn_1.fbx using Guid(e215b6b08bc9e544a8e5a48a0ee62afd) Importer(815301076,1909f56bfc062723c751e8b465ee728b)  -> (artifact id: '1827a940ae762d1959461fee5064fd69') in 0.049277 seconds 
========================================================================
Received Import Request.
  Time since last request: 0.000033 seconds.
  path: Assets/Models/Ultimate Nature Pack/FBX/PineTree_Autumn_2.fbx
  artifactKey: Guid(fa005077ffab4f44e8e01827eb9f926b) Importer(815301076,1909f56bfc062723c751e8b465ee728b)
Start importing Assets/Models/Ultimate Nature Pack/FBX/PineTree_Autumn_2.fbx using Guid(fa005077ffab4f44e8e01827eb9f926b) Importer(815301076,1909f56bfc062723c751e8b465ee728b)  -> (artifact id: '658448d1c4cadf0dc69ca72d8778ba30') in 0.049655 seconds 
========================================================================
Received Import Request.
  Time since last request: 0.000038 seconds.
  path: Assets/Models/Ultimate Nature Pack/FBX/Grass.fbx
  artifactKey: Guid(b259c2b9443b4e9489fd4e69cd7db427) Importer(815301076,1909f56bfc062723c751e8b465ee728b)
Start importing Assets/Models/Ultimate Nature Pack/FBX/Grass.fbx using Guid(b259c2b9443b4e9489fd4e69cd7db427) Importer(815301076,1909f56bfc062723c751e8b465ee728b)  -> (artifact id: '0f36855a628a2eab83fdd1c9baae6516') in 0.034828 seconds 
========================================================================
Received Import Request.
  Time since last request: 0.000025 seconds.
  path: Assets/Models/Ultimate Nature Pack/FBX/PineTree_2.fbx
  artifactKey: Guid(7f40d5db51a63994cb1d7da738e75e3e) Importer(815301076,1909f56bfc062723c751e8b465ee728b)
Start importing Assets/Models/Ultimate Nature Pack/FBX/PineTree_2.fbx using Guid(7f40d5db51a63994cb1d7da738e75e3e) Importer(815301076,1909f56bfc062723c751e8b465ee728b)  -> (artifact id: 'bd1672f9757759b2fe7c27c9446e603d') in 0.040336 seconds 
========================================================================
Received Import Request.
  Time since last request: 0.000031 seconds.
  path: Assets/Models/Ultimate Nature Pack/FBX/Rock_4.fbx
  artifactKey: Guid(9156fb10abf417a49b4a96b8a47ac42d) Importer(815301076,1909f56bfc062723c751e8b465ee728b)
Start importing Assets/Models/Ultimate Nature Pack/FBX/Rock_4.fbx using Guid(9156fb10abf417a49b4a96b8a47ac42d) Importer(815301076,1909f56bfc062723c751e8b465ee728b)  -> (artifact id: '0e311d8cd234eeb9dfa74f9fcd6b35f5') in 0.031475 seconds 
========================================================================
Received Import Request.
  Time since last request: 0.000035 seconds.
  path: Assets/Models/Ultimate Nature Pack/FBX/PineTree_Snow_1.fbx
  artifactKey: Guid(cfd956dd6412a3d48a563c552b48e193) Importer(815301076,1909f56bfc062723c751e8b465ee728b)
Start importing Assets/Models/Ultimate Nature Pack/FBX/PineTree_Snow_1.fbx using Guid(cfd956dd6412a3d48a563c552b48e193) Importer(815301076,1909f56bfc062723c751e8b465ee728b)  -> (artifact id: 'b6edcd9219e2e7519ed84baa7328deec') in 0.052694 seconds 
========================================================================
Received Import Request.
  Time since last request: 0.000050 seconds.
  path: Assets/Models/Ultimate Nature Pack/FBX/PalmTree_1.fbx
  artifactKey: Guid(191080cea9acd3a488666e9d692759b0) Importer(815301076,1909f56bfc062723c751e8b465ee728b)
Start importing Assets/Models/Ultimate Nature Pack/FBX/PalmTree_1.fbx using Guid(191080cea9acd3a488666e9d692759b0) Importer(815301076,1909f56bfc062723c751e8b465ee728b)  -> (artifact id: 'b26d131c775f6b64ba1c7c15c1e76fd2') in 0.048475 seconds 
========================================================================
Received Import Request.
  Time since last request: 0.000042 seconds.
  path: Assets/Models/Ultimate Nature Pack/FBX/Rock_Moss_1.fbx
  artifactKey: Guid(9bd5201c641762c43bd90bd2d6e85fde) Importer(815301076,1909f56bfc062723c751e8b465ee728b)
Start importing Assets/Models/Ultimate Nature Pack/FBX/Rock_Moss_1.fbx using Guid(9bd5201c641762c43bd90bd2d6e85fde) Importer(815301076,1909f56bfc062723c751e8b465ee728b)  -> (artifact id: 'd6b5a049a83e6594b6f24e77c9d229e9') in 0.041807 seconds 
========================================================================
Received Import Request.
  Time since last request: 0.000037 seconds.
  path: Assets/Models/Ultimate Nature Pack/FBX/PineTree_1.fbx
  artifactKey: Guid(e0f7dfc74adea1e4fbc438c0df439941) Importer(815301076,1909f56bfc062723c751e8b465ee728b)
Start importing Assets/Models/Ultimate Nature Pack/FBX/PineTree_1.fbx using Guid(e0f7dfc74adea1e4fbc438c0df439941) Importer(815301076,1909f56bfc062723c751e8b465ee728b)  -> (artifact id: 'c4b30e4dad7551989a01b2ace2e3cc7c') in 0.042038 seconds 
========================================================================
Received Import Request.
  Time since last request: 0.000029 seconds.
  path: Assets/Models/Ultimate Nature Pack/FBX/BirchTree_Snow_2.fbx
  artifactKey: Guid(f6c532334cecdff49bfb241f734f542a) Importer(815301076,1909f56bfc062723c751e8b465ee728b)
Start importing Assets/Models/Ultimate Nature Pack/FBX/BirchTree_Snow_2.fbx using Guid(f6c532334cecdff49bfb241f734f542a) Importer(815301076,1909f56bfc062723c751e8b465ee728b)  -> (artifact id: '234f23f95821d29ba055245f89da59ac') in 0.064324 seconds 
========================================================================
Received Import Request.
  Time since last request: 0.000034 seconds.
  path: Assets/Models/Ultimate Nature Pack/FBX/Willow_1.fbx
  artifactKey: Guid(92c7890768f81f348bbe8ed39d541f1a) Importer(815301076,1909f56bfc062723c751e8b465ee728b)
Start importing Assets/Models/Ultimate Nature Pack/FBX/Willow_1.fbx using Guid(92c7890768f81f348bbe8ed39d541f1a) Importer(815301076,1909f56bfc062723c751e8b465ee728b)  -> (artifact id: '5bff0445ecb4f6869582741d944fd897') in 0.038768 seconds 
========================================================================
Received Import Request.
  Time since last request: 0.000032 seconds.
  path: Assets/Models/Ultimate Nature Pack/FBX/Willow_3.fbx
  artifactKey: Guid(cbe64c469f391024fb4738c24c73faca) Importer(815301076,1909f56bfc062723c751e8b465ee728b)
Start importing Assets/Models/Ultimate Nature Pack/FBX/Willow_3.fbx using Guid(cbe64c469f391024fb4738c24c73faca) Importer(815301076,1909f56bfc062723c751e8b465ee728b)  -> (artifact id: '7c905279b12ecf5ce2a2cf9071a78ac9') in 0.039691 seconds 
========================================================================
Received Import Request.
  Time since last request: 0.000034 seconds.
  path: Assets/Models/Ultimate Nature Pack/FBX/Willow_Dead_Snow_1.fbx
  artifactKey: Guid(46a2e6a1272852847970d209efafb219) Importer(815301076,1909f56bfc062723c751e8b465ee728b)
Start importing Assets/Models/Ultimate Nature Pack/FBX/Willow_Dead_Snow_1.fbx using Guid(46a2e6a1272852847970d209efafb219) Importer(815301076,1909f56bfc062723c751e8b465ee728b)  -> (artifact id: 'c08457643c7f802d5ce5ccfe97970c15') in 0.044483 seconds 
========================================================================
Received Import Request.
  Time since last request: 0.000041 seconds.
  path: Assets/Models/Ultimate Nature Pack/FBX/Willow_Snow_1.fbx
  artifactKey: Guid(3ee460b20f2f7fc429579b556fc5be36) Importer(815301076,1909f56bfc062723c751e8b465ee728b)
Start importing Assets/Models/Ultimate Nature Pack/FBX/Willow_Snow_1.fbx using Guid(3ee460b20f2f7fc429579b556fc5be36) Importer(815301076,1909f56bfc062723c751e8b465ee728b)  -> (artifact id: 'a7bf1f3497f8c5255cd4626e76109824') in 0.050446 seconds 
========================================================================
Received Import Request.
  Time since last request: 0.000028 seconds.
  path: Assets/Models/Ultimate Nature Pack/FBX/WoodLog_Snow.fbx
  artifactKey: Guid(a02340132c287844a9ff5644b1208a4d) Importer(815301076,1909f56bfc062723c751e8b465ee728b)
Start importing Assets/Models/Ultimate Nature Pack/FBX/WoodLog_Snow.fbx using Guid(a02340132c287844a9ff5644b1208a4d) Importer(815301076,1909f56bfc062723c751e8b465ee728b)  -> (artifact id: '7965a80464f824c0ac3fd28cc75b5b76') in 0.040931 seconds 
========================================================================
Received Import Request.
  Time since last request: 0.000029 seconds.
  path: Assets/Models/Ultimate Nature Pack/FBX/TreeStump.fbx
  artifactKey: Guid(459ad01caa9afcb4491789af84d4334b) Importer(815301076,1909f56bfc062723c751e8b465ee728b)
Start importing Assets/Models/Ultimate Nature Pack/FBX/TreeStump.fbx using Guid(459ad01caa9afcb4491789af84d4334b) Importer(815301076,1909f56bfc062723c751e8b465ee728b)  -> (artifact id: '01f069d6677048c08a97df9949489e83') in 0.050051 seconds 
========================================================================
Received Import Request.
  Time since last request: 0.000027 seconds.
  path: Assets/Models/Ultimate Nature Pack/FBX/Willow_Snow_5.fbx
  artifactKey: Guid(3d1eacf5ba9c7a64f88c102cc4446a9d) Importer(815301076,1909f56bfc062723c751e8b465ee728b)
Start importing Assets/Models/Ultimate Nature Pack/FBX/Willow_Snow_5.fbx using Guid(3d1eacf5ba9c7a64f88c102cc4446a9d) Importer(815301076,1909f56bfc062723c751e8b465ee728b)  -> (artifact id: '372ad8e9ce3188724aacc85146cd4052') in 0.047681 seconds 
========================================================================
Received Import Request.
  Time since last request: 0.000030 seconds.
  path: Assets/Models/Ultimate Nature Pack/FBX/Willow_Snow_3.fbx
  artifactKey: Guid(ec3fc30233410264eb10f86959f6bcdb) Importer(815301076,1909f56bfc062723c751e8b465ee728b)
Start importing Assets/Models/Ultimate Nature Pack/FBX/Willow_Snow_3.fbx using Guid(ec3fc30233410264eb10f86959f6bcdb) Importer(815301076,1909f56bfc062723c751e8b465ee728b)  -> (artifact id: 'a89ed108c0420a7f2ea916ceb05fe6e5') in 0.052107 seconds 
========================================================================
Received Import Request.
  Time since last request: 0.000252 seconds.
  path: Assets/Models/Ultimate Nature Pack/FBX/WoodLog.fbx
  artifactKey: Guid(140b1ed50ad7f0e4d9fe27030964d516) Importer(815301076,1909f56bfc062723c751e8b465ee728b)
Start importing Assets/Models/Ultimate Nature Pack/FBX/WoodLog.fbx using Guid(140b1ed50ad7f0e4d9fe27030964d516) Importer(815301076,1909f56bfc062723c751e8b465ee728b)  -> (artifact id: '0b8d9e13a63a40decbc5bd5d0371d786') in 0.053957 seconds 
========================================================================
Received Import Request.
  Time since last request: 0.000032 seconds.
  path: Assets/Models/Ultimate Nature Pack/FBX/Willow_Dead_Snow_2.fbx
  artifactKey: Guid(b8d7f4dd6a370b3498ab118dd3bb1501) Importer(815301076,1909f56bfc062723c751e8b465ee728b)
Start importing Assets/Models/Ultimate Nature Pack/FBX/Willow_Dead_Snow_2.fbx using Guid(b8d7f4dd6a370b3498ab118dd3bb1501) Importer(815301076,1909f56bfc062723c751e8b465ee728b)  -> (artifact id: '388f4f1e6aa9ce4dcf2de152267456a7') in 0.040095 seconds 
========================================================================
Received Import Request.
  Time since last request: 7.970069 seconds.
  path: Assets/Prefabs/Cars/Car.prefab
  artifactKey: Guid(c168334abc0b3274e8886c544de0a45c) Importer(815301076,1909f56bfc062723c751e8b465ee728b)
Start importing Assets/Prefabs/Cars/Car.prefab using Guid(c168334abc0b3274e8886c544de0a45c) Importer(815301076,1909f56bfc062723c751e8b465ee728b)  -> (artifact id: 'ea7238ba01298bad7c871deb87ef10d4') in 1.548897 seconds 
========================================================================
Received Import Request.
  Time since last request: 1.622569 seconds.
  path: Assets/Models/Ultimate Nature Pack/Preview.jpg
  artifactKey: Guid(0921047e0a53bd547b6b48dcd2904a6d) Importer(815301076,1909f56bfc062723c751e8b465ee728b)
Start importing Assets/Models/Ultimate Nature Pack/Preview.jpg using Guid(0921047e0a53bd547b6b48dcd2904a6d) Importer(815301076,1909f56bfc062723c751e8b465ee728b)  -> (artifact id: 'e24bdb0bbfea1aae2aa48c10215c9815') in 0.013433 seconds 
========================================================================
Received Import Request.
  Time since last request: 12.879471 seconds.
  path: Assets/TutorialInfo
  artifactKey: Guid(ba062aa6c92b140379dbc06b43dd3b9b) Importer(815301076,1909f56bfc062723c751e8b465ee728b)
Start importing Assets/TutorialInfo using Guid(ba062aa6c92b140379dbc06b43dd3b9b) Importer(815301076,1909f56bfc062723c751e8b465ee728b)  -> (artifact id: '94fb6c6bacde1da6d0b7d43ec8d6e3b7') in 0.005560 seconds 
========================================================================
Received Import Request.
  Time since last request: 0.926857 seconds.
  path: Assets/Models
  artifactKey: Guid(2b9070474208a2d4485bb2fe8c0ba525) Importer(815301076,1909f56bfc062723c751e8b465ee728b)
Start importing Assets/Models using Guid(2b9070474208a2d4485bb2fe8c0ba525) Importer(815301076,1909f56bfc062723c751e8b465ee728b)  -> (artifact id: 'ffaef6b22ab8616b4c17bd9e6ff6a6df') in 0.005039 seconds 
========================================================================
Received Import Request.
  Time since last request: 0.691163 seconds.
  path: Assets/Models/Animated Men Characters - Feb 2019
  artifactKey: Guid(ca9960910979a244aa11a25d69653ee4) Importer(815301076,1909f56bfc062723c751e8b465ee728b)
Start importing Assets/Models/Animated Men Characters - Feb 2019 using Guid(ca9960910979a244aa11a25d69653ee4) Importer(815301076,1909f56bfc062723c751e8b465ee728b)  -> (artifact id: '6b612e3fd44127a4ed274a28d84c5dc4') in 0.005549 seconds 
========================================================================
Received Import Request.
  Time since last request: 2.331348 seconds.
  path: Assets/Materials/Grass.mat
  artifactKey: Guid(2329c2ed86933024081e3d104feab5d2) Importer(815301076,1909f56bfc062723c751e8b465ee728b)
Start importing Assets/Materials/Grass.mat using Guid(2329c2ed86933024081e3d104feab5d2) Importer(815301076,1909f56bfc062723c751e8b465ee728b)  -> (artifact id: 'fe8af5102d97ec7a8e2ec613c584af74') in 0.016958 seconds 
========================================================================
Received Prepare
Registering precompiled user dll's ...
Registered in 0.006860 seconds.
Begin MonoManager ReloadAssembly
Symbol file LoadedFromMemory doesn't match image D:\_Games Production\Learning\Game Engines\Unity\U.city-builder\Library\PackageCache\com.unity.visualscripting@1.7.8\Editor\VisualScripting.Core\Dependencies\YamlDotNet\Unity.VisualScripting.YamlDotNet.dll
Symbol file LoadedFromMemory doesn't match image D:\_Games Production\Learning\Game Engines\Unity\U.city-builder\Library\PackageCache\com.unity.visualscripting@1.7.8\Editor\VisualScripting.Core\Dependencies\DotNetZip\Unity.VisualScripting.IonicZip.dll
Native extension for WindowsStandalone target not found
Native extension for WebGL target not found
Refreshing native plugins compatible for Editor in 0.99 ms, found 3 plugins.
Preloading 0 native plugins for Editor in 0.00 ms.
Mono: successfully reloaded assembly
- Completed reload, in  1.025 seconds
Domain Reload Profiling:
	ReloadAssembly (1026ms)
		BeginReloadAssembly (127ms)
			ExecutionOrderSort (0ms)
			DisableScriptedObjects (8ms)
			BackupInstance (0ms)
			ReleaseScriptingObjects (0ms)
			CreateAndSetChildDomain (46ms)
		EndReloadAssembly (811ms)
			LoadAssemblies (71ms)
			RebuildTransferFunctionScriptingTraits (0ms)
			SetupTypeCache (229ms)
			ReleaseScriptCaches (2ms)
			RebuildScriptCaches (40ms)
			SetupLoadedEditorAssemblies (392ms)
				LogAssemblyErrors (0ms)
				InitializePlatformSupportModulesInManaged (11ms)
				SetLoadedEditorAssemblies (0ms)
				RefreshPlugins (1ms)
				BeforeProcessingInitializeOnLoad (72ms)
				ProcessInitializeOnLoadAttributes (230ms)
				ProcessInitializeOnLoadMethodAttributes (73ms)
				AfterProcessingInitializeOnLoad (5ms)
				EditorAssembliesLoaded (0ms)
			ExecutionOrderSort2 (0ms)
			AwakeInstancesAfterBackupRestoration (21ms)
Platform modules already initialized, skipping
Refreshing native plugins compatible for Editor in 1.87 ms, found 3 plugins.
Preloading 0 native plugins for Editor in 0.00 ms.
Unloading 5292 Unused Serialized files (Serialized files now loaded: 0)
Unloading 47 unused Assets / (2.6 MB). Loaded Objects now: 5943.
Memory consumption went from 214.3 MB to 211.6 MB.
Total: 4.338700 ms (FindLiveObjects: 0.355800 ms CreateObjectMapping: 0.279200 ms MarkObjects: 2.655700 ms  DeleteObjects: 1.045700 ms)

AssetImportParameters requested are different than current active one (requested -> active):
  custom:video-decoder-ogg-theora: a1e56fd34408186e4bbccfd4996cb3dc -> 
  custom:container-muxer-webm: aa71ff27fc2769a1b78a27578f13a17b -> 
  custom:container-demuxer-webm: 4f35f7cbe854078d1ac9338744f61a02 -> 
  custom:video-encoder-webm-vp8: eb34c28f22e8b96e1ab97ce403110664 -> 
  custom:audio-encoder-webm-vorbis: bf7c407c2cedff20999df2af8eb42d56 -> 
  custom:framework-win-MediaFoundation: 216162199b28c13a410421893ffa2e32 -> 
  custom:container-demuxer-ogg: 62fdf1f143b41e24485cea50d1cbac27 -> 
  custom:video-decoder-webm-vp8: 9c59270c3fd7afecdb556c50c9e8de78 -> 
  custom:audio-decoder-ogg-vorbis: bf7c407c2cedff20999df2af8eb42d56 -> 
========================================================================
Received Prepare
Registering precompiled user dll's ...
Registered in 0.005967 seconds.
Begin MonoManager ReloadAssembly
Symbol file LoadedFromMemory doesn't match image D:\_Games Production\Learning\Game Engines\Unity\U.city-builder\Library\PackageCache\com.unity.visualscripting@1.7.8\Editor\VisualScripting.Core\Dependencies\YamlDotNet\Unity.VisualScripting.YamlDotNet.dll
Symbol file LoadedFromMemory doesn't match image D:\_Games Production\Learning\Game Engines\Unity\U.city-builder\Library\PackageCache\com.unity.visualscripting@1.7.8\Editor\VisualScripting.Core\Dependencies\DotNetZip\Unity.VisualScripting.IonicZip.dll
Native extension for WindowsStandalone target not found
Native extension for WebGL target not found
Refreshing native plugins compatible for Editor in 1.09 ms, found 3 plugins.
Preloading 0 native plugins for Editor in 0.00 ms.
[ScriptCompilation] NOT recompiling all scripts because this is an import worker process. Reason to compile was: Define symbols changed
Mono: successfully reloaded assembly
- Completed reload, in  1.448 seconds
Domain Reload Profiling:
	ReloadAssembly (1449ms)
		BeginReloadAssembly (168ms)
			ExecutionOrderSort (0ms)
			DisableScriptedObjects (6ms)
			BackupInstance (0ms)
			ReleaseScriptingObjects (0ms)
			CreateAndSetChildDomain (61ms)
		EndReloadAssembly (1169ms)
			LoadAssemblies (94ms)
			RebuildTransferFunctionScriptingTraits (0ms)
			SetupTypeCache (318ms)
			ReleaseScriptCaches (3ms)
			RebuildScriptCaches (60ms)
			SetupLoadedEditorAssemblies (585ms)
				LogAssemblyErrors (0ms)
				InitializePlatformSupportModulesInManaged (17ms)
				SetLoadedEditorAssemblies (1ms)
				RefreshPlugins (1ms)
				BeforeProcessingInitializeOnLoad (118ms)
				ProcessInitializeOnLoadAttributes (337ms)
				ProcessInitializeOnLoadMethodAttributes (104ms)
				AfterProcessingInitializeOnLoad (7ms)
				EditorAssembliesLoaded (0ms)
			ExecutionOrderSort2 (0ms)
			AwakeInstancesAfterBackupRestoration (29ms)
Platform modules already initialized, skipping
Refreshing native plugins compatible for Editor in 3.75 ms, found 3 plugins.
Preloading 0 native plugins for Editor in 0.00 ms.
Unloading 5425 Unused Serialized files (Serialized files now loaded: 0)
Unloading 86 unused Assets / (5.7 MB). Loaded Objects now: 6040.
Memory consumption went from 224.5 MB to 218.7 MB.
Total: 8.353600 ms (FindLiveObjects: 0.596300 ms CreateObjectMapping: 0.337900 ms MarkObjects: 4.117100 ms  DeleteObjects: 3.300100 ms)

AssetImportParameters requested are different than current active one (requested -> active):
  custom:video-decoder-ogg-theora: a1e56fd34408186e4bbccfd4996cb3dc -> 
  custom:container-muxer-webm: aa71ff27fc2769a1b78a27578f13a17b -> 
  custom:container-demuxer-webm: 4f35f7cbe854078d1ac9338744f61a02 -> 
  custom:video-encoder-webm-vp8: eb34c28f22e8b96e1ab97ce403110664 -> 
  custom:audio-encoder-webm-vorbis: bf7c407c2cedff20999df2af8eb42d56 -> 
  custom:framework-win-MediaFoundation: 216162199b28c13a410421893ffa2e32 -> 
  custom:container-demuxer-ogg: 62fdf1f143b41e24485cea50d1cbac27 -> 
  custom:video-decoder-webm-vp8: 9c59270c3fd7afecdb556c50c9e8de78 -> 
  custom:audio-decoder-ogg-vorbis: bf7c407c2cedff20999df2af8eb42d56 -> 
========================================================================
Received Import Request.
  Time since last request: 387.481552 seconds.
  path: Assets/Prefabs/Main Camera.prefab
  artifactKey: Guid(377ee7862a7ab684f93821858b87b312) Importer(815301076,1909f56bfc062723c751e8b465ee728b)
Start importing Assets/Prefabs/Main Camera.prefab using Guid(377ee7862a7ab684f93821858b87b312) Importer(815301076,1909f56bfc062723c751e8b465ee728b)  -> (artifact id: 'ffcb7db38a9312bf6ae21ad4290335c4') in 0.087346 seconds 
========================================================================
Received Import Request.
  Time since last request: 1.637271 seconds.
  path: Assets/Prefabs/Main Camera.prefab
  artifactKey: Guid(377ee7862a7ab684f93821858b87b312) Importer(815301076,1909f56bfc062723c751e8b465ee728b)
Start importing Assets/Prefabs/Main Camera.prefab using Guid(377ee7862a7ab684f93821858b87b312) Importer(815301076,1909f56bfc062723c751e8b465ee728b)  -> (artifact id: 'e39e291451ef187f79e86352d3f76088') in 0.039329 seconds 
========================================================================
Received Import Request.
  Time since last request: 26.724710 seconds.
  path: Assets/easy UI emerald - default.psd
  artifactKey: Guid(1f758ec661cd10f4b889c713e4d957cf) Importer(815301076,1909f56bfc062723c751e8b465ee728b)
Start importing Assets/easy UI emerald - default.psd using Guid(1f758ec661cd10f4b889c713e4d957cf) Importer(815301076,1909f56bfc062723c751e8b465ee728b)  -> (artifact id: '0e182fa6737fceac17836bf2b132dcd7') in 0.154478 seconds 
========================================================================
Received Import Request.
  Time since last request: 188.448467 seconds.
  path: Assets/Prefabs
  artifactKey: Guid(d11c42ad34443c2479d3dfe70a239704) Importer(815301076,1909f56bfc062723c751e8b465ee728b)
Start importing Assets/Prefabs using Guid(d11c42ad34443c2479d3dfe70a239704) Importer(815301076,1909f56bfc062723c751e8b465ee728b)  -> (artifact id: '158e8bd5854bf68c77f9147c1f1fb83a') in 0.006251 seconds 
========================================================================
Received Import Request.
  Time since last request: 3.249134 seconds.
  path: Assets/Prefabs/Structures/Flat (1) Variant.prefab
  artifactKey: Guid(06096a1e4c0f223409936dc5959b1768) Importer(815301076,1909f56bfc062723c751e8b465ee728b)
Start importing Assets/Prefabs/Structures/Flat (1) Variant.prefab using Guid(06096a1e4c0f223409936dc5959b1768) Importer(815301076,1909f56bfc062723c751e8b465ee728b)  -> (artifact id: 'febb17c48efabbc019acbd383b957c82') in 0.183009 seconds 
========================================================================
Received Import Request.
  Time since last request: 0.000030 seconds.
  path: Assets/Prefabs/Structures/Flat.prefab
  artifactKey: Guid(72a7f07404f80e248a26bf96e29539ff) Importer(815301076,1909f56bfc062723c751e8b465ee728b)
Start importing Assets/Prefabs/Structures/Flat.prefab using Guid(72a7f07404f80e248a26bf96e29539ff) Importer(815301076,1909f56bfc062723c751e8b465ee728b)  -> (artifact id: 'e7e1608ff98fe724fa036e789e111af7') in 0.027939 seconds 
========================================================================
Received Import Request.
  Time since last request: 0.000048 seconds.
  path: Assets/Prefabs/Structures/House_1.prefab
  artifactKey: Guid(190271b57943f7f4db9c39b8b015e331) Importer(815301076,1909f56bfc062723c751e8b465ee728b)
Start importing Assets/Prefabs/Structures/House_1.prefab using Guid(190271b57943f7f4db9c39b8b015e331) Importer(815301076,1909f56bfc062723c751e8b465ee728b)  -> (artifact id: '2a4f6599ec8c3a0d11e83c7cb5f0f5e3') in 0.016924 seconds 
========================================================================
Received Import Request.
  Time since last request: 0.000028 seconds.
  path: Assets/Prefabs/Structures/House_1_upgrade_1.prefab
  artifactKey: Guid(57c398b4b793a614293c3d48d8ea46ab) Importer(815301076,1909f56bfc062723c751e8b465ee728b)
Start importing Assets/Prefabs/Structures/House_1_upgrade_1.prefab using Guid(57c398b4b793a614293c3d48d8ea46ab) Importer(815301076,1909f56bfc062723c751e8b465ee728b)  -> (artifact id: '741fd0c16714b8e496c0dbd638d68226') in 0.018557 seconds 
========================================================================
Received Import Request.
  Time since last request: 0.000033 seconds.
  path: Assets/Prefabs/Structures/House_1 (2) Variant.prefab
  artifactKey: Guid(c77e949770bd8a54f8256dab2e9d5956) Importer(815301076,1909f56bfc062723c751e8b465ee728b)
Start importing Assets/Prefabs/Structures/House_1 (2) Variant.prefab using Guid(c77e949770bd8a54f8256dab2e9d5956) Importer(815301076,1909f56bfc062723c751e8b465ee728b)  -> (artifact id: '32c41aa3f5159f71dafe533116ec5f9f') in 0.021170 seconds 
========================================================================
Received Import Request.
  Time since last request: 0.000030 seconds.
  path: Assets/Prefabs/Structures/Flat (4) Variant.prefab
  artifactKey: Guid(adc6f2718ceb6bc459a54285b9f9c0d0) Importer(815301076,1909f56bfc062723c751e8b465ee728b)
Start importing Assets/Prefabs/Structures/Flat (4) Variant.prefab using Guid(adc6f2718ceb6bc459a54285b9f9c0d0) Importer(815301076,1909f56bfc062723c751e8b465ee728b)  -> (artifact id: '6633fb01b379fad8ac6d14f09a8e24a6') in 0.020394 seconds 
========================================================================
Received Import Request.
  Time since last request: 0.000034 seconds.
  path: Assets/Prefabs/Structures/Shop.prefab
  artifactKey: Guid(8f482776b4ee0bc4f935e72822405008) Importer(815301076,1909f56bfc062723c751e8b465ee728b)
Start importing Assets/Prefabs/Structures/Shop.prefab using Guid(8f482776b4ee0bc4f935e72822405008) Importer(815301076,1909f56bfc062723c751e8b465ee728b)  -> (artifact id: 'ddedfb93830e8c0029a5050a03da445f') in 0.017519 seconds 
Editor requested this worker to shutdown with reason: Scaling down because of idle timeout
AssetImportWorker is now disconnected from the server
Process exiting
Exiting without the bug reporter. Application will terminate with return code 0