Using pre-set license
Built from '2021.3/staging' branch; Version is '2021.3.4f1 (cb45f9cae8b7) revision 13321721'; Using compiler version '192829333'; Build Type 'Release'
OS: 'Windows 11  (10.0.22621) 64bit Professional' Language: 'ru' Physical Memory: 16236 MB
BatchMode: 1, IsHumanControllingUs: 0, StartBugReporterOnCrash: 0, Is64bit: 1, IsPro: 1

COMMAND LINE ARGUMENTS:
C:\Program Files\Unity\Hub\Editor\2021.3.4f1\Editor\Unity.exe
-adb2
-batchMode
-noUpm
-name
AssetImportWorker1
-projectPath
D:/_Games Production/Learning/Game Engines/Unity/U.city-builder
-logFile
Logs/AssetImportWorker1.log
-srvPort
58588
Successfully changed project path to: D:/_Games Production/Learning/Game Engines/Unity/U.city-builder
D:/_Games Production/Learning/Game Engines/Unity/U.city-builder
[UnityMemory] Configuration Parameters - Can be set up in boot.config
    "memorysetup-bucket-allocator-granularity=16"
    "memorysetup-bucket-allocator-bucket-count=8"
    "memorysetup-bucket-allocator-block-size=33554432"
    "memorysetup-bucket-allocator-block-count=8"
    "memorysetup-main-allocator-block-size=16777216"
    "memorysetup-thread-allocator-block-size=16777216"
    "memorysetup-gfx-main-allocator-block-size=16777216"
    "memorysetup-gfx-thread-allocator-block-size=16777216"
    "memorysetup-cache-allocator-block-size=4194304"
    "memorysetup-typetree-allocator-block-size=2097152"
    "memorysetup-profiler-bucket-allocator-granularity=16"
    "memorysetup-profiler-bucket-allocator-bucket-count=8"
    "memorysetup-profiler-bucket-allocator-block-size=33554432"
    "memorysetup-profiler-bucket-allocator-block-count=8"
    "memorysetup-profiler-allocator-block-size=16777216"
    "memorysetup-profiler-editor-allocator-block-size=1048576"
    "memorysetup-temp-allocator-size-main=16777216"
    "memorysetup-job-temp-allocator-block-size=2097152"
    "memorysetup-job-temp-allocator-block-size-background=1048576"
    "memorysetup-job-temp-allocator-reduction-small-platforms=262144"
    "memorysetup-temp-allocator-size-background-worker=32768"
    "memorysetup-temp-allocator-size-job-worker=262144"
    "memorysetup-temp-allocator-size-preload-manager=33554432"
    "memorysetup-temp-allocator-size-nav-mesh-worker=65536"
    "memorysetup-temp-allocator-size-audio-worker=65536"
    "memorysetup-temp-allocator-size-cloud-worker=32768"
    "memorysetup-temp-allocator-size-gi-baking-worker=262144"
    "memorysetup-temp-allocator-size-gfx=262144"
Refreshing native plugins compatible for Editor in 85.85 ms, found 3 plugins.
Preloading 0 native plugins for Editor in 0.00 ms.
Initialize engine version: 2021.3.4f1 (cb45f9cae8b7)
[Subsystems] Discovering subsystems at path C:/Program Files/Unity/Hub/Editor/2021.3.4f1/Editor/Data/Resources/UnitySubsystems
[Subsystems] Discovering subsystems at path D:/_Games Production/Learning/Game Engines/Unity/U.city-builder/Assets
GfxDevice: creating device client; threaded=0; jobified=0
Direct3D:
    Version:  Direct3D 11.0 [level 11.1]
    Renderer: NVIDIA GeForce RTX 3060 Laptop GPU (ID=0x2560)
    Vendor:   NVIDIA
    VRAM:     6023 MB
    Driver:   30.0.15.1277
Initialize mono
Mono path[0] = 'C:/Program Files/Unity/Hub/Editor/2021.3.4f1/Editor/Data/Managed'
Mono path[1] = 'C:/Program Files/Unity/Hub/Editor/2021.3.4f1/Editor/Data/MonoBleedingEdge/lib/mono/unityjit-win32'
Mono config path = 'C:/Program Files/Unity/Hub/Editor/2021.3.4f1/Editor/Data/MonoBleedingEdge/etc'
Using monoOptions --debugger-agent=transport=dt_socket,embedding=1,server=y,suspend=n,address=127.0.0.1:56776
Begin MonoManager ReloadAssembly
Registering precompiled unity dll's ...
Register platform support module: C:/Program Files/Unity/Hub/Editor/2021.3.4f1/Editor/Data/PlaybackEngines/WebGLSupport/UnityEditor.WebGL.Extensions.dll
Register platform support module: C:/Program Files/Unity/Hub/Editor/2021.3.4f1/Editor/Data/PlaybackEngines/WindowsStandaloneSupport/UnityEditor.WindowsStandalone.Extensions.dll
Registered in 0.004095 seconds.
Native extension for WindowsStandalone target not found
Native extension for WebGL target not found
Refreshing native plugins compatible for Editor in 99.68 ms, found 3 plugins.
Preloading 0 native plugins for Editor in 0.00 ms.
Mono: successfully reloaded assembly
- Completed reload, in  0.573 seconds
Domain Reload Profiling:
	ReloadAssembly (573ms)
		BeginReloadAssembly (66ms)
			ExecutionOrderSort (0ms)
			DisableScriptedObjects (0ms)
			BackupInstance (0ms)
			ReleaseScriptingObjects (0ms)
			CreateAndSetChildDomain (1ms)
		EndReloadAssembly (417ms)
			LoadAssemblies (64ms)
			RebuildTransferFunctionScriptingTraits (0ms)
			SetupTypeCache (82ms)
			ReleaseScriptCaches (0ms)
			RebuildScriptCaches (24ms)
			SetupLoadedEditorAssemblies (265ms)
				LogAssemblyErrors (0ms)
				InitializePlatformSupportModulesInManaged (8ms)
				SetLoadedEditorAssemblies (0ms)
				RefreshPlugins (100ms)
				BeforeProcessingInitializeOnLoad (1ms)
				ProcessInitializeOnLoadAttributes (119ms)
				ProcessInitializeOnLoadMethodAttributes (37ms)
				AfterProcessingInitializeOnLoad (0ms)
				EditorAssembliesLoaded (0ms)
			ExecutionOrderSort2 (0ms)
			AwakeInstancesAfterBackupRestoration (0ms)
Platform modules already initialized, skipping
Registering precompiled user dll's ...
Registered in 0.003844 seconds.
Begin MonoManager ReloadAssembly
Symbol file LoadedFromMemory doesn't match image D:\_Games Production\Learning\Game Engines\Unity\U.city-builder\Library\PackageCache\com.unity.visualscripting@1.7.8\Editor\VisualScripting.Core\Dependencies\YamlDotNet\Unity.VisualScripting.YamlDotNet.dll
Symbol file LoadedFromMemory doesn't match image D:\_Games Production\Learning\Game Engines\Unity\U.city-builder\Library\PackageCache\com.unity.visualscripting@1.7.8\Editor\VisualScripting.Core\Dependencies\DotNetZip\Unity.VisualScripting.IonicZip.dll
Native extension for WindowsStandalone target not found
Native extension for WebGL target not found
Refreshing native plugins compatible for Editor in 85.50 ms, found 3 plugins.
Preloading 0 native plugins for Editor in 0.00 ms.
Mono: successfully reloaded assembly
- Completed reload, in  1.069 seconds
Domain Reload Profiling:
	ReloadAssembly (1069ms)
		BeginReloadAssembly (91ms)
			ExecutionOrderSort (0ms)
			DisableScriptedObjects (5ms)
			BackupInstance (0ms)
			ReleaseScriptingObjects (0ms)
			CreateAndSetChildDomain (19ms)
		EndReloadAssembly (864ms)
			LoadAssemblies (67ms)
			RebuildTransferFunctionScriptingTraits (0ms)
			SetupTypeCache (216ms)
			ReleaseScriptCaches (1ms)
			RebuildScriptCaches (53ms)
			SetupLoadedEditorAssemblies (492ms)
				LogAssemblyErrors (0ms)
				InitializePlatformSupportModulesInManaged (5ms)
				SetLoadedEditorAssemblies (0ms)
				RefreshPlugins (86ms)
				BeforeProcessingInitializeOnLoad (98ms)
				ProcessInitializeOnLoadAttributes (227ms)
				ProcessInitializeOnLoadMethodAttributes (70ms)
				AfterProcessingInitializeOnLoad (5ms)
				EditorAssembliesLoaded (0ms)
			ExecutionOrderSort2 (0ms)
			AwakeInstancesAfterBackupRestoration (5ms)
Platform modules already initialized, skipping
========================================================================
Worker process is ready to serve import requests
Launched and connected shader compiler UnityShaderCompiler.exe after 0.07 seconds
Refreshing native plugins compatible for Editor in 0.87 ms, found 3 plugins.
Preloading 0 native plugins for Editor in 0.00 ms.
Unloading 5019 Unused Serialized files (Serialized files now loaded: 0)
Unloading 34 unused Assets / (0.7 MB). Loaded Objects now: 5469.
Memory consumption went from 195.6 MB to 194.9 MB.
Total: 4.066400 ms (FindLiveObjects: 0.408700 ms CreateObjectMapping: 0.362500 ms MarkObjects: 2.989200 ms  DeleteObjects: 0.305200 ms)

AssetImportParameters requested are different than current active one (requested -> active):
  custom:video-decoder-ogg-theora: a1e56fd34408186e4bbccfd4996cb3dc -> 
  custom:container-muxer-webm: aa71ff27fc2769a1b78a27578f13a17b -> 
  custom:container-demuxer-webm: 4f35f7cbe854078d1ac9338744f61a02 -> 
  custom:video-encoder-webm-vp8: eb34c28f22e8b96e1ab97ce403110664 -> 
  custom:audio-encoder-webm-vorbis: bf7c407c2cedff20999df2af8eb42d56 -> 
  custom:framework-win-MediaFoundation: 216162199b28c13a410421893ffa2e32 -> 
  custom:container-demuxer-ogg: 62fdf1f143b41e24485cea50d1cbac27 -> 
  custom:video-decoder-webm-vp8: 9c59270c3fd7afecdb556c50c9e8de78 -> 
  custom:audio-decoder-ogg-vorbis: bf7c407c2cedff20999df2af8eb42d56 -> 
========================================================================
Received Import Request.
  Time since last request: 359617.701317 seconds.
  path: Assets/Settings/URP-HighFidelity-Renderer.asset
  artifactKey: Guid(c40be3174f62c4acf8c1216858c64956) Importer(815301076,1909f56bfc062723c751e8b465ee728b)
Start importing Assets/Settings/URP-HighFidelity-Renderer.asset using Guid(c40be3174f62c4acf8c1216858c64956) Importer(815301076,1909f56bfc062723c751e8b465ee728b)  -> (artifact id: '8c5c5fc8b1b02e1677c8685b0f96d7ea') in 0.083556 seconds 
========================================================================
Received Import Request.
  Time since last request: 77.163122 seconds.
  path: Assets/Materials/Transparent.mat
  artifactKey: Guid(19aeccfa875758143b1b8fc7176e8f84) Importer(815301076,1909f56bfc062723c751e8b465ee728b)
Start importing Assets/Materials/Transparent.mat using Guid(19aeccfa875758143b1b8fc7176e8f84) Importer(815301076,1909f56bfc062723c751e8b465ee728b)  -> (artifact id: '26529b33473e2fcdc7be5872c184e516') in 0.364710 seconds 
========================================================================
Received Import Request.
  Time since last request: 3.349445 seconds.
  path: Assets/Prefabs/Main Camera.prefab
  artifactKey: Guid(377ee7862a7ab684f93821858b87b312) Importer(815301076,1909f56bfc062723c751e8b465ee728b)
Start importing Assets/Prefabs/Main Camera.prefab using Guid(377ee7862a7ab684f93821858b87b312) Importer(815301076,1909f56bfc062723c751e8b465ee728b)  -> (artifact id: 'c14a9ade51d28ae5bac76abc390193ce') in 0.014902 seconds 
========================================================================
Received Import Request.
  Time since last request: 0.000024 seconds.
  path: Assets/Prefabs/StructureBtn.prefab
  artifactKey: Guid(e124772d9a861464d9b127a204043749) Importer(815301076,1909f56bfc062723c751e8b465ee728b)
Start importing Assets/Prefabs/StructureBtn.prefab using Guid(e124772d9a861464d9b127a204043749) Importer(815301076,1909f56bfc062723c751e8b465ee728b)  -> (artifact id: '758ab46ef93f87551ca284674431f936') in 0.014459 seconds 
========================================================================
Received Import Request.
  Time since last request: 0.000020 seconds.
  path: Assets/Prefabs/UI.prefab
  artifactKey: Guid(559c11d47e063bc4991c465e37cd193d) Importer(815301076,1909f56bfc062723c751e8b465ee728b)
Start importing Assets/Prefabs/UI.prefab using Guid(559c11d47e063bc4991c465e37cd193d) Importer(815301076,1909f56bfc062723c751e8b465ee728b)  -> (artifact id: '782c4153cd9a2cafc3b4415a88bc475c') in 0.014935 seconds 
========================================================================
Received Import Request.
  Time since last request: 0.000031 seconds.
  path: Assets/Prefabs/Money.prefab
  artifactKey: Guid(8bf271c427130b04db81e3cf83cd92c6) Importer(815301076,1909f56bfc062723c751e8b465ee728b)
Start importing Assets/Prefabs/Money.prefab using Guid(8bf271c427130b04db81e3cf83cd92c6) Importer(815301076,1909f56bfc062723c751e8b465ee728b)  -> (artifact id: 'c81f58d3f1284df08af3c7a99912a9fe') in 0.010339 seconds 
========================================================================
Received Import Request.
  Time since last request: 1.130282 seconds.
  path: Assets/Prefabs/Cars/Police.prefab
  artifactKey: Guid(9d5f2ee4322534145971d53c2293fc1a) Importer(815301076,1909f56bfc062723c751e8b465ee728b)
Start importing Assets/Prefabs/Cars/Police.prefab using Guid(9d5f2ee4322534145971d53c2293fc1a) Importer(815301076,1909f56bfc062723c751e8b465ee728b)  -> (artifact id: '1051516a4501f0c0766a5b1e5dbb904c') in 0.073445 seconds 
========================================================================
Received Import Request.
  Time since last request: 47.028406 seconds.
  path: Assets/Models/Basic Car Pack - Jan 2017/FBX/CarTexture.png
  artifactKey: Guid(1f2660c48778ccf47992be64c1fe3d5a) Importer(815301076,1909f56bfc062723c751e8b465ee728b)
Start importing Assets/Models/Basic Car Pack - Jan 2017/FBX/CarTexture.png using Guid(1f2660c48778ccf47992be64c1fe3d5a) Importer(815301076,1909f56bfc062723c751e8b465ee728b)  -> (artifact id: '71430ca829eff3576d5383521ec42527') in 0.081519 seconds 
========================================================================
Received Import Request.
  Time since last request: 0.000023 seconds.
  path: Assets/Models/Basic Car Pack - Jan 2017/FBX/CopTexture.png
  artifactKey: Guid(4231bf3f421c2f643b706709472a3ed0) Importer(815301076,1909f56bfc062723c751e8b465ee728b)
Start importing Assets/Models/Basic Car Pack - Jan 2017/FBX/CopTexture.png using Guid(4231bf3f421c2f643b706709472a3ed0) Importer(815301076,1909f56bfc062723c751e8b465ee728b)  -> (artifact id: '060f978010d6fe238d7ed4bf796c17c6') in 0.012187 seconds 
========================================================================
Received Import Request.
  Time since last request: 0.000029 seconds.
  path: Assets/Models/Basic Car Pack - Jan 2017/FBX/RaceCarTexture.png
  artifactKey: Guid(97e641351e91a3944bcebc0d5c4fb4ad) Importer(815301076,1909f56bfc062723c751e8b465ee728b)
Start importing Assets/Models/Basic Car Pack - Jan 2017/FBX/RaceCarTexture.png using Guid(97e641351e91a3944bcebc0d5c4fb4ad) Importer(815301076,1909f56bfc062723c751e8b465ee728b)  -> (artifact id: '50e005d75bb8eebd937cba16eb95c8e0') in 0.013474 seconds 
========================================================================
Received Import Request.
  Time since last request: 0.000040 seconds.
  path: Assets/Models/Basic Car Pack - Jan 2017/FBX/TaxiMaterial.mat
  artifactKey: Guid(764d951af72b04945a5ad163ea131d1d) Importer(815301076,1909f56bfc062723c751e8b465ee728b)
Start importing Assets/Models/Basic Car Pack - Jan 2017/FBX/TaxiMaterial.mat using Guid(764d951af72b04945a5ad163ea131d1d) Importer(815301076,1909f56bfc062723c751e8b465ee728b)  -> (artifact id: 'bdf8d32525fb7513946db0952da3d891') in 0.014035 seconds 
========================================================================
Received Import Request.
  Time since last request: 0.000061 seconds.
  path: Assets/Models/Basic Car Pack - Jan 2017/FBX/RaceCar.fbx
  artifactKey: Guid(9b928244427c4f347a872bb833b7679a) Importer(815301076,1909f56bfc062723c751e8b465ee728b)
Start importing Assets/Models/Basic Car Pack - Jan 2017/FBX/RaceCar.fbx using Guid(9b928244427c4f347a872bb833b7679a) Importer(815301076,1909f56bfc062723c751e8b465ee728b)  -> (artifact id: '18c155069130a9fe40c68ec16c8cb4e3') in 1.873541 seconds 
========================================================================
Received Import Request.
  Time since last request: 0.000026 seconds.
  path: Assets/Models/Basic Car Pack - Jan 2017/FBX/Taxi.fbx
  artifactKey: Guid(a3e954d1353745f458fb31b21031e0e4) Importer(815301076,1909f56bfc062723c751e8b465ee728b)
Start importing Assets/Models/Basic Car Pack - Jan 2017/FBX/Taxi.fbx using Guid(a3e954d1353745f458fb31b21031e0e4) Importer(815301076,1909f56bfc062723c751e8b465ee728b)  -> (artifact id: '69d7004e8eeaeea7687f4f45e2460a62') in 0.087124 seconds 
========================================================================
Received Import Request.
  Time since last request: 0.000053 seconds.
  path: Assets/Models/Basic Car Pack - Jan 2017/FBX/CopMaterial.mat
  artifactKey: Guid(f8e52128dc078fb4cac484354b0814ec) Importer(815301076,1909f56bfc062723c751e8b465ee728b)
Start importing Assets/Models/Basic Car Pack - Jan 2017/FBX/CopMaterial.mat using Guid(f8e52128dc078fb4cac484354b0814ec) Importer(815301076,1909f56bfc062723c751e8b465ee728b)  -> (artifact id: '4f6f258c590925cf936a19f4cb845d59') in 0.014108 seconds 
Editor requested this worker to shutdown with reason: Scaling down because of idle timeout
AssetImportWorker is now disconnected from the server
Process exiting
Exiting without the bug reporter. Application will terminate with return code 0