Using pre-set license
Built from '2021.3/staging' branch; Version is '2021.3.4f1 (cb45f9cae8b7) revision 13321721'; Using compiler version '192829333'; Build Type 'Release'
OS: 'Windows 11  (10.0.22621) 64bit Professional' Language: 'ru' Physical Memory: 16236 MB
BatchMode: 1, IsHumanControllingUs: 0, StartBugReporterOnCrash: 0, Is64bit: 1, IsPro: 1

COMMAND LINE ARGUMENTS:
C:\Program Files\Unity\Hub\Editor\2021.3.4f1\Editor\Unity.exe
-adb2
-batchMode
-noUpm
-name
AssetImportWorker1
-projectPath
D:/_Games Production/Learning/Game Engines/Unity/U.city-builder
-logFile
Logs/AssetImportWorker1.log
-srvPort
65386
Successfully changed project path to: D:/_Games Production/Learning/Game Engines/Unity/U.city-builder
D:/_Games Production/Learning/Game Engines/Unity/U.city-builder
[UnityMemory] Configuration Parameters - Can be set up in boot.config
    "memorysetup-bucket-allocator-granularity=16"
    "memorysetup-bucket-allocator-bucket-count=8"
    "memorysetup-bucket-allocator-block-size=33554432"
    "memorysetup-bucket-allocator-block-count=8"
    "memorysetup-main-allocator-block-size=16777216"
    "memorysetup-thread-allocator-block-size=16777216"
    "memorysetup-gfx-main-allocator-block-size=16777216"
    "memorysetup-gfx-thread-allocator-block-size=16777216"
    "memorysetup-cache-allocator-block-size=4194304"
    "memorysetup-typetree-allocator-block-size=2097152"
    "memorysetup-profiler-bucket-allocator-granularity=16"
    "memorysetup-profiler-bucket-allocator-bucket-count=8"
    "memorysetup-profiler-bucket-allocator-block-size=33554432"
    "memorysetup-profiler-bucket-allocator-block-count=8"
    "memorysetup-profiler-allocator-block-size=16777216"
    "memorysetup-profiler-editor-allocator-block-size=1048576"
    "memorysetup-temp-allocator-size-main=16777216"
    "memorysetup-job-temp-allocator-block-size=2097152"
    "memorysetup-job-temp-allocator-block-size-background=1048576"
    "memorysetup-job-temp-allocator-reduction-small-platforms=262144"
    "memorysetup-temp-allocator-size-background-worker=32768"
    "memorysetup-temp-allocator-size-job-worker=262144"
    "memorysetup-temp-allocator-size-preload-manager=33554432"
    "memorysetup-temp-allocator-size-nav-mesh-worker=65536"
    "memorysetup-temp-allocator-size-audio-worker=65536"
    "memorysetup-temp-allocator-size-cloud-worker=32768"
    "memorysetup-temp-allocator-size-gi-baking-worker=262144"
    "memorysetup-temp-allocator-size-gfx=262144"
Refreshing native plugins compatible for Editor in 108.81 ms, found 3 plugins.
Preloading 0 native plugins for Editor in 0.00 ms.
Initialize engine version: 2021.3.4f1 (cb45f9cae8b7)
[Subsystems] Discovering subsystems at path C:/Program Files/Unity/Hub/Editor/2021.3.4f1/Editor/Data/Resources/UnitySubsystems
[Subsystems] Discovering subsystems at path D:/_Games Production/Learning/Game Engines/Unity/U.city-builder/Assets
GfxDevice: creating device client; threaded=0; jobified=0
Direct3D:
    Version:  Direct3D 11.0 [level 11.1]
    Renderer: NVIDIA GeForce RTX 3060 Laptop GPU (ID=0x2560)
    Vendor:   NVIDIA
    VRAM:     6023 MB
    Driver:   30.0.15.1277
Initialize mono
Mono path[0] = 'C:/Program Files/Unity/Hub/Editor/2021.3.4f1/Editor/Data/Managed'
Mono path[1] = 'C:/Program Files/Unity/Hub/Editor/2021.3.4f1/Editor/Data/MonoBleedingEdge/lib/mono/unityjit-win32'
Mono config path = 'C:/Program Files/Unity/Hub/Editor/2021.3.4f1/Editor/Data/MonoBleedingEdge/etc'
Using monoOptions --debugger-agent=transport=dt_socket,embedding=1,server=y,suspend=n,address=127.0.0.1:56008
Begin MonoManager ReloadAssembly
Registering precompiled unity dll's ...
Register platform support module: C:/Program Files/Unity/Hub/Editor/2021.3.4f1/Editor/Data/PlaybackEngines/WebGLSupport/UnityEditor.WebGL.Extensions.dll
Register platform support module: C:/Program Files/Unity/Hub/Editor/2021.3.4f1/Editor/Data/PlaybackEngines/WindowsStandaloneSupport/UnityEditor.WindowsStandalone.Extensions.dll
Registered in 0.003972 seconds.
Native extension for WindowsStandalone target not found
Native extension for WebGL target not found
Refreshing native plugins compatible for Editor in 96.82 ms, found 3 plugins.
Preloading 0 native plugins for Editor in 0.00 ms.
Mono: successfully reloaded assembly
- Completed reload, in  0.555 seconds
Domain Reload Profiling:
	ReloadAssembly (555ms)
		BeginReloadAssembly (55ms)
			ExecutionOrderSort (0ms)
			DisableScriptedObjects (0ms)
			BackupInstance (0ms)
			ReleaseScriptingObjects (0ms)
			CreateAndSetChildDomain (1ms)
		EndReloadAssembly (413ms)
			LoadAssemblies (54ms)
			RebuildTransferFunctionScriptingTraits (0ms)
			SetupTypeCache (80ms)
			ReleaseScriptCaches (0ms)
			RebuildScriptCaches (24ms)
			SetupLoadedEditorAssemblies (268ms)
				LogAssemblyErrors (0ms)
				InitializePlatformSupportModulesInManaged (7ms)
				SetLoadedEditorAssemblies (0ms)
				RefreshPlugins (97ms)
				BeforeProcessingInitializeOnLoad (2ms)
				ProcessInitializeOnLoadAttributes (123ms)
				ProcessInitializeOnLoadMethodAttributes (39ms)
				AfterProcessingInitializeOnLoad (0ms)
				EditorAssembliesLoaded (0ms)
			ExecutionOrderSort2 (0ms)
			AwakeInstancesAfterBackupRestoration (0ms)
Platform modules already initialized, skipping
Registering precompiled user dll's ...
Registered in 0.003869 seconds.
Begin MonoManager ReloadAssembly
Symbol file LoadedFromMemory doesn't match image D:\_Games Production\Learning\Game Engines\Unity\U.city-builder\Library\PackageCache\com.unity.visualscripting@1.7.8\Editor\VisualScripting.Core\Dependencies\YamlDotNet\Unity.VisualScripting.YamlDotNet.dll
Symbol file LoadedFromMemory doesn't match image D:\_Games Production\Learning\Game Engines\Unity\U.city-builder\Library\PackageCache\com.unity.visualscripting@1.7.8\Editor\VisualScripting.Core\Dependencies\DotNetZip\Unity.VisualScripting.IonicZip.dll
Native extension for WindowsStandalone target not found
Native extension for WebGL target not found
Refreshing native plugins compatible for Editor in 105.61 ms, found 3 plugins.
Preloading 0 native plugins for Editor in 0.00 ms.
Mono: successfully reloaded assembly
- Completed reload, in  1.245 seconds
Domain Reload Profiling:
	ReloadAssembly (1245ms)
		BeginReloadAssembly (95ms)
			ExecutionOrderSort (0ms)
			DisableScriptedObjects (5ms)
			BackupInstance (0ms)
			ReleaseScriptingObjects (0ms)
			CreateAndSetChildDomain (19ms)
		EndReloadAssembly (1058ms)
			LoadAssemblies (79ms)
			RebuildTransferFunctionScriptingTraits (0ms)
			SetupTypeCache (267ms)
			ReleaseScriptCaches (1ms)
			RebuildScriptCaches (64ms)
			SetupLoadedEditorAssemblies (588ms)
				LogAssemblyErrors (0ms)
				InitializePlatformSupportModulesInManaged (5ms)
				SetLoadedEditorAssemblies (0ms)
				RefreshPlugins (106ms)
				BeforeProcessingInitializeOnLoad (120ms)
				ProcessInitializeOnLoadAttributes (269ms)
				ProcessInitializeOnLoadMethodAttributes (83ms)
				AfterProcessingInitializeOnLoad (5ms)
				EditorAssembliesLoaded (0ms)
			ExecutionOrderSort2 (0ms)
			AwakeInstancesAfterBackupRestoration (5ms)
Platform modules already initialized, skipping
========================================================================
Worker process is ready to serve import requests
Launched and connected shader compiler UnityShaderCompiler.exe after 0.07 seconds
Refreshing native plugins compatible for Editor in 2.47 ms, found 3 plugins.
Preloading 0 native plugins for Editor in 0.00 ms.
Unloading 5553 Unused Serialized files (Serialized files now loaded: 0)
Unloading 47 unused Assets / (2.0 MB). Loaded Objects now: 5996.
Memory consumption went from 227.3 MB to 225.3 MB.
Total: 4.886600 ms (FindLiveObjects: 0.606300 ms CreateObjectMapping: 0.236000 ms MarkObjects: 3.473400 ms  DeleteObjects: 0.569900 ms)

AssetImportParameters requested are different than current active one (requested -> active):
  custom:video-decoder-ogg-theora: a1e56fd34408186e4bbccfd4996cb3dc -> 
  custom:container-muxer-webm: aa71ff27fc2769a1b78a27578f13a17b -> 
  custom:container-demuxer-webm: 4f35f7cbe854078d1ac9338744f61a02 -> 
  custom:video-encoder-webm-vp8: eb34c28f22e8b96e1ab97ce403110664 -> 
  custom:audio-encoder-webm-vorbis: bf7c407c2cedff20999df2af8eb42d56 -> 
  custom:framework-win-MediaFoundation: 216162199b28c13a410421893ffa2e32 -> 
  custom:container-demuxer-ogg: 62fdf1f143b41e24485cea50d1cbac27 -> 
  custom:video-decoder-webm-vp8: 9c59270c3fd7afecdb556c50c9e8de78 -> 
  custom:audio-decoder-ogg-vorbis: bf7c407c2cedff20999df2af8eb42d56 -> 
========================================================================
Received Import Request.
  Time since last request: 500436.578154 seconds.
  path: Assets/Prefabs/Cars/Car.prefab
  artifactKey: Guid(c168334abc0b3274e8886c544de0a45c) Importer(815301076,1909f56bfc062723c751e8b465ee728b)
Start importing Assets/Prefabs/Cars/Car.prefab using Guid(c168334abc0b3274e8886c544de0a45c) Importer(815301076,1909f56bfc062723c751e8b465ee728b)  -> (artifact id: '50c75ae7e5fd84be4abb0055781ed082') in 0.279396 seconds 
========================================================================
Received Import Request.
  Time since last request: 365.561333 seconds.
  path: Assets/Models/Basic Car Pack - Jan 2017/FBX/CopMaterial.mat
  artifactKey: Guid(f8e52128dc078fb4cac484354b0814ec) Importer(815301076,1909f56bfc062723c751e8b465ee728b)
Start importing Assets/Models/Basic Car Pack - Jan 2017/FBX/CopMaterial.mat using Guid(f8e52128dc078fb4cac484354b0814ec) Importer(815301076,1909f56bfc062723c751e8b465ee728b)  -> (artifact id: '08cf4db975321a7652aad0994b083e6b') in 0.083621 seconds 
========================================================================
Received Import Request.
  Time since last request: 2.308205 seconds.
  path: Assets/Models/Buildings pack by @Quaternius/Textures/HouseMaterial 2.mat
  artifactKey: Guid(efd754e0fe2716b498a4e67dcd685cdd) Importer(815301076,1909f56bfc062723c751e8b465ee728b)
Start importing Assets/Models/Buildings pack by @Quaternius/Textures/HouseMaterial 2.mat using Guid(efd754e0fe2716b498a4e67dcd685cdd) Importer(815301076,1909f56bfc062723c751e8b465ee728b)  -> (artifact id: '34957496b85aa7d1e1f30a21a5a3370e') in 0.027759 seconds 
========================================================================
Received Import Request.
  Time since last request: 0.015011 seconds.
  path: Assets/Models/Buildings pack by @Quaternius/Materials/HouseTexture2.mat
  artifactKey: Guid(5e9e5de4cae0bd64e95b4b0d3c0786a8) Importer(815301076,1909f56bfc062723c751e8b465ee728b)
Start importing Assets/Models/Buildings pack by @Quaternius/Materials/HouseTexture2.mat using Guid(5e9e5de4cae0bd64e95b4b0d3c0786a8) Importer(815301076,1909f56bfc062723c751e8b465ee728b)  -> (artifact id: 'a5145a1fd048d631b7d0eb82e96dfa39') in 0.025127 seconds 
========================================================================
Received Import Request.
  Time since last request: 0.000029 seconds.
  path: Assets/TextMesh Pro/Resources/Fonts & Materials/LiberationSans SDF - Outline.mat
  artifactKey: Guid(79459efec17a4d00a321bdcc27bbc385) Importer(815301076,1909f56bfc062723c751e8b465ee728b)
Start importing Assets/TextMesh Pro/Resources/Fonts & Materials/LiberationSans SDF - Outline.mat using Guid(79459efec17a4d00a321bdcc27bbc385) Importer(815301076,1909f56bfc062723c751e8b465ee728b)  -> (artifact id: '24b673f871992d4f11992694d757fd95') in 0.113004 seconds 
========================================================================
Received Import Request.
  Time since last request: 0.000030 seconds.
  path: Assets/TextMesh Pro/Resources/Fonts & Materials/LiberationSans SDF.asset
  artifactKey: Guid(8f586378b4e144a9851e7b34d9b748ee) Importer(815301076,1909f56bfc062723c751e8b465ee728b)
Start importing Assets/TextMesh Pro/Resources/Fonts & Materials/LiberationSans SDF.asset using Guid(8f586378b4e144a9851e7b34d9b748ee) Importer(815301076,1909f56bfc062723c751e8b465ee728b)  -> (artifact id: '28611efb4a803976a17012665d60ba64') in 0.068928 seconds 
========================================================================
Received Import Request.
  Time since last request: 0.000024 seconds.
  path: Assets/Models/Buildings pack by @Quaternius/Textures/HouseMaterial 4.mat
  artifactKey: Guid(6412bc034c734624cac56ef02a581215) Importer(815301076,1909f56bfc062723c751e8b465ee728b)
Start importing Assets/Models/Buildings pack by @Quaternius/Textures/HouseMaterial 4.mat using Guid(6412bc034c734624cac56ef02a581215) Importer(815301076,1909f56bfc062723c751e8b465ee728b)  -> (artifact id: 'cada7c6428af63fbd2cb133377b51c81') in 0.021013 seconds 
========================================================================
Received Import Request.
  Time since last request: 12.911080 seconds.
  path: Assets/Icons UI/Icons grayscale/2.png
  artifactKey: Guid(fd80b411dd4de334dbde2c0aa8f0015b) Importer(815301076,1909f56bfc062723c751e8b465ee728b)
Start importing Assets/Icons UI/Icons grayscale/2.png using Guid(fd80b411dd4de334dbde2c0aa8f0015b) Importer(815301076,1909f56bfc062723c751e8b465ee728b)  -> (artifact id: '47d1799641e90aaf6832ad57789f55e5') in 0.065572 seconds 
========================================================================
Received Import Request.
  Time since last request: 0.000063 seconds.
  path: Assets/Icons UI/Icons color/8.png
  artifactKey: Guid(5e90de1d9a5f57f40bc1bc36cc86964e) Importer(815301076,1909f56bfc062723c751e8b465ee728b)
Start importing Assets/Icons UI/Icons color/8.png using Guid(5e90de1d9a5f57f40bc1bc36cc86964e) Importer(815301076,1909f56bfc062723c751e8b465ee728b)  -> (artifact id: '7df6758b554b511b8aff94769e44eb29') in 0.056396 seconds 
========================================================================
Received Import Request.
  Time since last request: 0.000028 seconds.
  path: Assets/Icons UI/Icons grayscale/25.png
  artifactKey: Guid(2248c0c8da1f67348b415a1c77f80334) Importer(815301076,1909f56bfc062723c751e8b465ee728b)
Start importing Assets/Icons UI/Icons grayscale/25.png using Guid(2248c0c8da1f67348b415a1c77f80334) Importer(815301076,1909f56bfc062723c751e8b465ee728b)  -> (artifact id: 'cedd04a47f7c0a09ebd5defc3d80e01a') in 0.037060 seconds 
========================================================================
Received Import Request.
  Time since last request: 0.000030 seconds.
  path: Assets/Icons UI/Icons color/9.png
  artifactKey: Guid(a0ba6cbb66a2cd14da348d59e46d9afd) Importer(815301076,1909f56bfc062723c751e8b465ee728b)
Start importing Assets/Icons UI/Icons color/9.png using Guid(a0ba6cbb66a2cd14da348d59e46d9afd) Importer(815301076,1909f56bfc062723c751e8b465ee728b)  -> (artifact id: 'd6248c01e8259e229ed3d6ada354fb6b') in 0.039156 seconds 
========================================================================
Received Import Request.
  Time since last request: 0.000021 seconds.
  path: Assets/Icons UI/Icons grayscale/33.png
  artifactKey: Guid(d4e615d7d5d423b4fa06fd404e24f80b) Importer(815301076,1909f56bfc062723c751e8b465ee728b)
Start importing Assets/Icons UI/Icons grayscale/33.png using Guid(d4e615d7d5d423b4fa06fd404e24f80b) Importer(815301076,1909f56bfc062723c751e8b465ee728b)  -> (artifact id: 'ef54ad115a0236f32f0d24149f8ab17e') in 0.035160 seconds 
========================================================================
Received Import Request.
  Time since last request: 0.000031 seconds.
  path: Assets/Icons UI/Icons grayscale/15.png
  artifactKey: Guid(c17d2f7fe10015e4dbefa55ad6eff2d0) Importer(815301076,1909f56bfc062723c751e8b465ee728b)
Start importing Assets/Icons UI/Icons grayscale/15.png using Guid(c17d2f7fe10015e4dbefa55ad6eff2d0) Importer(815301076,1909f56bfc062723c751e8b465ee728b)  -> (artifact id: 'ccfa4cfc185f5c04424ea3d6212d82fc') in 0.035773 seconds 
========================================================================
Received Import Request.
  Time since last request: 0.000040 seconds.
  path: Assets/Icons UI/Icons grayscale/13.png
  artifactKey: Guid(b2ea68bdabac61a4a9579ad090376892) Importer(815301076,1909f56bfc062723c751e8b465ee728b)
Start importing Assets/Icons UI/Icons grayscale/13.png using Guid(b2ea68bdabac61a4a9579ad090376892) Importer(815301076,1909f56bfc062723c751e8b465ee728b)  -> (artifact id: '32a24713c8ff51973d514492f5ab52f8') in 0.034488 seconds 
========================================================================
Received Import Request.
  Time since last request: 0.000024 seconds.
  path: Assets/Icons UI/Icons color/25.png
  artifactKey: Guid(cd72f0bf85be8614d8aa531a2e5dced4) Importer(815301076,1909f56bfc062723c751e8b465ee728b)
Start importing Assets/Icons UI/Icons color/25.png using Guid(cd72f0bf85be8614d8aa531a2e5dced4) Importer(815301076,1909f56bfc062723c751e8b465ee728b)  -> (artifact id: 'e0949ad4ec3c9c1dbf3ebe5b77dcd684') in 0.033916 seconds 
========================================================================
Received Import Request.
  Time since last request: 0.000029 seconds.
  path: Assets/Icons UI/Icons color/11.png
  artifactKey: Guid(11141941eb6a7614e9d2395eda69175a) Importer(815301076,1909f56bfc062723c751e8b465ee728b)
Start importing Assets/Icons UI/Icons color/11.png using Guid(11141941eb6a7614e9d2395eda69175a) Importer(815301076,1909f56bfc062723c751e8b465ee728b)  -> (artifact id: '8ace33abfe3ebe71e4a54ccc5e6e8e00') in 0.033211 seconds 
========================================================================
Received Import Request.
  Time since last request: 0.000042 seconds.
  path: Assets/Icons UI/Icons grayscale/21.png
  artifactKey: Guid(724686f18d62d8640beea42214a3e367) Importer(815301076,1909f56bfc062723c751e8b465ee728b)
Start importing Assets/Icons UI/Icons grayscale/21.png using Guid(724686f18d62d8640beea42214a3e367) Importer(815301076,1909f56bfc062723c751e8b465ee728b)  -> (artifact id: '9d68ee869f82efe3da9f6eeccdfec1da') in 0.034552 seconds 
========================================================================
Received Import Request.
  Time since last request: 0.000026 seconds.
  path: Assets/Icons UI/Icons color/31.png
  artifactKey: Guid(f40b879729c979f42b161fb6aec5b868) Importer(815301076,1909f56bfc062723c751e8b465ee728b)
Start importing Assets/Icons UI/Icons color/31.png using Guid(f40b879729c979f42b161fb6aec5b868) Importer(815301076,1909f56bfc062723c751e8b465ee728b)  -> (artifact id: 'f195d24f8ae333511a57de740d04dd28') in 0.035716 seconds 
========================================================================
Received Import Request.
  Time since last request: 0.000026 seconds.
  path: Assets/Icons UI/Icons grayscale/3.png
  artifactKey: Guid(00ce93b50278b944f87d22a82c4c5afd) Importer(815301076,1909f56bfc062723c751e8b465ee728b)
Start importing Assets/Icons UI/Icons grayscale/3.png using Guid(00ce93b50278b944f87d22a82c4c5afd) Importer(815301076,1909f56bfc062723c751e8b465ee728b)  -> (artifact id: '9a5c1b63263f90449fc5aa85ea31c696') in 0.031803 seconds 
========================================================================
Received Import Request.
  Time since last request: 0.000030 seconds.
  path: Assets/Icons UI/Icons color/5.png
  artifactKey: Guid(50184b2450c81e14d8b857ab76cb68b6) Importer(815301076,1909f56bfc062723c751e8b465ee728b)
Start importing Assets/Icons UI/Icons color/5.png using Guid(50184b2450c81e14d8b857ab76cb68b6) Importer(815301076,1909f56bfc062723c751e8b465ee728b)  -> (artifact id: '4651da9e86183a69c70c190277e15aca') in 0.035515 seconds 
========================================================================
Received Import Request.
  Time since last request: 0.000033 seconds.
  path: Assets/Icons UI/Icons grayscale/22.png
  artifactKey: Guid(c53e7afa6219caa4094afe5838dbd19d) Importer(815301076,1909f56bfc062723c751e8b465ee728b)
Start importing Assets/Icons UI/Icons grayscale/22.png using Guid(c53e7afa6219caa4094afe5838dbd19d) Importer(815301076,1909f56bfc062723c751e8b465ee728b)  -> (artifact id: '5eae3b353059205d876ec2220adaedd8') in 0.033369 seconds 
========================================================================
Received Import Request.
  Time since last request: 0.000030 seconds.
  path: Assets/Icons UI/Icons grayscale/7.png
  artifactKey: Guid(45a36722f09ffa64f99ad72b45a65d7a) Importer(815301076,1909f56bfc062723c751e8b465ee728b)
Start importing Assets/Icons UI/Icons grayscale/7.png using Guid(45a36722f09ffa64f99ad72b45a65d7a) Importer(815301076,1909f56bfc062723c751e8b465ee728b)  -> (artifact id: 'd352592abc8e13f77ff5f97097cbddd9') in 0.034731 seconds 
========================================================================
Received Import Request.
  Time since last request: 0.000036 seconds.
  path: Assets/Icons UI/Icons grayscale/27.png
  artifactKey: Guid(4a664fcfc87206342ae58d6872bfc8af) Importer(815301076,1909f56bfc062723c751e8b465ee728b)
Start importing Assets/Icons UI/Icons grayscale/27.png using Guid(4a664fcfc87206342ae58d6872bfc8af) Importer(815301076,1909f56bfc062723c751e8b465ee728b)  -> (artifact id: 'eb515e9b24a68084f7546ef0747000b4') in 0.035127 seconds 
========================================================================
Received Import Request.
  Time since last request: 0.000030 seconds.
  path: Assets/Icons UI/Icons color/30.png
  artifactKey: Guid(3f08a934aedd5124ba7337fabe6a5836) Importer(815301076,1909f56bfc062723c751e8b465ee728b)
Start importing Assets/Icons UI/Icons color/30.png using Guid(3f08a934aedd5124ba7337fabe6a5836) Importer(815301076,1909f56bfc062723c751e8b465ee728b)  -> (artifact id: 'd4fa267f86622335807f48fc8e0ed1d2') in 0.034928 seconds 
========================================================================
Received Import Request.
  Time since last request: 0.000030 seconds.
  path: Assets/Icons UI/Icons grayscale/42.png
  artifactKey: Guid(c0f2af62b604eaa4ca1814d137387ee1) Importer(815301076,1909f56bfc062723c751e8b465ee728b)
Start importing Assets/Icons UI/Icons grayscale/42.png using Guid(c0f2af62b604eaa4ca1814d137387ee1) Importer(815301076,1909f56bfc062723c751e8b465ee728b)  -> (artifact id: '1cdc43ec4dbd6e7b79004527758a0858') in 0.038421 seconds 
========================================================================
Received Import Request.
  Time since last request: 0.000028 seconds.
  path: Assets/Icons UI/Icons color/58.png
  artifactKey: Guid(8be7816805b133f4abd2eb613de3e2d0) Importer(815301076,1909f56bfc062723c751e8b465ee728b)
Start importing Assets/Icons UI/Icons color/58.png using Guid(8be7816805b133f4abd2eb613de3e2d0) Importer(815301076,1909f56bfc062723c751e8b465ee728b)  -> (artifact id: '29db82eca3b468edf68a35b6543a03dc') in 0.035825 seconds 
========================================================================
Received Import Request.
  Time since last request: 0.000025 seconds.
  path: Assets/Icons UI/Icons grayscale/34.png
  artifactKey: Guid(dfe2152220b57e04ab82a621dc1b38fa) Importer(815301076,1909f56bfc062723c751e8b465ee728b)
Start importing Assets/Icons UI/Icons grayscale/34.png using Guid(dfe2152220b57e04ab82a621dc1b38fa) Importer(815301076,1909f56bfc062723c751e8b465ee728b)  -> (artifact id: 'f0cc88ce45f2f6873e972df08cd3f95f') in 0.034961 seconds 
========================================================================
Received Import Request.
  Time since last request: 0.000031 seconds.
  path: Assets/Icons UI/Icons grayscale/41.png
  artifactKey: Guid(7fc244e446ef98344a32f2ab4c196116) Importer(815301076,1909f56bfc062723c751e8b465ee728b)
Start importing Assets/Icons UI/Icons grayscale/41.png using Guid(7fc244e446ef98344a32f2ab4c196116) Importer(815301076,1909f56bfc062723c751e8b465ee728b)  -> (artifact id: 'e098ec26c2dc0385f3d9c0718fd09112') in 0.033846 seconds 
========================================================================
Received Import Request.
  Time since last request: 0.000031 seconds.
  path: Assets/Icons UI/Icons color/56.png
  artifactKey: Guid(f92dcc5285e91174c8fc9499dde01c27) Importer(815301076,1909f56bfc062723c751e8b465ee728b)
Start importing Assets/Icons UI/Icons color/56.png using Guid(f92dcc5285e91174c8fc9499dde01c27) Importer(815301076,1909f56bfc062723c751e8b465ee728b)  -> (artifact id: '6bb5f7551d6c3c385d54a37f64de3ff7') in 0.034249 seconds 
========================================================================
Received Import Request.
  Time since last request: 0.000023 seconds.
  path: Assets/Icons UI/Icons grayscale/55.png
  artifactKey: Guid(f174427834c13a2439db93c3a9e8e915) Importer(815301076,1909f56bfc062723c751e8b465ee728b)
Start importing Assets/Icons UI/Icons grayscale/55.png using Guid(f174427834c13a2439db93c3a9e8e915) Importer(815301076,1909f56bfc062723c751e8b465ee728b)  -> (artifact id: '684459bbb5984b279251c2e52a8dd7d0') in 0.037047 seconds 
========================================================================
Received Import Request.
  Time since last request: 0.000031 seconds.
  path: Assets/Icons UI/Icons grayscale/58.png
  artifactKey: Guid(781b5b2eaf6e374408738f1581981d02) Importer(815301076,1909f56bfc062723c751e8b465ee728b)
Start importing Assets/Icons UI/Icons grayscale/58.png using Guid(781b5b2eaf6e374408738f1581981d02) Importer(815301076,1909f56bfc062723c751e8b465ee728b)  -> (artifact id: '7ad7069ae3f42fc74ebb7e9a06c19444') in 0.035038 seconds 
========================================================================
Received Import Request.
  Time since last request: 0.000029 seconds.
  path: Assets/Icons UI/Icons color/68.png
  artifactKey: Guid(dc2571d5217f36346a713d00a0104476) Importer(815301076,1909f56bfc062723c751e8b465ee728b)
Start importing Assets/Icons UI/Icons color/68.png using Guid(dc2571d5217f36346a713d00a0104476) Importer(815301076,1909f56bfc062723c751e8b465ee728b)  -> (artifact id: '6052b91347d4e130d919b33eb6c7846d') in 0.031858 seconds 
========================================================================
Received Import Request.
  Time since last request: 0.000026 seconds.
  path: Assets/resource_default/box_a.png
  artifactKey: Guid(ed3b4c75a68320349a9f4481bab4876c) Importer(815301076,1909f56bfc062723c751e8b465ee728b)
Start importing Assets/resource_default/box_a.png using Guid(ed3b4c75a68320349a9f4481bab4876c) Importer(815301076,1909f56bfc062723c751e8b465ee728b)  -> (artifact id: 'bc6f60af8150d771b427b7697f88547b') in 0.022647 seconds 
========================================================================
Received Import Request.
  Time since last request: 0.000028 seconds.
  path: Assets/Icons UI/Icons color/88.png
  artifactKey: Guid(5e7f573f3709fb341b4be806bbf09e51) Importer(815301076,1909f56bfc062723c751e8b465ee728b)
Start importing Assets/Icons UI/Icons color/88.png using Guid(5e7f573f3709fb341b4be806bbf09e51) Importer(815301076,1909f56bfc062723c751e8b465ee728b)  -> (artifact id: '9318c42c73240e120159f42589c5ac4f') in 0.037563 seconds 
========================================================================
Received Import Request.
  Time since last request: 0.000030 seconds.
  path: Assets/Icons UI/Icons color/83.png
  artifactKey: Guid(1c30c581dd6417b47a91b8863b88800d) Importer(815301076,1909f56bfc062723c751e8b465ee728b)
Start importing Assets/Icons UI/Icons color/83.png using Guid(1c30c581dd6417b47a91b8863b88800d) Importer(815301076,1909f56bfc062723c751e8b465ee728b)  -> (artifact id: 'b3bc969a8c84d5230d3d27e45eae69cf') in 0.035349 seconds 
========================================================================
Received Import Request.
  Time since last request: 0.000032 seconds.
  path: Assets/Icons UI/Icons color/73.png
  artifactKey: Guid(13db01f954d35df48a2d8fdcfab4f541) Importer(815301076,1909f56bfc062723c751e8b465ee728b)
Start importing Assets/Icons UI/Icons color/73.png using Guid(13db01f954d35df48a2d8fdcfab4f541) Importer(815301076,1909f56bfc062723c751e8b465ee728b)  -> (artifact id: '07891febc6938ce9b7ac501a8cad92ce') in 0.036056 seconds 
========================================================================
Received Import Request.
  Time since last request: 0.000027 seconds.
  path: Assets/Icons UI/Icons color/89.png
  artifactKey: Guid(7189073e20b10bf48924dad0b9eb991d) Importer(815301076,1909f56bfc062723c751e8b465ee728b)
Start importing Assets/Icons UI/Icons color/89.png using Guid(7189073e20b10bf48924dad0b9eb991d) Importer(815301076,1909f56bfc062723c751e8b465ee728b)  -> (artifact id: 'ee9bfb6791d12806de62d168c2d40d30') in 0.035568 seconds 
========================================================================
Received Import Request.
  Time since last request: 0.000026 seconds.
  path: Assets/Icons UI/Icons grayscale/83.png
  artifactKey: Guid(db7e929587b740e4db540204a399dcfd) Importer(815301076,1909f56bfc062723c751e8b465ee728b)
Start importing Assets/Icons UI/Icons grayscale/83.png using Guid(db7e929587b740e4db540204a399dcfd) Importer(815301076,1909f56bfc062723c751e8b465ee728b)  -> (artifact id: 'b00481138cec0d434ca20359f43ce12a') in 0.032605 seconds 
========================================================================
Received Import Request.
  Time since last request: 0.000029 seconds.
  path: Assets/Icons UI/Icons grayscale/73.png
  artifactKey: Guid(d84b1b607e03d4a439ad9be1f7752c7c) Importer(815301076,1909f56bfc062723c751e8b465ee728b)
Start importing Assets/Icons UI/Icons grayscale/73.png using Guid(d84b1b607e03d4a439ad9be1f7752c7c) Importer(815301076,1909f56bfc062723c751e8b465ee728b)  -> (artifact id: 'a4b55cfce91645451809a4978e604da8') in 0.032744 seconds 
========================================================================
Received Import Request.
  Time since last request: 0.000029 seconds.
  path: Assets/resource_default/box_a_02.png
  artifactKey: Guid(cdcc1931095dc8544b4ab733bf2b3fde) Importer(815301076,1909f56bfc062723c751e8b465ee728b)
Start importing Assets/resource_default/box_a_02.png using Guid(cdcc1931095dc8544b4ab733bf2b3fde) Importer(815301076,1909f56bfc062723c751e8b465ee728b)  -> (artifact id: '6358d28435d34e21f52d75ce4b476cbd') in 0.025106 seconds 
========================================================================
Received Import Request.
  Time since last request: 0.000051 seconds.
  path: Assets/Icons UI/Icons grayscale/8.png
  artifactKey: Guid(d17f911a37698b249b4094ff8b029ef7) Importer(815301076,1909f56bfc062723c751e8b465ee728b)
Start importing Assets/Icons UI/Icons grayscale/8.png using Guid(d17f911a37698b249b4094ff8b029ef7) Importer(815301076,1909f56bfc062723c751e8b465ee728b)  -> (artifact id: 'f028ee32dad29aee0a26b4bae6e8aefc') in 0.035681 seconds 
========================================================================
Received Import Request.
  Time since last request: 0.000031 seconds.
  path: Assets/resource_default/box_a_01.png
  artifactKey: Guid(f7420318a046742439fc1f7e0fb33dc7) Importer(815301076,1909f56bfc062723c751e8b465ee728b)
Start importing Assets/resource_default/box_a_01.png using Guid(f7420318a046742439fc1f7e0fb33dc7) Importer(815301076,1909f56bfc062723c751e8b465ee728b)  -> (artifact id: '70d8277517c79c1593086e2988efd594') in 0.022610 seconds 
========================================================================
Received Import Request.
  Time since last request: 0.000043 seconds.
  path: Assets/Icons UI/Icons color/51.png
  artifactKey: Guid(7c2dfef117adc1544906324dce0868fe) Importer(815301076,1909f56bfc062723c751e8b465ee728b)
Start importing Assets/Icons UI/Icons color/51.png using Guid(7c2dfef117adc1544906324dce0868fe) Importer(815301076,1909f56bfc062723c751e8b465ee728b)  -> (artifact id: '0bdffb2a851fdd126048d3788f43e386') in 0.033467 seconds 
========================================================================
Received Import Request.
  Time since last request: 0.000028 seconds.
  path: Assets/Icons UI/Icons color/50.png
  artifactKey: Guid(81884344b6028f74e95114e5a8ae0b83) Importer(815301076,1909f56bfc062723c751e8b465ee728b)
Start importing Assets/Icons UI/Icons color/50.png using Guid(81884344b6028f74e95114e5a8ae0b83) Importer(815301076,1909f56bfc062723c751e8b465ee728b)  -> (artifact id: '5bef215c0afd0a1f958f2a816a1cc07e') in 0.034965 seconds 
========================================================================
Received Import Request.
  Time since last request: 0.000036 seconds.
  path: Assets/Icons UI/Icons grayscale/91.png
  artifactKey: Guid(c20b312f89e142b44894fb44b27dabb9) Importer(815301076,1909f56bfc062723c751e8b465ee728b)
Start importing Assets/Icons UI/Icons grayscale/91.png using Guid(c20b312f89e142b44894fb44b27dabb9) Importer(815301076,1909f56bfc062723c751e8b465ee728b)  -> (artifact id: 'ebfa39949c37eeba891e4f8b228dc75c') in 0.032699 seconds 
========================================================================
Received Import Request.
  Time since last request: 0.000036 seconds.
  path: Assets/Models/Buildings pack by @Quaternius/Textures/HouseTexture4.png
  artifactKey: Guid(8c7bdfc8650e6c545bd2e81bc23a919d) Importer(815301076,1909f56bfc062723c751e8b465ee728b)
Start importing Assets/Models/Buildings pack by @Quaternius/Textures/HouseTexture4.png using Guid(8c7bdfc8650e6c545bd2e81bc23a919d) Importer(815301076,1909f56bfc062723c751e8b465ee728b)  -> (artifact id: '868c2d945a54cb29c543943c5509f197') in 0.013385 seconds 
========================================================================
Received Import Request.
  Time since last request: 0.000071 seconds.
  path: Assets/Models/Basic Car Pack - Jan 2017/FBX/TaxiTexture.png
  artifactKey: Guid(8516ff05aa1704a47a57435930df653c) Importer(815301076,1909f56bfc062723c751e8b465ee728b)
Start importing Assets/Models/Basic Car Pack - Jan 2017/FBX/TaxiTexture.png using Guid(8516ff05aa1704a47a57435930df653c) Importer(815301076,1909f56bfc062723c751e8b465ee728b)  -> (artifact id: 'e3bf971dc2c29d6f4b881bea697647b6') in 0.013155 seconds 
========================================================================
Received Import Request.
  Time since last request: 0.000034 seconds.
  path: Assets/Models/Basic Car Pack - Jan 2017/FBX/RaceCarTexture.png
  artifactKey: Guid(97e641351e91a3944bcebc0d5c4fb4ad) Importer(815301076,1909f56bfc062723c751e8b465ee728b)
Start importing Assets/Models/Basic Car Pack - Jan 2017/FBX/RaceCarTexture.png using Guid(97e641351e91a3944bcebc0d5c4fb4ad) Importer(815301076,1909f56bfc062723c751e8b465ee728b)  -> (artifact id: 'f1027c5151cfe22ed0c457b96a078cf2') in 0.011765 seconds 
========================================================================
Received Import Request.
  Time since last request: 0.000037 seconds.
  path: Assets/resource_default/innerbox_a.png
  artifactKey: Guid(d987d57fd92b64048bbfeee60e636663) Importer(815301076,1909f56bfc062723c751e8b465ee728b)
Start importing Assets/resource_default/innerbox_a.png using Guid(d987d57fd92b64048bbfeee60e636663) Importer(815301076,1909f56bfc062723c751e8b465ee728b)  -> (artifact id: 'a93567caae3190fa7a85bdfe9f95c49d') in 0.024046 seconds 
========================================================================
Received Import Request.
  Time since last request: 0.000040 seconds.
  path: Assets/TutorialInfo/Icons/URP.png
  artifactKey: Guid(727a75301c3d24613a3ebcec4a24c2c8) Importer(815301076,1909f56bfc062723c751e8b465ee728b)
Start importing Assets/TutorialInfo/Icons/URP.png using Guid(727a75301c3d24613a3ebcec4a24c2c8) Importer(815301076,1909f56bfc062723c751e8b465ee728b)  -> (artifact id: 'de6ef6885288663dca674f6404c835fa') in 0.013267 seconds 
========================================================================
Received Import Request.
  Time since last request: 0.000055 seconds.
  path: Assets/resource_default/box_b_01.png
  artifactKey: Guid(a4b88956494e64a4a896b1e2e09d76aa) Importer(815301076,1909f56bfc062723c751e8b465ee728b)
Start importing Assets/resource_default/box_b_01.png using Guid(a4b88956494e64a4a896b1e2e09d76aa) Importer(815301076,1909f56bfc062723c751e8b465ee728b)  -> (artifact id: 'e2685fdc3f446dc9beec6f4c01a5f8c6') in 0.022991 seconds 
========================================================================
Received Import Request.
  Time since last request: 0.000051 seconds.
  path: Assets/resource_default/gage_a_empty.png
  artifactKey: Guid(2a7229b8854f44e468f330c2cfe50c8d) Importer(815301076,1909f56bfc062723c751e8b465ee728b)
Start importing Assets/resource_default/gage_a_empty.png using Guid(2a7229b8854f44e468f330c2cfe50c8d) Importer(815301076,1909f56bfc062723c751e8b465ee728b)  -> (artifact id: 'b2544efadff1d6142857401e3a1540a8') in 0.032140 seconds 
========================================================================
Received Import Request.
  Time since last request: 0.000031 seconds.
  path: Assets/Models/Buildings pack by @Quaternius/Textures/Shop.png
  artifactKey: Guid(1b5222cef6eabb946b75df8c0a30e322) Importer(815301076,1909f56bfc062723c751e8b465ee728b)
Start importing Assets/Models/Buildings pack by @Quaternius/Textures/Shop.png using Guid(1b5222cef6eabb946b75df8c0a30e322) Importer(815301076,1909f56bfc062723c751e8b465ee728b)  -> (artifact id: '685afd223e5a4956e6aaa9203bb1a221') in 0.012889 seconds 
========================================================================
Received Import Request.
  Time since last request: 0.000036 seconds.
  path: Assets/Models/Buildings pack by @Quaternius/Textures/Hotel.png
  artifactKey: Guid(9abfc9b19e3fa8f49808ec96745be989) Importer(815301076,1909f56bfc062723c751e8b465ee728b)
Start importing Assets/Models/Buildings pack by @Quaternius/Textures/Hotel.png using Guid(9abfc9b19e3fa8f49808ec96745be989) Importer(815301076,1909f56bfc062723c751e8b465ee728b)  -> (artifact id: '7965a0da5d982265d3c399d757ec0501') in 0.018687 seconds 
========================================================================
Received Import Request.
  Time since last request: 0.000041 seconds.
  path: Assets/resource_default/innerbox_a_btn.png
  artifactKey: Guid(4dc79b73247092e4ab1b277f39e3f809) Importer(815301076,1909f56bfc062723c751e8b465ee728b)
Start importing Assets/resource_default/innerbox_a_btn.png using Guid(4dc79b73247092e4ab1b277f39e3f809) Importer(815301076,1909f56bfc062723c751e8b465ee728b)  -> (artifact id: 'da7aa20a563059017f1a849aacfc9e0c') in 0.021816 seconds 
========================================================================
Received Import Request.
  Time since last request: 0.000031 seconds.
  path: Assets/resource_default/gage_b_fill03.png
  artifactKey: Guid(52351609d8e630847acd8fd9a9c40c89) Importer(815301076,1909f56bfc062723c751e8b465ee728b)
Start importing Assets/resource_default/gage_b_fill03.png using Guid(52351609d8e630847acd8fd9a9c40c89) Importer(815301076,1909f56bfc062723c751e8b465ee728b)  -> (artifact id: '583bd0537d5eea92f3de596cb9d4f194') in 0.022325 seconds 
========================================================================
Received Import Request.
  Time since last request: 0.000032 seconds.
  path: Assets/resource_default/gage_b_fill05.png
  artifactKey: Guid(5f800e8c23f52d9439d7929cf06cd922) Importer(815301076,1909f56bfc062723c751e8b465ee728b)
Start importing Assets/resource_default/gage_b_fill05.png using Guid(5f800e8c23f52d9439d7929cf06cd922) Importer(815301076,1909f56bfc062723c751e8b465ee728b)  -> (artifact id: 'f265e767241a011d250bc792a147da25') in 0.022979 seconds 
========================================================================
Received Import Request.
  Time since last request: 0.000040 seconds.
  path: Assets/resource_default/btn_a_red.png
  artifactKey: Guid(74976faeb568f074d9f1a4df7ca78d18) Importer(815301076,1909f56bfc062723c751e8b465ee728b)
Start importing Assets/resource_default/btn_a_red.png using Guid(74976faeb568f074d9f1a4df7ca78d18) Importer(815301076,1909f56bfc062723c751e8b465ee728b)  -> (artifact id: 'f026441046a084092aa8ed662f582ef7') in 0.027101 seconds 
========================================================================
Received Import Request.
  Time since last request: 0.000027 seconds.
  path: Assets/Icons UI/Icons grayscale/53.png
  artifactKey: Guid(88b302b72fbf710408c4472ee69bdcd7) Importer(815301076,1909f56bfc062723c751e8b465ee728b)
Start importing Assets/Icons UI/Icons grayscale/53.png using Guid(88b302b72fbf710408c4472ee69bdcd7) Importer(815301076,1909f56bfc062723c751e8b465ee728b)  -> (artifact id: '99a92288cb8067c19e9593b16d8e1f8b') in 0.032713 seconds 
========================================================================
Received Import Request.
  Time since last request: 0.000047 seconds.
  path: Assets/resource_default/gage_b_empty.png
  artifactKey: Guid(f6c1dea84b7a31e4b81d0f719c477e2e) Importer(815301076,1909f56bfc062723c751e8b465ee728b)
Start importing Assets/resource_default/gage_b_empty.png using Guid(f6c1dea84b7a31e4b81d0f719c477e2e) Importer(815301076,1909f56bfc062723c751e8b465ee728b)  -> (artifact id: 'a7b068622e35d99abe2d20a5d74d907f') in 0.022699 seconds 
========================================================================
Received Import Request.
  Time since last request: 0.000025 seconds.
  path: Assets/Icons UI/Icons grayscale/61.png
  artifactKey: Guid(5f0f01fa4cc01cd42ad4b2b79f608832) Importer(815301076,1909f56bfc062723c751e8b465ee728b)
Start importing Assets/Icons UI/Icons grayscale/61.png using Guid(5f0f01fa4cc01cd42ad4b2b79f608832) Importer(815301076,1909f56bfc062723c751e8b465ee728b)  -> (artifact id: '1b1ffda13d843e4184231300de841975') in 0.032045 seconds 
========================================================================
Received Import Request.
  Time since last request: 0.000034 seconds.
  path: Assets/Icons UI/Icons grayscale/81.png
  artifactKey: Guid(82f10e0818072734bb8c9aa867f9f723) Importer(815301076,1909f56bfc062723c751e8b465ee728b)
Start importing Assets/Icons UI/Icons grayscale/81.png using Guid(82f10e0818072734bb8c9aa867f9f723) Importer(815301076,1909f56bfc062723c751e8b465ee728b)  -> (artifact id: 'c484bbc05cbd6223ba566baddb925d57') in 0.035429 seconds 
========================================================================
Received Import Request.
  Time since last request: 0.000030 seconds.
  path: Assets/resource_default/box_c_04.png
  artifactKey: Guid(03262c876f6187b4f91fe5239e698673) Importer(815301076,1909f56bfc062723c751e8b465ee728b)
Start importing Assets/resource_default/box_c_04.png using Guid(03262c876f6187b4f91fe5239e698673) Importer(815301076,1909f56bfc062723c751e8b465ee728b)  -> (artifact id: '22a29854df62dfe1bca7636d1d9d83fd') in 0.021574 seconds 
========================================================================
Received Import Request.
  Time since last request: 0.000029 seconds.
  path: Assets/Icons UI/Icons grayscale/36.png
  artifactKey: Guid(e029dae330652574b90e47b3061efc8f) Importer(815301076,1909f56bfc062723c751e8b465ee728b)
Start importing Assets/Icons UI/Icons grayscale/36.png using Guid(e029dae330652574b90e47b3061efc8f) Importer(815301076,1909f56bfc062723c751e8b465ee728b)  -> (artifact id: '5dac5765fbe18afefdf5da3dde1e80e6') in 0.032838 seconds 
========================================================================
Received Import Request.
  Time since last request: 0.000029 seconds.
  path: Assets/Icons UI/Icons color/72.png
  artifactKey: Guid(37d5502299981d44b800c06ea6676fbe) Importer(815301076,1909f56bfc062723c751e8b465ee728b)
Start importing Assets/Icons UI/Icons color/72.png using Guid(37d5502299981d44b800c06ea6676fbe) Importer(815301076,1909f56bfc062723c751e8b465ee728b)  -> (artifact id: '2f4fb22d96d685958e0fe14d1f08f8b8') in 0.030668 seconds 
========================================================================
Received Import Request.
  Time since last request: 0.000034 seconds.
  path: Assets/Icons UI/Icons color/76.png
  artifactKey: Guid(83327780e26094844a8e18ee641c4b0f) Importer(815301076,1909f56bfc062723c751e8b465ee728b)
Start importing Assets/Icons UI/Icons color/76.png using Guid(83327780e26094844a8e18ee641c4b0f) Importer(815301076,1909f56bfc062723c751e8b465ee728b)  -> (artifact id: 'b1320c0ae6c88698eac16255e976d47c') in 0.030414 seconds 
========================================================================
Received Import Request.
  Time since last request: 0.000024 seconds.
  path: Assets/Icons UI/Icons grayscale/56.png
  artifactKey: Guid(ebc505c3bf46d9948aaa2464e382030b) Importer(815301076,1909f56bfc062723c751e8b465ee728b)
Start importing Assets/Icons UI/Icons grayscale/56.png using Guid(ebc505c3bf46d9948aaa2464e382030b) Importer(815301076,1909f56bfc062723c751e8b465ee728b)  -> (artifact id: 'e1dd50cd966332a3ca30ba4b1f3a81bd') in 0.030964 seconds 
========================================================================
Received Import Request.
  Time since last request: 0.000028 seconds.
  path: Assets/Icons UI/Icons grayscale/50.png
  artifactKey: Guid(3b49ea01cbf595644ad854c023666fc5) Importer(815301076,1909f56bfc062723c751e8b465ee728b)
Start importing Assets/Icons UI/Icons grayscale/50.png using Guid(3b49ea01cbf595644ad854c023666fc5) Importer(815301076,1909f56bfc062723c751e8b465ee728b)  -> (artifact id: 'fdcc367bc7f849f3a95f31eb874b20fd') in 0.031292 seconds 
========================================================================
Received Import Request.
  Time since last request: 0.000030 seconds.
  path: Assets/Icons UI/Icons color/71.png
  artifactKey: Guid(2179029308028854b9ec1f81423301f9) Importer(815301076,1909f56bfc062723c751e8b465ee728b)
Start importing Assets/Icons UI/Icons color/71.png using Guid(2179029308028854b9ec1f81423301f9) Importer(815301076,1909f56bfc062723c751e8b465ee728b)  -> (artifact id: '062ab1b7872d3b104621990ad548724f') in 0.032552 seconds 
========================================================================
Received Import Request.
  Time since last request: 0.000029 seconds.
  path: Assets/Models/Basic Car Pack - Jan 2017/FBX/CarTexture.png
  artifactKey: Guid(1f2660c48778ccf47992be64c1fe3d5a) Importer(815301076,1909f56bfc062723c751e8b465ee728b)
Start importing Assets/Models/Basic Car Pack - Jan 2017/FBX/CarTexture.png using Guid(1f2660c48778ccf47992be64c1fe3d5a) Importer(815301076,1909f56bfc062723c751e8b465ee728b)  -> (artifact id: 'd33a5cb59f7c6e3dee4ef984b3ab8ceb') in 0.010848 seconds 
========================================================================
Received Import Request.
  Time since last request: 0.000033 seconds.
  path: Assets/Icons UI/Icons grayscale/69.png
  artifactKey: Guid(45ecac65fe83d3340b153a6e37a0a18a) Importer(815301076,1909f56bfc062723c751e8b465ee728b)
Start importing Assets/Icons UI/Icons grayscale/69.png using Guid(45ecac65fe83d3340b153a6e37a0a18a) Importer(815301076,1909f56bfc062723c751e8b465ee728b)  -> (artifact id: '4abfce57178994cec3bccb2e28ce459f') in 0.032821 seconds 
========================================================================
Received Import Request.
  Time since last request: 0.000031 seconds.
  path: Assets/Icons UI/Icons grayscale/80.png
  artifactKey: Guid(dd4d0bc2bbd126e40a2601a689f7266c) Importer(815301076,1909f56bfc062723c751e8b465ee728b)
Start importing Assets/Icons UI/Icons grayscale/80.png using Guid(dd4d0bc2bbd126e40a2601a689f7266c) Importer(815301076,1909f56bfc062723c751e8b465ee728b)  -> (artifact id: 'ed747f8c0daf787917fe72ea30011e9a') in 0.032141 seconds 
========================================================================
Received Import Request.
  Time since last request: 0.000025 seconds.
  path: Assets/Icons UI/Icons color/65.png
  artifactKey: Guid(7673092bd620de343b298e563159e9ae) Importer(815301076,1909f56bfc062723c751e8b465ee728b)
Start importing Assets/Icons UI/Icons color/65.png using Guid(7673092bd620de343b298e563159e9ae) Importer(815301076,1909f56bfc062723c751e8b465ee728b)  -> (artifact id: '1afb7686480d1dc970c15b8c6b25bdf7') in 0.031403 seconds 
========================================================================
Received Import Request.
  Time since last request: 0.000023 seconds.
  path: Assets/Icons UI/Icons color/82.png
  artifactKey: Guid(7dcc65e05ef3ec743bba94706b43f5df) Importer(815301076,1909f56bfc062723c751e8b465ee728b)
Start importing Assets/Icons UI/Icons color/82.png using Guid(7dcc65e05ef3ec743bba94706b43f5df) Importer(815301076,1909f56bfc062723c751e8b465ee728b)  -> (artifact id: '0a53e54fe87df3a4dbb4f053ecf4e9cd') in 0.033448 seconds 
========================================================================
Received Import Request.
  Time since last request: 0.000027 seconds.
  path: Assets/Icons UI/Icons grayscale/90.png
  artifactKey: Guid(101a917577a0c0a4c8d9e698ab0ded61) Importer(815301076,1909f56bfc062723c751e8b465ee728b)
Start importing Assets/Icons UI/Icons grayscale/90.png using Guid(101a917577a0c0a4c8d9e698ab0ded61) Importer(815301076,1909f56bfc062723c751e8b465ee728b)  -> (artifact id: '2caf3896712a83939cf45321b904f053') in 0.030592 seconds 
========================================================================
Received Import Request.
  Time since last request: 0.000035 seconds.
  path: Assets/Icons UI/Icons grayscale/37.png
  artifactKey: Guid(e830630d4d3be6b45adeffdc5d408794) Importer(815301076,1909f56bfc062723c751e8b465ee728b)
Start importing Assets/Icons UI/Icons grayscale/37.png using Guid(e830630d4d3be6b45adeffdc5d408794) Importer(815301076,1909f56bfc062723c751e8b465ee728b)  -> (artifact id: '926d0525c08bb41c6e1852029844b4a6') in 0.029660 seconds 
========================================================================
Received Import Request.
  Time since last request: 37.263765 seconds.
  path: Packages/com.unity.probuilder/Content/Resources/Materials/EdgePickerHDRP.mat
  artifactKey: Guid(980c24c5a501a9a429356d191ad356a9) Importer(815301076,1909f56bfc062723c751e8b465ee728b)
Start importing Packages/com.unity.probuilder/Content/Resources/Materials/EdgePickerHDRP.mat using Guid(980c24c5a501a9a429356d191ad356a9) Importer(815301076,1909f56bfc062723c751e8b465ee728b)  -> (artifact id: '0bc1eefaec9e8bcc08d481c6b8d1bd61') in 0.022018 seconds 
========================================================================
Received Import Request.
  Time since last request: 0.000032 seconds.
  path: Packages/com.unity.probuilder/Content/Resources/Materials/ProBuilderDefault.mat
  artifactKey: Guid(c22777d6e868e4f2fb421913386b154e) Importer(815301076,1909f56bfc062723c751e8b465ee728b)
Start importing Packages/com.unity.probuilder/Content/Resources/Materials/ProBuilderDefault.mat using Guid(c22777d6e868e4f2fb421913386b154e) Importer(815301076,1909f56bfc062723c751e8b465ee728b)  -> (artifact id: 'f2cbf9ab0174851b5ade06116f321cb7') in 0.051502 seconds 
========================================================================
Received Import Request.
  Time since last request: 0.000033 seconds.
  path: Packages/com.unity.probuilder/Content/Resources/Materials/NoDraw.mat
  artifactKey: Guid(8cb4d6fee77fd4ee6895f08b240d625f) Importer(815301076,1909f56bfc062723c751e8b465ee728b)
Start importing Packages/com.unity.probuilder/Content/Resources/Materials/NoDraw.mat using Guid(8cb4d6fee77fd4ee6895f08b240d625f) Importer(815301076,1909f56bfc062723c751e8b465ee728b)  -> (artifact id: '15eb287bef8acbae21a4f425d04d3095') in 0.070794 seconds 
========================================================================
Received Import Request.
  Time since last request: 0.000034 seconds.
  path: Packages/com.unity.probuilder/Content/Resources/Materials/VertexPickerHDRP.mat
  artifactKey: Guid(7d5c9fc287a2aa945a98203d41282923) Importer(815301076,1909f56bfc062723c751e8b465ee728b)
Start importing Packages/com.unity.probuilder/Content/Resources/Materials/VertexPickerHDRP.mat using Guid(7d5c9fc287a2aa945a98203d41282923) Importer(815301076,1909f56bfc062723c751e8b465ee728b)  -> (artifact id: '1343a96dfa79efe3b517a6cf70ae8c85') in 0.054949 seconds 
Editor requested this worker to shutdown with reason: Scaling down because of idle timeout
AssetImportWorker is now disconnected from the server
Process exiting
Exiting without the bug reporter. Application will terminate with return code 0